[2025-05-25 11:18:49.519] [DEBUG] 11:18:49 508 init ffmpeg lib ok  version: 4.2.1 (..\..\..\..\ffmpeg\ffmpeg.cpp:54)
[2025-05-25 11:18:52.287] [DEBUG] Application started. (..\..\..\..\mainwindow.cpp:18)
[2025-05-25 11:18:54.187] [WARNING] QMetaObject::connectSlotsByName: No matching signal for on_pushButton_transfor_clicked() (kernel\qobject.cpp:3695)
[2025-05-25 11:18:54.190] [WARNING] QMetaObject::connectSlotsByName: No matching signal for on_pushButton_transforToMono_clicked() (kernel\qobject.cpp:3695)
[2025-05-25 11:18:54.310] [DEBUG] 1621 854 (..\..\..\..\mainwindow.cpp:71)
[2025-05-25 11:20:01.551] [DEBUG] 信息录入完成! (..\..\..\..\mainwindow.cpp:255)
[2025-05-25 11:25:58.945] [DEBUG] 11:25:58 943 init ffmpeg lib ok  version: 4.2.1 (..\..\ffmpeg\ffmpeg.cpp:54)
[2025-05-25 11:25:59.612] [DEBUG] Application started. (..\..\mainwindow.cpp:18)
[2025-05-25 11:26:00.446] [WARNING] QMetaObject::connectSlotsByName: No matching signal for on_pushButton_transfor_clicked() (kernel\qobject.cpp:3695)
[2025-05-25 11:26:00.448] [WARNING] QMetaObject::connectSlotsByName: No matching signal for on_pushButton_transforToMono_clicked() (kernel\qobject.cpp:3695)
[2025-05-25 11:26:00.545] [DEBUG] 1621 854 (..\..\mainwindow.cpp:71)
[2025-05-25 11:31:41.541] [DEBUG] 11:31:41 539 init ffmpeg lib ok  version: 4.2.1 (..\..\ffmpeg\ffmpeg.cpp:54)
[2025-05-25 11:31:42.209] [DEBUG] Application started. (..\..\mainwindow.cpp:18)
[2025-05-25 11:31:43.093] [DEBUG] 11:31:43 092 init ffmpeg lib ok  version: 4.2.1 (..\..\ffmpeg\ffmpeg.cpp:54)
[2025-05-25 11:31:43.754] [DEBUG] Application started. (..\..\mainwindow.cpp:18)
[2025-05-25 11:31:44.591] [WARNING] QMetaObject::connectSlotsByName: No matching signal for on_pushButton_transfor_clicked() (kernel\qobject.cpp:3695)
[2025-05-25 11:31:44.593] [WARNING] QMetaObject::connectSlotsByName: No matching signal for on_pushButton_transforToMono_clicked() (kernel\qobject.cpp:3695)
[2025-05-25 11:31:44.698] [DEBUG] 1621 854 (..\..\mainwindow.cpp:71)
[2025-05-25 11:32:37.593] [DEBUG] 11:32:37 591 init ffmpeg lib ok  version: 4.2.1 (..\..\ffmpeg\ffmpeg.cpp:54)
[2025-05-25 11:32:38.196] [DEBUG] Application started. (..\..\mainwindow.cpp:18)
[2025-05-25 11:32:39.000] [WARNING] QMetaObject::connectSlotsByName: No matching signal for on_pushButton_transfor_clicked() (kernel\qobject.cpp:3695)
[2025-05-25 11:32:39.002] [WARNING] QMetaObject::connectSlotsByName: No matching signal for on_pushButton_transforToMono_clicked() (kernel\qobject.cpp:3695)
[2025-05-25 11:32:39.101] [DEBUG] 1621 854 (..\..\mainwindow.cpp:71)
[2025-05-25 11:32:44.307] [DEBUG] 11:32:44 306 init ffmpeg lib ok  version: 4.2.1 (..\..\ffmpeg\ffmpeg.cpp:54)
[2025-05-25 11:32:44.894] [DEBUG] Application started. (..\..\mainwindow.cpp:18)
[2025-05-25 11:32:45.691] [WARNING] QMetaObject::connectSlotsByName: No matching signal for on_pushButton_transfor_clicked() (kernel\qobject.cpp:3695)
[2025-05-25 11:32:45.693] [WARNING] QMetaObject::connectSlotsByName: No matching signal for on_pushButton_transforToMono_clicked() (kernel\qobject.cpp:3695)
[2025-05-25 11:32:45.797] [DEBUG] 1621 854 (..\..\mainwindow.cpp:71)
[2025-05-25 11:43:46.644] [DEBUG] 信息录入完成! (..\..\mainwindow.cpp:255)
[2025-05-25 19:17:40.904] [DEBUG] 19:17:40 902 init ffmpeg lib ok  version: 4.2.1 (..\..\ffmpeg\ffmpeg.cpp:54)
[2025-05-25 19:17:42.858] [DEBUG] Application started. (..\..\mainwindow.cpp:18)
[2025-05-25 19:17:46.016] [WARNING] QMetaObject::connectSlotsByName: No matching signal for on_pushButton_transfor_clicked() (kernel\qobject.cpp:3695)
[2025-05-25 19:17:46.020] [WARNING] QMetaObject::connectSlotsByName: No matching signal for on_pushButton_transforToMono_clicked() (kernel\qobject.cpp:3695)
[2025-05-25 19:17:46.156] [DEBUG] 1621 854 (..\..\mainwindow.cpp:71)
[2025-05-25 19:19:09.919] [DEBUG] 19:19:09 917 init ffmpeg lib ok  version: 4.2.1 (..\..\ffmpeg\ffmpeg.cpp:54)
[2025-05-25 19:19:10.667] [DEBUG] Application started. (..\..\mainwindow.cpp:18)
[2025-05-25 19:19:11.613] [WARNING] QMetaObject::connectSlotsByName: No matching signal for on_pushButton_transfor_clicked() (kernel\qobject.cpp:3695)
[2025-05-25 19:19:11.615] [WARNING] QMetaObject::connectSlotsByName: No matching signal for on_pushButton_transforToMono_clicked() (kernel\qobject.cpp:3695)
[2025-05-25 19:19:11.725] [DEBUG] 1621 854 (..\..\mainwindow.cpp:71)
[2025-05-25 19:19:53.712] [DEBUG] 19:19:53 711 init ffmpeg lib ok  version: 4.2.1 (..\..\ffmpeg\ffmpeg.cpp:54)
[2025-05-25 19:19:54.333] [DEBUG] Application started. (..\..\mainwindow.cpp:18)
[2025-05-25 19:19:55.275] [WARNING] QMetaObject::connectSlotsByName: No matching signal for on_pushButton_transfor_clicked() (kernel\qobject.cpp:3695)
[2025-05-25 19:19:55.278] [WARNING] QMetaObject::connectSlotsByName: No matching signal for on_pushButton_transforToMono_clicked() (kernel\qobject.cpp:3695)
[2025-05-25 19:19:55.393] [DEBUG] 1621 854 (..\..\mainwindow.cpp:71)
[2025-05-25 19:21:25.980] [DEBUG] 19:21:25 979 init ffmpeg lib ok  version: 4.2.1 (..\..\ffmpeg\ffmpeg.cpp:54)
[2025-05-25 19:21:26.521] [DEBUG] Application started. (..\..\mainwindow.cpp:18)
[2025-05-25 19:21:27.279] [WARNING] QMetaObject::connectSlotsByName: No matching signal for on_pushButton_transfor_clicked() (kernel\qobject.cpp:3695)
[2025-05-25 19:21:27.282] [WARNING] QMetaObject::connectSlotsByName: No matching signal for on_pushButton_transforToMono_clicked() (kernel\qobject.cpp:3695)
[2025-05-25 19:21:27.396] [DEBUG] 1621 854 (..\..\mainwindow.cpp:71)
[2025-05-25 19:23:18.431] [DEBUG] 19:23:18 429 init ffmpeg lib ok  version: 4.2.1 (..\..\ffmpeg\ffmpeg.cpp:54)
[2025-05-25 19:23:19.129] [DEBUG] Application started. (..\..\mainwindow.cpp:18)
[2025-05-25 19:23:20.302] [WARNING] QMetaObject::connectSlotsByName: No matching signal for on_pushButton_transfor_clicked() (kernel\qobject.cpp:3695)
[2025-05-25 19:23:20.305] [WARNING] QMetaObject::connectSlotsByName: No matching signal for on_pushButton_transforToMono_clicked() (kernel\qobject.cpp:3695)
[2025-05-25 19:23:20.413] [DEBUG] 1621 854 (..\..\mainwindow.cpp:71)
[2025-05-25 19:25:53.845] [DEBUG] 19:25:53 843 init ffmpeg lib ok  version: 4.2.1 (..\..\ffmpeg\ffmpeg.cpp:54)
[2025-05-25 19:25:54.512] [DEBUG] Application started. (..\..\mainwindow.cpp:18)
[2025-05-25 19:25:55.419] [WARNING] QMetaObject::connectSlotsByName: No matching signal for on_pushButton_transfor_clicked() (kernel\qobject.cpp:3695)
[2025-05-25 19:25:55.421] [WARNING] QMetaObject::connectSlotsByName: No matching signal for on_pushButton_transforToMono_clicked() (kernel\qobject.cpp:3695)
[2025-05-25 19:25:55.525] [DEBUG] 1621 854 (..\..\mainwindow.cpp:71)
[2025-05-25 19:37:47.276] [DEBUG] 19:37:47 275 init ffmpeg lib ok  version: 4.2.1 (..\..\ffmpeg\ffmpeg.cpp:54)
[2025-05-25 19:37:48.203] [DEBUG] Application started. (..\..\mainwindow.cpp:18)
[2025-05-25 19:37:48.953] [WARNING] QMetaObject::connectSlotsByName: No matching signal for on_pushButton_transfor_clicked() (kernel\qobject.cpp:3695)
[2025-05-25 19:37:48.955] [WARNING] QMetaObject::connectSlotsByName: No matching signal for on_pushButton_transforToMono_clicked() (kernel\qobject.cpp:3695)
[2025-05-25 19:37:49.055] [DEBUG] 1621 854 (..\..\mainwindow.cpp:71)
[2025-05-25 19:37:49.088] [INFO] 数据库成功连接! (..\..\mainwindow.cpp:115)
[2025-05-25 19:38:10.033] [DEBUG] 19:38:10 032 init ffmpeg lib ok  version: 4.2.1 (..\..\ffmpeg\ffmpeg.cpp:54)
[2025-05-25 19:38:10.494] [DEBUG] Application started. (..\..\mainwindow.cpp:18)
[2025-05-25 19:38:11.208] [WARNING] QMetaObject::connectSlotsByName: No matching signal for on_pushButton_transfor_clicked() (kernel\qobject.cpp:3695)
[2025-05-25 19:38:11.210] [WARNING] QMetaObject::connectSlotsByName: No matching signal for on_pushButton_transforToMono_clicked() (kernel\qobject.cpp:3695)
[2025-05-25 19:38:11.332] [DEBUG] 1621 854 (..\..\mainwindow.cpp:71)
[2025-05-25 19:38:11.343] [INFO] 数据库成功连接! (..\..\mainwindow.cpp:115)
[2025-05-25 19:38:49.368] [DEBUG] 19:38:49 367 init ffmpeg lib ok  version: 4.2.1 (..\..\ffmpeg\ffmpeg.cpp:54)
[2025-05-25 19:38:49.862] [DEBUG] Application started. (..\..\mainwindow.cpp:18)
[2025-05-25 19:38:50.537] [WARNING] QMetaObject::connectSlotsByName: No matching signal for on_pushButton_transfor_clicked() (kernel\qobject.cpp:3695)
[2025-05-25 19:38:50.539] [WARNING] QMetaObject::connectSlotsByName: No matching signal for on_pushButton_transforToMono_clicked() (kernel\qobject.cpp:3695)
[2025-05-25 19:38:50.634] [DEBUG] 1621 854 (..\..\mainwindow.cpp:71)
[2025-05-25 19:38:50.640] [INFO] 数据库成功连接! (..\..\mainwindow.cpp:115)
[2025-05-25 19:39:28.029] [DEBUG] 19:39:28 028 init ffmpeg lib ok  version: 4.2.1 (..\..\ffmpeg\ffmpeg.cpp:54)
[2025-05-25 19:39:28.485] [DEBUG] Application started. (..\..\mainwindow.cpp:18)
[2025-05-25 19:39:29.182] [WARNING] QMetaObject::connectSlotsByName: No matching signal for on_pushButton_transfor_clicked() (kernel\qobject.cpp:3695)
[2025-05-25 19:39:29.184] [WARNING] QMetaObject::connectSlotsByName: No matching signal for on_pushButton_transforToMono_clicked() (kernel\qobject.cpp:3695)
[2025-05-25 19:39:29.282] [DEBUG] 1621 854 (..\..\mainwindow.cpp:71)
[2025-05-25 19:39:29.288] [INFO] 数据库成功连接! (..\..\mainwindow.cpp:115)
[2025-05-25 19:40:43.266] [INFO] 信息录入完成! (..\..\mainwindow.cpp:235)
[2025-05-25 19:41:23.283] [DEBUG] 19:41:23 282 init ffmpeg lib ok  version: 4.2.1 (..\..\ffmpeg\ffmpeg.cpp:54)
[2025-05-25 19:41:23.776] [DEBUG] Application started. (..\..\mainwindow.cpp:18)
[2025-05-25 19:41:24.454] [WARNING] QMetaObject::connectSlotsByName: No matching signal for on_pushButton_transfor_clicked() (kernel\qobject.cpp:3695)
[2025-05-25 19:41:24.456] [WARNING] QMetaObject::connectSlotsByName: No matching signal for on_pushButton_transforToMono_clicked() (kernel\qobject.cpp:3695)
[2025-05-25 19:41:24.554] [DEBUG] 1621 854 (..\..\mainwindow.cpp:71)
[2025-05-25 19:41:24.561] [INFO] 数据库成功连接! (..\..\mainwindow.cpp:115)
