[2025-09-18 11:47:37.470] [DEBUG] 11:47:37 469 init ffmpeg lib ok  version: 4.2.1 (:0)
[2025-09-18 11:47:38.138] [INFO] Supported audio roles: (:0)
[2025-09-18 11:47:38.776] [DEBUG] Application started. (:0)
[2025-09-18 11:47:38.946] [WARNING] QMetaObject::connectSlotsByName: No matching signal for on_pushButton_transfor_clicked() (:0)
[2025-09-18 11:47:38.946] [WARNING] QMetaObject::connectSlotsByName: No matching signal for on_pushButton_transforToMono_clicked() (:0)
[2025-09-18 11:47:38.949] [WARNING] QMetaObject::connectSlotsByName: No matching signal for on_exit_btn_clicked() (:0)
[2025-09-18 11:47:38.949] [WARNING] QMetaObject::connectSlotsByName: No matching signal for on_pushButton_7_clicked() (:0)
[2025-09-18 11:47:38.949] [WARNING] QMetaObject::connectSlotsByName: No matching signal for on_pushButton_6_clicked() (:0)
[2025-09-18 11:47:38.950] [WARNING] QMetaObject::connectSlotsByName: No matching signal for on_pushButton_3_clicked() (:0)
[2025-09-18 11:47:38.950] [WARNING] QMetaObject::connectSlotsByName: No matching signal for on_pushButton_5_clicked() (:0)
[2025-09-18 11:47:38.950] [WARNING] QMetaObject::connectSlotsByName: No matching signal for on_pushButton_4_clicked() (:0)
[2025-09-18 11:47:38.950] [WARNING] QMetaObject::connectSlotsByName: No matching signal for on_pushButton_2_clicked() (:0)
[2025-09-18 11:47:38.950] [WARNING] QMetaObject::connectSlotsByName: No matching signal for on_pushButton_9_clicked() (:0)
[2025-09-18 11:47:38.950] [WARNING] QMetaObject::connectSlotsByName: No matching signal for on_pushButton_8_clicked() (:0)
[2025-09-18 11:47:39.007] [DEBUG] RTSP URL is: "rtsp://192.168.1.168:8554/0" (:0)
[2025-09-18 11:47:39.007] [DEBUG] RTSP URL is: "rtsp://192.168.2.66" (:0)
[2025-09-18 11:47:39.008] [DEBUG] RTSP URL is: "rtsp://192.168.2.99:8554/stream" (:0)
[2025-09-18 11:47:39.008] [DEBUG] RTSP URL is: "rtsp://192.168.2.67" (:0)
[2025-09-18 11:47:39.008] [DEBUG] RTSP URL is: "rtsp://192.168.2.68" (:0)
[2025-09-18 11:47:39.009] [INFO] 数据库成功连接! (:0)
[2025-09-18 11:47:42.022] [DEBUG] 11:47:42 022 open input error "rtsp://192.168.2.99:8554/stream" (:0)
[2025-09-18 11:47:42.022] [DEBUG] 11:47:42 022 open input error "rtsp://192.168.2.66" (:0)
[2025-09-18 11:47:42.022] [DEBUG] 11:47:42 022 open input error "rtsp://192.168.1.168:8554/0" (:0)
[2025-09-18 11:47:42.022] [DEBUG] 11:47:42 022 stop ffmpeg thread (:0)
[2025-09-18 11:47:42.022] [DEBUG] 11:47:42 022 stop ffmpeg thread (:0)
[2025-09-18 11:47:42.022] [DEBUG] 11:47:42 022 stop ffmpeg thread (:0)
[2025-09-18 11:47:42.122] [DEBUG] 11:47:42 122 open input error "rtsp://192.168.2.68" (:0)
[2025-09-18 11:47:42.122] [DEBUG] 11:47:42 122 open input error "rtsp://192.168.2.67" (:0)
[2025-09-18 11:47:42.122] [DEBUG] 11:47:42 122 stop ffmpeg thread (:0)
[2025-09-18 11:47:42.122] [DEBUG] 11:47:42 122 stop ffmpeg thread (:0)
[2025-09-18 11:47:43.141] [WARNING] 摄像头连接失败！请检查摄像头服务并重启系统！ (:0)
[2025-09-18 11:47:43.454] [WARNING] 摄像头连接失败！请检查摄像头服务并重启系统！ (:0)
[2025-09-18 11:47:43.613] [WARNING] 摄像头连接失败！请检查摄像头服务并重启系统！ (:0)
[2025-09-18 11:47:43.783] [WARNING] 摄像头连接失败！请检查摄像头服务并重启系统！ (:0)
[2025-09-18 11:47:43.940] [WARNING] 摄像头连接失败！请检查摄像头服务并重启系统！ (:0)
[2025-09-18 11:50:43.797] [DEBUG] 11:50:43 797 init ffmpeg lib ok  version: 4.2.1 (:0)
[2025-09-18 11:50:44.092] [INFO] Supported audio roles: (:0)
[2025-09-18 11:50:44.357] [DEBUG] Application started. (:0)
[2025-09-18 11:50:44.532] [WARNING] QMetaObject::connectSlotsByName: No matching signal for on_pushButton_transfor_clicked() (:0)
[2025-09-18 11:50:44.533] [WARNING] QMetaObject::connectSlotsByName: No matching signal for on_pushButton_transforToMono_clicked() (:0)
[2025-09-18 11:50:44.534] [WARNING] QMetaObject::connectSlotsByName: No matching signal for on_exit_btn_clicked() (:0)
[2025-09-18 11:50:44.534] [WARNING] QMetaObject::connectSlotsByName: No matching signal for on_pushButton_7_clicked() (:0)
[2025-09-18 11:50:44.534] [WARNING] QMetaObject::connectSlotsByName: No matching signal for on_pushButton_6_clicked() (:0)
[2025-09-18 11:50:44.534] [WARNING] QMetaObject::connectSlotsByName: No matching signal for on_pushButton_3_clicked() (:0)
[2025-09-18 11:50:44.534] [WARNING] QMetaObject::connectSlotsByName: No matching signal for on_pushButton_5_clicked() (:0)
[2025-09-18 11:50:44.534] [WARNING] QMetaObject::connectSlotsByName: No matching signal for on_pushButton_4_clicked() (:0)
[2025-09-18 11:50:44.534] [WARNING] QMetaObject::connectSlotsByName: No matching signal for on_pushButton_2_clicked() (:0)
[2025-09-18 11:50:44.534] [WARNING] QMetaObject::connectSlotsByName: No matching signal for on_pushButton_9_clicked() (:0)
[2025-09-18 11:50:44.534] [WARNING] QMetaObject::connectSlotsByName: No matching signal for on_pushButton_8_clicked() (:0)
[2025-09-18 11:50:44.554] [DEBUG] RTSP URL is: "rtsp://192.168.1.168:8554/0" (:0)
[2025-09-18 11:50:44.554] [DEBUG] RTSP URL is: "rtsp://192.168.2.66" (:0)
[2025-09-18 11:50:44.555] [DEBUG] RTSP URL is: "rtsp://192.168.2.99:8554/stream" (:0)
[2025-09-18 11:50:44.555] [DEBUG] RTSP URL is: "rtsp://192.168.2.67" (:0)
[2025-09-18 11:50:44.555] [DEBUG] RTSP URL is: "rtsp://192.168.2.68" (:0)
[2025-09-18 11:50:44.555] [INFO] 数据库成功连接! (:0)
[2025-09-18 11:50:47.668] [DEBUG] 11:50:47 668 open input error "rtsp://192.168.2.66" (:0)
[2025-09-18 11:50:47.668] [DEBUG] 11:50:47 668 open input error "rtsp://192.168.2.68" (:0)
[2025-09-18 11:50:47.668] [DEBUG] 11:50:47 668 open input error "rtsp://192.168.2.67" (:0)
[2025-09-18 11:50:47.668] [DEBUG] 11:50:47 668 open input error "rtsp://192.168.2.99:8554/stream" (:0)
[2025-09-18 11:50:47.668] [DEBUG] 11:50:47 668 stop ffmpeg thread (:0)
[2025-09-18 11:50:47.668] [DEBUG] 11:50:47 668 stop ffmpeg thread (:0)
[2025-09-18 11:50:47.668] [DEBUG] 11:50:47 668 stop ffmpeg thread (:0)
[2025-09-18 11:50:47.668] [DEBUG] 11:50:47 668 stop ffmpeg thread (:0)
[2025-09-18 11:50:48.564] [DEBUG] 11:50:48 564 "视频流信息 -> 索引: 0  解码: h264  格式: rtsp  时长: -9223372036854 秒  分辨率: 1280*720" (:0)
[2025-09-18 11:50:49.081] [WARNING] 摄像头连接失败！请检查摄像头服务并重启系统！ (:0)
[2025-09-18 11:50:49.609] [WARNING] 摄像头连接失败！请检查摄像头服务并重启系统！ (:0)
[2025-09-18 11:50:49.792] [WARNING] 摄像头连接失败！请检查摄像头服务并重启系统！ (:0)
[2025-09-18 11:50:49.944] [WARNING] 摄像头连接失败！请检查摄像头服务并重启系统！ (:0)
[2025-09-18 11:50:51.565] [DEBUG] 11:50:51 565 "视频流信息 -> 索引: 0  解码: h264  格式: rtsp  时长: -9223372036854 秒  分辨率: 1280*720" (:0)
[2025-09-18 11:51:23.087] [DEBUG] 11:51:23 086 init ffmpeg lib ok  version: 4.2.1 (:0)
[2025-09-18 11:51:23.369] [INFO] Supported audio roles: (:0)
[2025-09-18 11:51:23.634] [DEBUG] Application started. (:0)
[2025-09-18 11:51:23.819] [WARNING] QMetaObject::connectSlotsByName: No matching signal for on_pushButton_transfor_clicked() (:0)
[2025-09-18 11:51:23.819] [WARNING] QMetaObject::connectSlotsByName: No matching signal for on_pushButton_transforToMono_clicked() (:0)
[2025-09-18 11:51:23.820] [WARNING] QMetaObject::connectSlotsByName: No matching signal for on_exit_btn_clicked() (:0)
[2025-09-18 11:51:23.820] [WARNING] QMetaObject::connectSlotsByName: No matching signal for on_pushButton_7_clicked() (:0)
[2025-09-18 11:51:23.820] [WARNING] QMetaObject::connectSlotsByName: No matching signal for on_pushButton_6_clicked() (:0)
[2025-09-18 11:51:23.820] [WARNING] QMetaObject::connectSlotsByName: No matching signal for on_pushButton_3_clicked() (:0)
[2025-09-18 11:51:23.820] [WARNING] QMetaObject::connectSlotsByName: No matching signal for on_pushButton_5_clicked() (:0)
[2025-09-18 11:51:23.820] [WARNING] QMetaObject::connectSlotsByName: No matching signal for on_pushButton_4_clicked() (:0)
[2025-09-18 11:51:23.820] [WARNING] QMetaObject::connectSlotsByName: No matching signal for on_pushButton_2_clicked() (:0)
[2025-09-18 11:51:23.820] [WARNING] QMetaObject::connectSlotsByName: No matching signal for on_pushButton_9_clicked() (:0)
[2025-09-18 11:51:23.820] [WARNING] QMetaObject::connectSlotsByName: No matching signal for on_pushButton_8_clicked() (:0)
[2025-09-18 11:51:23.841] [DEBUG] RTSP URL is: "rtsp://192.168.1.168:8554/0" (:0)
[2025-09-18 11:51:23.841] [INFO] 数据库成功连接! (:0)
[2025-09-18 11:51:26.780] [DEBUG] 11:51:26 780 "视频流信息 -> 索引: 0  解码: h264  格式: rtsp  时长: -9223372036854 秒  分辨率: 1280*720" (:0)
[2025-09-18 11:51:29.791] [DEBUG] 11:51:29 791 "视频流信息 -> 索引: 0  解码: h264  格式: rtsp  时长: -9223372036854 秒  分辨率: 1280*720" (:0)
[2025-09-18 11:51:53.037] [DEBUG] 11:51:53 036 init ffmpeg lib ok  version: 4.2.1 (:0)
[2025-09-18 11:51:53.311] [INFO] Supported audio roles: (:0)
[2025-09-18 11:51:53.572] [DEBUG] Application started. (:0)
[2025-09-18 11:51:53.748] [WARNING] QMetaObject::connectSlotsByName: No matching signal for on_pushButton_transfor_clicked() (:0)
[2025-09-18 11:51:53.748] [WARNING] QMetaObject::connectSlotsByName: No matching signal for on_pushButton_transforToMono_clicked() (:0)
[2025-09-18 11:51:53.750] [WARNING] QMetaObject::connectSlotsByName: No matching signal for on_exit_btn_clicked() (:0)
[2025-09-18 11:51:53.750] [WARNING] QMetaObject::connectSlotsByName: No matching signal for on_pushButton_7_clicked() (:0)
[2025-09-18 11:51:53.750] [WARNING] QMetaObject::connectSlotsByName: No matching signal for on_pushButton_6_clicked() (:0)
[2025-09-18 11:51:53.750] [WARNING] QMetaObject::connectSlotsByName: No matching signal for on_pushButton_3_clicked() (:0)
[2025-09-18 11:51:53.750] [WARNING] QMetaObject::connectSlotsByName: No matching signal for on_pushButton_5_clicked() (:0)
[2025-09-18 11:51:53.750] [WARNING] QMetaObject::connectSlotsByName: No matching signal for on_pushButton_4_clicked() (:0)
[2025-09-18 11:51:53.750] [WARNING] QMetaObject::connectSlotsByName: No matching signal for on_pushButton_2_clicked() (:0)
[2025-09-18 11:51:53.750] [WARNING] QMetaObject::connectSlotsByName: No matching signal for on_pushButton_9_clicked() (:0)
[2025-09-18 11:51:53.750] [WARNING] QMetaObject::connectSlotsByName: No matching signal for on_pushButton_8_clicked() (:0)
[2025-09-18 11:51:53.770] [DEBUG] RTSP URL is: "rtsp://192.168.1.168:8554/0" (:0)
[2025-09-18 11:51:53.770] [INFO] 数据库成功连接! (:0)
[2025-09-18 11:51:56.727] [DEBUG] 11:51:56 727 "视频流信息 -> 索引: 0  解码: h264  格式: rtsp  时长: -9223372036854 秒  分辨率: 1280*720" (:0)
[2025-09-18 11:51:59.808] [DEBUG] 11:51:59 807 "视频流信息 -> 索引: 0  解码: h264  格式: rtsp  时长: -9223372036854 秒  分辨率: 1280*720" (:0)
[2025-09-18 11:52:06.801] [DEBUG] Recording started to:  "C:/Users/BotSystem/Desktop/Pipe/videos/A2/app_2025-09-18_11-52-06.mp4" (:0)
[2025-09-18 11:52:17.672] [DEBUG] Recording stopped. (:0)
[2025-09-18 11:53:11.170] [DEBUG] 11:53:11 170 init ffmpeg lib ok  version: 4.2.1 (:0)
[2025-09-18 11:53:11.458] [INFO] Supported audio roles: (:0)
[2025-09-18 11:53:11.715] [DEBUG] Application started. (:0)
[2025-09-18 11:53:11.896] [WARNING] QMetaObject::connectSlotsByName: No matching signal for on_pushButton_transfor_clicked() (:0)
[2025-09-18 11:53:11.896] [WARNING] QMetaObject::connectSlotsByName: No matching signal for on_pushButton_transforToMono_clicked() (:0)
[2025-09-18 11:53:11.897] [WARNING] QMetaObject::connectSlotsByName: No matching signal for on_exit_btn_clicked() (:0)
[2025-09-18 11:53:11.897] [WARNING] QMetaObject::connectSlotsByName: No matching signal for on_pushButton_7_clicked() (:0)
[2025-09-18 11:53:11.897] [WARNING] QMetaObject::connectSlotsByName: No matching signal for on_pushButton_6_clicked() (:0)
[2025-09-18 11:53:11.897] [WARNING] QMetaObject::connectSlotsByName: No matching signal for on_pushButton_3_clicked() (:0)
[2025-09-18 11:53:11.897] [WARNING] QMetaObject::connectSlotsByName: No matching signal for on_pushButton_5_clicked() (:0)
[2025-09-18 11:53:11.897] [WARNING] QMetaObject::connectSlotsByName: No matching signal for on_pushButton_4_clicked() (:0)
[2025-09-18 11:53:11.897] [WARNING] QMetaObject::connectSlotsByName: No matching signal for on_pushButton_2_clicked() (:0)
[2025-09-18 11:53:11.897] [WARNING] QMetaObject::connectSlotsByName: No matching signal for on_pushButton_9_clicked() (:0)
[2025-09-18 11:53:11.898] [WARNING] QMetaObject::connectSlotsByName: No matching signal for on_pushButton_8_clicked() (:0)
[2025-09-18 11:53:11.918] [DEBUG] RTSP URL is: "rtsp://192.168.1.168:8554/0" (:0)
[2025-09-18 11:53:11.919] [INFO] 数据库成功连接! (:0)
[2025-09-18 11:53:16.259] [DEBUG] 11:53:16 259 "视频流信息 -> 索引: 0  解码: h264  格式: rtsp  时长: -9223372036854 秒  分辨率: 1280*720" (:0)
[2025-09-18 11:53:19.380] [DEBUG] 11:53:19 380 "视频流信息 -> 索引: 0  解码: h264  格式: rtsp  时长: -9223372036854 秒  分辨率: 1280*720" (:0)
[2025-09-18 11:54:28.166] [DEBUG] 11:54:28 165 init ffmpeg lib ok  version: 4.2.1 (:0)
[2025-09-18 11:54:28.448] [INFO] Supported audio roles: (:0)
[2025-09-18 11:54:28.712] [DEBUG] Application started. (:0)
[2025-09-18 11:54:28.889] [WARNING] QMetaObject::connectSlotsByName: No matching signal for on_pushButton_transfor_clicked() (:0)
[2025-09-18 11:54:28.889] [WARNING] QMetaObject::connectSlotsByName: No matching signal for on_pushButton_transforToMono_clicked() (:0)
[2025-09-18 11:54:28.891] [WARNING] QMetaObject::connectSlotsByName: No matching signal for on_exit_btn_clicked() (:0)
[2025-09-18 11:54:28.891] [WARNING] QMetaObject::connectSlotsByName: No matching signal for on_pushButton_7_clicked() (:0)
[2025-09-18 11:54:28.891] [WARNING] QMetaObject::connectSlotsByName: No matching signal for on_pushButton_6_clicked() (:0)
[2025-09-18 11:54:28.891] [WARNING] QMetaObject::connectSlotsByName: No matching signal for on_pushButton_3_clicked() (:0)
[2025-09-18 11:54:28.891] [WARNING] QMetaObject::connectSlotsByName: No matching signal for on_pushButton_5_clicked() (:0)
[2025-09-18 11:54:28.891] [WARNING] QMetaObject::connectSlotsByName: No matching signal for on_pushButton_4_clicked() (:0)
[2025-09-18 11:54:28.891] [WARNING] QMetaObject::connectSlotsByName: No matching signal for on_pushButton_2_clicked() (:0)
[2025-09-18 11:54:28.891] [WARNING] QMetaObject::connectSlotsByName: No matching signal for on_pushButton_9_clicked() (:0)
[2025-09-18 11:54:28.891] [WARNING] QMetaObject::connectSlotsByName: No matching signal for on_pushButton_8_clicked() (:0)
[2025-09-18 11:54:28.911] [DEBUG] RTSP URL is: "rtsp://192.168.1.168:8554/0" (:0)
[2025-09-18 11:54:28.911] [INFO] 数据库成功连接! (:0)
[2025-09-18 11:54:32.901] [DEBUG] 11:54:32 901 "视频流信息 -> 索引: 0  解码: h264  格式: rtsp  时长: -9223372036854 秒  分辨率: 1280*720" (:0)
[2025-09-18 11:54:36.022] [DEBUG] 11:54:36 022 "视频流信息 -> 索引: 0  解码: h264  格式: rtsp  时长: -9223372036854 秒  分辨率: 1280*720" (:0)
[2025-09-18 11:55:11.097] [DEBUG] 11:55:11 096 init ffmpeg lib ok  version: 4.2.1 (:0)
[2025-09-18 11:55:11.366] [INFO] Supported audio roles: (:0)
[2025-09-18 11:55:11.627] [DEBUG] Application started. (:0)
[2025-09-18 11:55:11.800] [WARNING] QMetaObject::connectSlotsByName: No matching signal for on_pushButton_transfor_clicked() (:0)
[2025-09-18 11:55:11.800] [WARNING] QMetaObject::connectSlotsByName: No matching signal for on_pushButton_transforToMono_clicked() (:0)
[2025-09-18 11:55:11.802] [WARNING] QMetaObject::connectSlotsByName: No matching signal for on_exit_btn_clicked() (:0)
[2025-09-18 11:55:11.802] [WARNING] QMetaObject::connectSlotsByName: No matching signal for on_pushButton_7_clicked() (:0)
[2025-09-18 11:55:11.802] [WARNING] QMetaObject::connectSlotsByName: No matching signal for on_pushButton_6_clicked() (:0)
[2025-09-18 11:55:11.802] [WARNING] QMetaObject::connectSlotsByName: No matching signal for on_pushButton_3_clicked() (:0)
[2025-09-18 11:55:11.802] [WARNING] QMetaObject::connectSlotsByName: No matching signal for on_pushButton_5_clicked() (:0)
[2025-09-18 11:55:11.802] [WARNING] QMetaObject::connectSlotsByName: No matching signal for on_pushButton_4_clicked() (:0)
[2025-09-18 11:55:11.802] [WARNING] QMetaObject::connectSlotsByName: No matching signal for on_pushButton_2_clicked() (:0)
[2025-09-18 11:55:11.802] [WARNING] QMetaObject::connectSlotsByName: No matching signal for on_pushButton_9_clicked() (:0)
[2025-09-18 11:55:11.802] [WARNING] QMetaObject::connectSlotsByName: No matching signal for on_pushButton_8_clicked() (:0)
[2025-09-18 11:55:11.821] [DEBUG] RTSP URL is: "rtsp://192.168.1.168:8554/0" (:0)
[2025-09-18 11:55:11.822] [INFO] 数据库成功连接! (:0)
[2025-09-18 11:55:16.248] [DEBUG] 11:55:16 248 "视频流信息 -> 索引: 0  解码: h264  格式: rtsp  时长: -9223372036854 秒  分辨率: 1280*720" (:0)
[2025-09-18 11:55:19.260] [DEBUG] 11:55:19 260 "视频流信息 -> 索引: 0  解码: h264  格式: rtsp  时长: -9223372036854 秒  分辨率: 1280*720" (:0)
[2025-09-18 11:55:30.366] [DEBUG] Recording started to:  "C:/Users/BotSystem/Desktop/Pipe/videos/B1/app_2025-09-18_11-55-30.mp4" (:0)
[2025-09-18 11:55:40.694] [DEBUG] Recording stopped. (:0)
[2025-09-18 11:56:18.854] [DEBUG] 11:56:18 853 init ffmpeg lib ok  version: 4.2.1 (:0)
[2025-09-18 11:56:19.148] [INFO] Supported audio roles: (:0)
[2025-09-18 11:56:19.403] [DEBUG] Application started. (:0)
[2025-09-18 11:56:19.580] [WARNING] QMetaObject::connectSlotsByName: No matching signal for on_pushButton_transfor_clicked() (:0)
[2025-09-18 11:56:19.581] [WARNING] QMetaObject::connectSlotsByName: No matching signal for on_pushButton_transforToMono_clicked() (:0)
[2025-09-18 11:56:19.582] [WARNING] QMetaObject::connectSlotsByName: No matching signal for on_exit_btn_clicked() (:0)
[2025-09-18 11:56:19.582] [WARNING] QMetaObject::connectSlotsByName: No matching signal for on_pushButton_7_clicked() (:0)
[2025-09-18 11:56:19.582] [WARNING] QMetaObject::connectSlotsByName: No matching signal for on_pushButton_6_clicked() (:0)
[2025-09-18 11:56:19.582] [WARNING] QMetaObject::connectSlotsByName: No matching signal for on_pushButton_3_clicked() (:0)
[2025-09-18 11:56:19.582] [WARNING] QMetaObject::connectSlotsByName: No matching signal for on_pushButton_5_clicked() (:0)
[2025-09-18 11:56:19.582] [WARNING] QMetaObject::connectSlotsByName: No matching signal for on_pushButton_4_clicked() (:0)
[2025-09-18 11:56:19.582] [WARNING] QMetaObject::connectSlotsByName: No matching signal for on_pushButton_2_clicked() (:0)
[2025-09-18 11:56:19.582] [WARNING] QMetaObject::connectSlotsByName: No matching signal for on_pushButton_9_clicked() (:0)
[2025-09-18 11:56:19.582] [WARNING] QMetaObject::connectSlotsByName: No matching signal for on_pushButton_8_clicked() (:0)
[2025-09-18 11:56:19.603] [DEBUG] RTSP URL is: "rtsp://192.168.1.168:8554/0" (:0)
[2025-09-18 11:56:19.603] [INFO] 数据库成功连接! (:0)
[2025-09-18 11:56:22.572] [DEBUG] 11:56:22 572 "视频流信息 -> 索引: 0  解码: h264  格式: rtsp  时长: -9223372036854 秒  分辨率: 1280*720" (:0)
[2025-09-18 11:56:26.756] [DEBUG] Recording started to:  "C:/Users/BotSystem/Desktop/Pipe/videos/B2/app_2025-09-18_11-56-26.mp4" (:0)
[2025-09-18 11:56:26.981] [DEBUG] 11:56:26 981 "视频流信息 -> 索引: 0  解码: h264  格式: rtsp  时长: -9223372036854 秒  分辨率: 1280*720" (:0)
[2025-09-18 11:56:42.721] [DEBUG] 11:56:42 720 init ffmpeg lib ok  version: 4.2.1 (:0)
[2025-09-18 11:56:42.994] [INFO] Supported audio roles: (:0)
[2025-09-18 11:56:43.256] [DEBUG] Application started. (:0)
[2025-09-18 11:56:43.431] [WARNING] QMetaObject::connectSlotsByName: No matching signal for on_pushButton_transfor_clicked() (:0)
[2025-09-18 11:56:43.431] [WARNING] QMetaObject::connectSlotsByName: No matching signal for on_pushButton_transforToMono_clicked() (:0)
[2025-09-18 11:56:43.433] [WARNING] QMetaObject::connectSlotsByName: No matching signal for on_exit_btn_clicked() (:0)
[2025-09-18 11:56:43.433] [WARNING] QMetaObject::connectSlotsByName: No matching signal for on_pushButton_7_clicked() (:0)
[2025-09-18 11:56:43.433] [WARNING] QMetaObject::connectSlotsByName: No matching signal for on_pushButton_6_clicked() (:0)
[2025-09-18 11:56:43.433] [WARNING] QMetaObject::connectSlotsByName: No matching signal for on_pushButton_3_clicked() (:0)
[2025-09-18 11:56:43.433] [WARNING] QMetaObject::connectSlotsByName: No matching signal for on_pushButton_5_clicked() (:0)
[2025-09-18 11:56:43.433] [WARNING] QMetaObject::connectSlotsByName: No matching signal for on_pushButton_4_clicked() (:0)
[2025-09-18 11:56:43.433] [WARNING] QMetaObject::connectSlotsByName: No matching signal for on_pushButton_2_clicked() (:0)
[2025-09-18 11:56:43.433] [WARNING] QMetaObject::connectSlotsByName: No matching signal for on_pushButton_9_clicked() (:0)
[2025-09-18 11:56:43.433] [WARNING] QMetaObject::connectSlotsByName: No matching signal for on_pushButton_8_clicked() (:0)
[2025-09-18 11:56:43.454] [DEBUG] RTSP URL is: "rtsp://192.168.1.168:8554/0" (:0)
[2025-09-18 11:56:43.454] [INFO] 数据库成功连接! (:0)
[2025-09-18 11:56:46.390] [DEBUG] 11:56:46 390 "视频流信息 -> 索引: 0  解码: h264  格式: rtsp  时长: -9223372036854 秒  分辨率: 1280*720" (:0)
[2025-09-18 11:56:49.390] [DEBUG] 11:56:49 390 "视频流信息 -> 索引: 0  解码: h264  格式: rtsp  时长: -9223372036854 秒  分辨率: 1280*720" (:0)
[2025-09-18 11:56:54.051] [DEBUG] Recording started to:  "C:/Users/BotSystem/Desktop/Pipe/videos/B2/app_2025-09-18_11-56-54.mp4" (:0)
[2025-09-18 11:57:04.459] [DEBUG] Recording stopped. (:0)
[2025-09-18 12:00:12.134] [DEBUG] 12:00:12 134 init ffmpeg lib ok  version: 4.2.1 (:0)
[2025-09-18 12:00:12.430] [INFO] Supported audio roles: (:0)
[2025-09-18 12:00:12.708] [DEBUG] Application started. (:0)
[2025-09-18 12:00:12.891] [WARNING] QMetaObject::connectSlotsByName: No matching signal for on_pushButton_transfor_clicked() (:0)
[2025-09-18 12:00:12.892] [WARNING] QMetaObject::connectSlotsByName: No matching signal for on_pushButton_transforToMono_clicked() (:0)
[2025-09-18 12:00:12.893] [WARNING] QMetaObject::connectSlotsByName: No matching signal for on_exit_btn_clicked() (:0)
[2025-09-18 12:00:12.893] [WARNING] QMetaObject::connectSlotsByName: No matching signal for on_pushButton_7_clicked() (:0)
[2025-09-18 12:00:12.893] [WARNING] QMetaObject::connectSlotsByName: No matching signal for on_pushButton_6_clicked() (:0)
[2025-09-18 12:00:12.893] [WARNING] QMetaObject::connectSlotsByName: No matching signal for on_pushButton_3_clicked() (:0)
[2025-09-18 12:00:12.893] [WARNING] QMetaObject::connectSlotsByName: No matching signal for on_pushButton_5_clicked() (:0)
[2025-09-18 12:00:12.893] [WARNING] QMetaObject::connectSlotsByName: No matching signal for on_pushButton_4_clicked() (:0)
[2025-09-18 12:00:12.893] [WARNING] QMetaObject::connectSlotsByName: No matching signal for on_pushButton_2_clicked() (:0)
[2025-09-18 12:00:12.893] [WARNING] QMetaObject::connectSlotsByName: No matching signal for on_pushButton_9_clicked() (:0)
[2025-09-18 12:00:12.893] [WARNING] QMetaObject::connectSlotsByName: No matching signal for on_pushButton_8_clicked() (:0)
[2025-09-18 12:00:12.914] [DEBUG] RTSP URL is: "rtsp://192.168.1.168:8554/0" (:0)
[2025-09-18 12:00:12.915] [INFO] 数据库成功连接! (:0)
[2025-09-18 12:00:16.132] [DEBUG] 12:00:16 132 "视频流信息 -> 索引: 0  解码: h264  格式: rtsp  时长: -9223372036854 秒  分辨率: 1280*720" (:0)
[2025-09-18 12:00:19.251] [DEBUG] 12:00:19 251 "视频流信息 -> 索引: 0  解码: h264  格式: rtsp  时长: -9223372036854 秒  分辨率: 1280*720" (:0)
[2025-09-18 12:00:25.285] [DEBUG] Recording started to:  "C:/Users/BotSystem/Desktop/Pipe/videos/BC/app_2025-09-18_12-00-25.mp4" (:0)
[2025-09-18 12:00:35.659] [DEBUG] Recording stopped. (:0)
[2025-09-18 12:05:08.638] [DEBUG] 12:05:08 637 init ffmpeg lib ok  version: 4.2.1 (:0)
[2025-09-18 12:05:08.927] [INFO] Supported audio roles: (:0)
[2025-09-18 12:05:09.190] [DEBUG] Application started. (:0)
[2025-09-18 12:05:09.369] [WARNING] QMetaObject::connectSlotsByName: No matching signal for on_pushButton_transfor_clicked() (:0)
[2025-09-18 12:05:09.370] [WARNING] QMetaObject::connectSlotsByName: No matching signal for on_pushButton_transforToMono_clicked() (:0)
[2025-09-18 12:05:09.371] [WARNING] QMetaObject::connectSlotsByName: No matching signal for on_exit_btn_clicked() (:0)
[2025-09-18 12:05:09.371] [WARNING] QMetaObject::connectSlotsByName: No matching signal for on_pushButton_7_clicked() (:0)
[2025-09-18 12:05:09.371] [WARNING] QMetaObject::connectSlotsByName: No matching signal for on_pushButton_6_clicked() (:0)
[2025-09-18 12:05:09.371] [WARNING] QMetaObject::connectSlotsByName: No matching signal for on_pushButton_3_clicked() (:0)
[2025-09-18 12:05:09.371] [WARNING] QMetaObject::connectSlotsByName: No matching signal for on_pushButton_5_clicked() (:0)
[2025-09-18 12:05:09.371] [WARNING] QMetaObject::connectSlotsByName: No matching signal for on_pushButton_4_clicked() (:0)
[2025-09-18 12:05:09.371] [WARNING] QMetaObject::connectSlotsByName: No matching signal for on_pushButton_2_clicked() (:0)
[2025-09-18 12:05:09.371] [WARNING] QMetaObject::connectSlotsByName: No matching signal for on_pushButton_9_clicked() (:0)
[2025-09-18 12:05:09.371] [WARNING] QMetaObject::connectSlotsByName: No matching signal for on_pushButton_8_clicked() (:0)
[2025-09-18 12:05:09.392] [DEBUG] RTSP URL is: "rtsp://192.168.1.168:8554/0" (:0)
[2025-09-18 12:05:09.392] [INFO] 数据库成功连接! (:0)
[2025-09-18 12:05:13.445] [DEBUG] 12:05:13 445 "视频流信息 -> 索引: 0  解码: h264  格式: rtsp  时长: -9223372036854 秒  分辨率: 1280*720" (:0)
[2025-09-18 12:05:16.526] [DEBUG] 12:05:16 526 "视频流信息 -> 索引: 0  解码: h264  格式: rtsp  时长: -9223372036854 秒  分辨率: 1280*720" (:0)
[2025-09-18 12:06:34.041] [DEBUG] 12:06:34 040 init ffmpeg lib ok  version: 4.2.1 (:0)
[2025-09-18 12:06:34.321] [INFO] Supported audio roles: (:0)
[2025-09-18 12:06:34.598] [DEBUG] Application started. (:0)
[2025-09-18 12:06:34.782] [WARNING] QMetaObject::connectSlotsByName: No matching signal for on_pushButton_transfor_clicked() (:0)
[2025-09-18 12:06:34.782] [WARNING] QMetaObject::connectSlotsByName: No matching signal for on_pushButton_transforToMono_clicked() (:0)
[2025-09-18 12:06:34.783] [WARNING] QMetaObject::connectSlotsByName: No matching signal for on_exit_btn_clicked() (:0)
[2025-09-18 12:06:34.783] [WARNING] QMetaObject::connectSlotsByName: No matching signal for on_pushButton_7_clicked() (:0)
[2025-09-18 12:06:34.783] [WARNING] QMetaObject::connectSlotsByName: No matching signal for on_pushButton_6_clicked() (:0)
[2025-09-18 12:06:34.783] [WARNING] QMetaObject::connectSlotsByName: No matching signal for on_pushButton_3_clicked() (:0)
[2025-09-18 12:06:34.783] [WARNING] QMetaObject::connectSlotsByName: No matching signal for on_pushButton_5_clicked() (:0)
[2025-09-18 12:06:34.783] [WARNING] QMetaObject::connectSlotsByName: No matching signal for on_pushButton_4_clicked() (:0)
[2025-09-18 12:06:34.783] [WARNING] QMetaObject::connectSlotsByName: No matching signal for on_pushButton_2_clicked() (:0)
[2025-09-18 12:06:34.783] [WARNING] QMetaObject::connectSlotsByName: No matching signal for on_pushButton_9_clicked() (:0)
[2025-09-18 12:06:34.783] [WARNING] QMetaObject::connectSlotsByName: No matching signal for on_pushButton_8_clicked() (:0)
[2025-09-18 12:06:34.804] [DEBUG] RTSP URL is: "rtsp://192.168.1.168:8554/0" (:0)
[2025-09-18 12:06:34.805] [INFO] 数据库成功连接! (:0)
[2025-09-18 12:06:38.779] [DEBUG] 12:06:38 779 "视频流信息 -> 索引: 0  解码: h264  格式: rtsp  时长: -9223372036854 秒  分辨率: 1280*720" (:0)
[2025-09-18 12:06:41.778] [DEBUG] 12:06:41 778 "视频流信息 -> 索引: 0  解码: h264  格式: rtsp  时长: -9223372036854 秒  分辨率: 1280*720" (:0)
[2025-09-18 12:07:20.748] [DEBUG] 12:07:20 747 init ffmpeg lib ok  version: 4.2.1 (:0)
[2025-09-18 12:07:21.050] [INFO] Supported audio roles: (:0)
[2025-09-18 12:07:21.321] [DEBUG] Application started. (:0)
[2025-09-18 12:07:21.503] [WARNING] QMetaObject::connectSlotsByName: No matching signal for on_pushButton_transfor_clicked() (:0)
[2025-09-18 12:07:21.503] [WARNING] QMetaObject::connectSlotsByName: No matching signal for on_pushButton_transforToMono_clicked() (:0)
[2025-09-18 12:07:21.505] [WARNING] QMetaObject::connectSlotsByName: No matching signal for on_exit_btn_clicked() (:0)
[2025-09-18 12:07:21.505] [WARNING] QMetaObject::connectSlotsByName: No matching signal for on_pushButton_7_clicked() (:0)
[2025-09-18 12:07:21.505] [WARNING] QMetaObject::connectSlotsByName: No matching signal for on_pushButton_6_clicked() (:0)
[2025-09-18 12:07:21.505] [WARNING] QMetaObject::connectSlotsByName: No matching signal for on_pushButton_3_clicked() (:0)
[2025-09-18 12:07:21.505] [WARNING] QMetaObject::connectSlotsByName: No matching signal for on_pushButton_5_clicked() (:0)
[2025-09-18 12:07:21.505] [WARNING] QMetaObject::connectSlotsByName: No matching signal for on_pushButton_4_clicked() (:0)
[2025-09-18 12:07:21.505] [WARNING] QMetaObject::connectSlotsByName: No matching signal for on_pushButton_2_clicked() (:0)
[2025-09-18 12:07:21.505] [WARNING] QMetaObject::connectSlotsByName: No matching signal for on_pushButton_9_clicked() (:0)
[2025-09-18 12:07:21.505] [WARNING] QMetaObject::connectSlotsByName: No matching signal for on_pushButton_8_clicked() (:0)
[2025-09-18 12:07:21.526] [DEBUG] RTSP URL is: "rtsp://192.168.1.168:8554/0" (:0)
[2025-09-18 12:07:21.526] [INFO] 数据库成功连接! (:0)
[2025-09-18 12:07:24.605] [DEBUG] 12:07:24 605 "视频流信息 -> 索引: 0  解码: h264  格式: rtsp  时长: -9223372036854 秒  分辨率: 1280*720" (:0)
[2025-09-18 12:07:27.614] [DEBUG] 12:07:27 614 "视频流信息 -> 索引: 0  解码: h264  格式: rtsp  时长: -9223372036854 秒  分辨率: 1280*720" (:0)
[2025-09-18 14:31:48.467] [DEBUG] 14:31:48 466 init ffmpeg lib ok  version: 4.2.1 (:0)
[2025-09-18 14:31:48.755] [INFO] Supported audio roles: (:0)
[2025-09-18 14:31:49.008] [DEBUG] Application started. (:0)
[2025-09-18 14:31:49.179] [WARNING] QMetaObject::connectSlotsByName: No matching signal for on_pushButton_transfor_clicked() (:0)
[2025-09-18 14:31:49.179] [WARNING] QMetaObject::connectSlotsByName: No matching signal for on_pushButton_transforToMono_clicked() (:0)
[2025-09-18 14:31:49.180] [WARNING] QMetaObject::connectSlotsByName: No matching signal for on_exit_btn_clicked() (:0)
[2025-09-18 14:31:49.180] [WARNING] QMetaObject::connectSlotsByName: No matching signal for on_pushButton_7_clicked() (:0)
[2025-09-18 14:31:49.180] [WARNING] QMetaObject::connectSlotsByName: No matching signal for on_pushButton_6_clicked() (:0)
[2025-09-18 14:31:49.180] [WARNING] QMetaObject::connectSlotsByName: No matching signal for on_pushButton_3_clicked() (:0)
[2025-09-18 14:31:49.180] [WARNING] QMetaObject::connectSlotsByName: No matching signal for on_pushButton_5_clicked() (:0)
[2025-09-18 14:31:49.180] [WARNING] QMetaObject::connectSlotsByName: No matching signal for on_pushButton_4_clicked() (:0)
[2025-09-18 14:31:49.180] [WARNING] QMetaObject::connectSlotsByName: No matching signal for on_pushButton_2_clicked() (:0)
[2025-09-18 14:31:49.180] [WARNING] QMetaObject::connectSlotsByName: No matching signal for on_pushButton_9_clicked() (:0)
[2025-09-18 14:31:49.180] [WARNING] QMetaObject::connectSlotsByName: No matching signal for on_pushButton_8_clicked() (:0)
[2025-09-18 14:31:49.200] [DEBUG] RTSP URL is: "rtsp://192.168.1.168:8554/0" (:0)
[2025-09-18 14:31:49.201] [INFO] 数据库成功连接! (:0)
[2025-09-18 14:31:52.212] [DEBUG] 14:31:52 212 "视频流信息 -> 索引: 0  解码: h264  格式: rtsp  时长: -9223372036854 秒  分辨率: 1280*720" (:0)
[2025-09-18 14:31:55.292] [DEBUG] 14:31:55 292 "视频流信息 -> 索引: 0  解码: h264  格式: rtsp  时长: -9223372036854 秒  分辨率: 1280*720" (:0)
[2025-09-18 14:32:33.533] [INFO] 信息录入完成! (:0)
