[2025-05-21 13:31:43.191] [WARNING] QMetaObject::connectSlotsByName: No matching signal for on_pushButton_datasearch_3_clicked() (:0)
[2025-05-21 13:31:43.241] [DEBUG] Application started1. (..\..\..\mainwindow.cpp:24)
[2025-05-21 13:48:25.425] [WARNING] QMetaObject::connectSlotsByName: No matching signal for on_pushButton_datasearch_3_clicked() (:0)
[2025-05-21 13:48:25.474] [DEBUG] Application started1. (..\..\..\mainwindow.cpp:24)
[2025-05-21 13:48:56.444] [WARNING] QMetaObject::connectSlotsByName: No matching signal for on_pushButton_datasearch_3_clicked() (:0)
[2025-05-21 13:48:56.492] [DEBUG] Application started1. (..\..\..\mainwindow.cpp:24)
[2025-05-21 13:50:37.763] [WARNING] QMetaObject::connectSlotsByName: No matching signal for on_pushButton_datasearch_3_clicked() (:0)
[2025-05-21 13:50:37.809] [DEBUG] Application started1. (..\..\..\mainwindow.cpp:24)
[2025-05-21 13:51:27.185] [WARNING] QMetaObject::connectSlotsByName: No matching signal for on_pushButton_datasearch_3_clicked() (:0)
[2025-05-21 13:51:27.223] [DEBUG] Application started1. (..\..\..\mainwindow.cpp:24)
[2025-05-21 13:52:11.292] [WARNING] QMetaObject::connectSlotsByName: No matching signal for on_pushButton_datasearch_3_clicked() (:0)
[2025-05-21 13:52:11.330] [DEBUG] Application started1. (..\..\..\mainwindow.cpp:24)
[2025-05-21 15:32:21.428] [WARNING] QMetaObject::connectSlotsByName: No matching signal for on_pushButton_datasearch_3_clicked() (:0)
[2025-05-21 15:32:21.475] [DEBUG] Application started1. (..\..\..\mainwindow.cpp:24)
[2025-05-21 15:37:25.946] [WARNING] QMetaObject::connectSlotsByName: No matching signal for on_pushButton_datasearch_3_clicked() (:0)
[2025-05-21 15:37:25.994] [DEBUG] Application started1. (..\..\..\mainwindow.cpp:24)
[2025-05-21 15:50:51.524] [WARNING] QMetaObject::connectSlotsByName: No matching signal for on_pushButton_datasearch_3_clicked() (:0)
[2025-05-21 15:50:51.567] [DEBUG] Application started1. (..\..\..\mainwindow.cpp:24)
[2025-05-21 15:57:19.724] [WARNING] QMetaObject::connectSlotsByName: No matching signal for on_pushButton_datasearch_3_clicked() (:0)
[2025-05-21 15:57:19.763] [DEBUG] Application started1. (..\..\..\mainwindow.cpp:24)
[2025-05-21 16:05:37.324] [WARNING] QMetaObject::connectSlotsByName: No matching signal for on_pushButton_datasearch_3_clicked() (:0)
[2025-05-21 16:05:37.362] [DEBUG] Application started1. (..\..\..\mainwindow.cpp:24)
[2025-05-21 16:10:49.679] [WARNING] QMetaObject::connectSlotsByName: No matching signal for on_pushButton_datasearch_3_clicked() (:0)
[2025-05-21 16:10:49.729] [DEBUG] Application started1. (..\..\..\mainwindow.cpp:24)
[2025-05-21 16:11:35.686] [WARNING] QMetaObject::connectSlotsByName: No matching signal for on_pushButton_datasearch_3_clicked() (:0)
[2025-05-21 16:11:35.727] [DEBUG] Application started1. (..\..\..\mainwindow.cpp:24)
[2025-05-21 16:11:51.498] [WARNING] QMetaObject::connectSlotsByName: No matching signal for on_pushButton_datasearch_3_clicked() (:0)
[2025-05-21 16:11:51.540] [DEBUG] Application started1. (..\..\..\mainwindow.cpp:24)
[2025-05-21 16:12:38.327] [WARNING] QMetaObject::connectSlotsByName: No matching signal for on_pushButton_datasearch_3_clicked() (:0)
[2025-05-21 16:12:38.374] [DEBUG] Application started1. (..\..\..\mainwindow.cpp:24)
[2025-05-21 16:14:22.260] [WARNING] QMetaObject::connectSlotsByName: No matching signal for on_pushButton_datasearch_3_clicked() (:0)
[2025-05-21 16:14:22.313] [DEBUG] Application started1. (..\..\..\mainwindow.cpp:24)
[2025-05-21 16:22:40.544] [WARNING] QMetaObject::connectSlotsByName: No matching signal for on_pushButton_datasearch_3_clicked() (:0)
[2025-05-21 16:22:40.590] [DEBUG] Application started1. (..\..\..\mainwindow.cpp:24)
[2025-05-21 16:34:12.252] [WARNING] QMetaObject::connectSlotsByName: No matching signal for on_pushButton_datasearch_3_clicked() (:0)
[2025-05-21 16:34:12.296] [DEBUG] Application started1. (..\..\..\mainwindow.cpp:24)
[2025-05-21 16:44:51.922] [WARNING] QMetaObject::connectSlotsByName: No matching signal for on_pushButton_datasearch_3_clicked() (:0)
[2025-05-21 16:44:51.923] [WARNING] QMetaObject::connectSlotsByName: No matching signal for on_pushButton_transfor_clicked() (:0)
[2025-05-21 16:44:51.972] [DEBUG] Application started1. (..\..\..\mainwindow.cpp:24)
[2025-05-21 16:45:43.621] [WARNING] QMetaObject::connectSlotsByName: No matching signal for on_pushButton_datasearch_3_clicked() (:0)
[2025-05-21 16:45:43.621] [WARNING] QMetaObject::connectSlotsByName: No matching signal for on_pushButton_transfor_clicked() (:0)
[2025-05-21 16:45:43.662] [DEBUG] Application started1. (..\..\..\mainwindow.cpp:24)
[2025-05-21 16:46:59.279] [WARNING] QMetaObject::connectSlotsByName: No matching signal for on_pushButton_datasearch_3_clicked() (:0)
[2025-05-21 16:46:59.280] [WARNING] QMetaObject::connectSlotsByName: No matching signal for on_pushButton_transfor_clicked() (:0)
[2025-05-21 16:46:59.326] [DEBUG] Application started1. (..\..\..\mainwindow.cpp:24)
[2025-05-21 16:47:41.529] [WARNING] QMetaObject::connectSlotsByName: No matching signal for on_pushButton_datasearch_3_clicked() (:0)
[2025-05-21 16:47:41.530] [WARNING] QMetaObject::connectSlotsByName: No matching signal for on_pushButton_transfor_clicked() (:0)
[2025-05-21 16:47:41.572] [DEBUG] Application started1. (..\..\..\mainwindow.cpp:24)
[2025-05-21 16:51:06.073] [WARNING] QMetaObject::connectSlotsByName: No matching signal for on_pushButton_datasearch_3_clicked() (:0)
[2025-05-21 16:51:06.074] [WARNING] QMetaObject::connectSlotsByName: No matching signal for on_pushButton_transfor_clicked() (:0)
[2025-05-21 16:51:06.121] [DEBUG] Application started1. (..\..\..\mainwindow.cpp:24)
[2025-05-21 16:52:09.054] [DEBUG] 接收到数据修改信号 (..\..\..\mainwindow.cpp:248)
[2025-05-21 16:52:09.055] [DEBUG] 接收到数据修改信号 (..\..\..\mainwindow.cpp:248)
[2025-05-21 16:52:09.055] [DEBUG] 信号已发射 (..\..\..\dialog.cpp:42)
[2025-05-21 16:53:57.449] [WARNING] QMetaObject::connectSlotsByName: No matching signal for on_pushButton_datasearch_3_clicked() (:0)
[2025-05-21 16:53:57.450] [WARNING] QMetaObject::connectSlotsByName: No matching signal for on_pushButton_transfor_clicked() (:0)
[2025-05-21 16:53:57.501] [DEBUG] Application started1. (..\..\..\mainwindow.cpp:24)
[2025-05-21 16:54:33.776] [WARNING] QMetaObject::connectSlotsByName: No matching signal for on_pushButton_datasearch_3_clicked() (:0)
[2025-05-21 16:54:33.777] [WARNING] QMetaObject::connectSlotsByName: No matching signal for on_pushButton_transfor_clicked() (:0)
[2025-05-21 16:54:33.819] [DEBUG] Application started1. (..\..\..\mainwindow.cpp:24)
[2025-05-21 16:55:00.011] [DEBUG] 接收到数据修改信号 (..\..\..\mainwindow.cpp:248)
[2025-05-21 16:55:00.011] [DEBUG] 接收到数据修改信号 (..\..\..\mainwindow.cpp:248)
[2025-05-21 16:55:00.011] [DEBUG] 信号已发射 (..\..\..\dialog.cpp:42)
[2025-05-21 20:55:02.930] [WARNING] QMetaObject::connectSlotsByName: No matching signal for on_pushButton_datasearch_3_clicked() (:0)
[2025-05-21 20:55:02.931] [WARNING] QMetaObject::connectSlotsByName: No matching signal for on_pushButton_transfor_clicked() (:0)
[2025-05-21 20:55:02.974] [DEBUG] Application started1. (..\..\..\mainwindow.cpp:24)
[2025-05-21 21:06:08.780] [WARNING] QMetaObject::connectSlotsByName: No matching signal for on_pushButton_datasearch_3_clicked() (:0)
[2025-05-21 21:06:08.781] [WARNING] QMetaObject::connectSlotsByName: No matching signal for on_pushButton_transfor_clicked() (:0)
[2025-05-21 21:06:08.828] [DEBUG] Application started1. (..\..\..\mainwindow.cpp:24)
[2025-05-21 21:06:22.100] [DEBUG] 接收到数据修改信号 (..\..\..\mainwindow.cpp:248)
[2025-05-21 21:06:22.101] [DEBUG] 接收到数据修改信号 (..\..\..\mainwindow.cpp:248)
[2025-05-21 21:06:22.101] [DEBUG] 信号已发射 (..\..\..\dialog.cpp:42)
[2025-05-21 21:08:10.560] [WARNING] QMetaObject::connectSlotsByName: No matching signal for on_pushButton_datasearch_3_clicked() (:0)
[2025-05-21 21:08:10.561] [WARNING] QMetaObject::connectSlotsByName: No matching signal for on_pushButton_transfor_clicked() (:0)
[2025-05-21 21:08:10.610] [DEBUG] Application started1. (..\..\..\mainwindow.cpp:24)
[2025-05-21 21:08:18.594] [DEBUG] 接收到数据修改信号 (..\..\..\mainwindow.cpp:244)
[2025-05-21 21:08:18.594] [DEBUG] 信号已发射 (..\..\..\dialog.cpp:42)
[2025-05-21 21:08:30.728] [WARNING] QMetaObject::connectSlotsByName: No matching signal for on_pushButton_datasearch_3_clicked() (:0)
[2025-05-21 21:08:30.729] [WARNING] QMetaObject::connectSlotsByName: No matching signal for on_pushButton_transfor_clicked() (:0)
[2025-05-21 21:08:30.769] [DEBUG] Application started1. (..\..\..\mainwindow.cpp:24)
[2025-05-21 21:13:34.183] [WARNING] QMetaObject::connectSlotsByName: No matching signal for on_pushButton_datasearch_3_clicked() (:0)
[2025-05-21 21:13:34.184] [WARNING] QMetaObject::connectSlotsByName: No matching signal for on_pushButton_transfor_clicked() (:0)
[2025-05-21 21:13:34.229] [DEBUG] Application started1. (..\..\..\mainwindow.cpp:24)
[2025-05-21 21:18:58.978] [WARNING] QMetaObject::connectSlotsByName: No matching signal for on_pushButton_datasearch_3_clicked() (:0)
[2025-05-21 21:18:58.979] [WARNING] QMetaObject::connectSlotsByName: No matching signal for on_pushButton_transfor_clicked() (:0)
[2025-05-21 21:18:59.019] [DEBUG] Application started. (..\..\..\mainwindow.cpp:24)
[2025-05-21 21:18:59.022] [WARNING] Could not parse application stylesheet (:0)
[2025-05-21 21:19:04.515] [WARNING] QMetaObject::connectSlotsByName: No matching signal for on_pushButton_datasearch_3_clicked() (:0)
[2025-05-21 21:19:04.515] [WARNING] QMetaObject::connectSlotsByName: No matching signal for on_pushButton_transfor_clicked() (:0)
[2025-05-21 21:19:04.561] [DEBUG] Application started. (..\..\..\mainwindow.cpp:24)
[2025-05-21 21:19:04.563] [WARNING] Could not parse application stylesheet (:0)
[2025-05-21 21:21:00.242] [WARNING] QMetaObject::connectSlotsByName: No matching signal for on_pushButton_datasearch_3_clicked() (:0)
[2025-05-21 21:21:00.242] [WARNING] QMetaObject::connectSlotsByName: No matching signal for on_pushButton_transfor_clicked() (:0)
[2025-05-21 21:21:00.297] [DEBUG] Application started. (..\..\..\mainwindow.cpp:24)
[2025-05-21 21:21:00.298] [DEBUG] "background-color: rgb(46, 52, 54);\ncolor: rgb(114, 159, 207);" (..\..\..\mainwindow.cpp:26)
[2025-05-21 21:22:10.401] [WARNING] QMetaObject::connectSlotsByName: No matching signal for on_pushButton_datasearch_3_clicked() (:0)
[2025-05-21 21:22:10.401] [WARNING] QMetaObject::connectSlotsByName: No matching signal for on_pushButton_transfor_clicked() (:0)
[2025-05-21 21:22:10.463] [DEBUG] Application started. (..\..\..\mainwindow.cpp:26)
[2025-05-21 21:22:10.463] [DEBUG] "background-color: rgb(46, 52, 54);\ncolor: rgb(114, 159, 207);" (..\..\..\mainwindow.cpp:28)
[2025-05-21 21:59:46.358] [WARNING] QMetaObject::connectSlotsByName: No matching signal for on_pushButton_datasearch_3_clicked() (:0)
[2025-05-21 21:59:46.359] [WARNING] QMetaObject::connectSlotsByName: No matching signal for on_pushButton_transfor_clicked() (:0)
[2025-05-21 21:59:46.421] [DEBUG] Application started. (..\..\..\mainwindow.cpp:26)
[2025-05-21 21:59:46.421] [DEBUG] "background-color: rgb(46, 52, 54);\ncolor: rgb(114, 159, 207);" (..\..\..\mainwindow.cpp:28)
[2025-05-21 22:02:03.344] [WARNING] QMetaObject::connectSlotsByName: No matching signal for on_pushButton_datasearch_3_clicked() (:0)
[2025-05-21 22:02:03.344] [WARNING] QMetaObject::connectSlotsByName: No matching signal for on_pushButton_transfor_clicked() (:0)
[2025-05-21 22:02:03.404] [DEBUG] Application started. (..\..\..\mainwindow.cpp:26)
[2025-05-21 22:02:03.404] [DEBUG] "background-color: rgb(46, 52, 54);\ncolor: rgb(114, 159, 207);" (..\..\..\mainwindow.cpp:28)
[2025-05-21 22:02:47.407] [WARNING] QMetaObject::connectSlotsByName: No matching signal for on_pushButton_datasearch_3_clicked() (:0)
[2025-05-21 22:02:47.408] [WARNING] QMetaObject::connectSlotsByName: No matching signal for on_pushButton_transfor_clicked() (:0)
[2025-05-21 22:02:47.467] [DEBUG] Application started. (..\..\..\mainwindow.cpp:26)
[2025-05-21 22:02:47.468] [DEBUG] "background-color: rgb(46, 52, 54);\ncolor: rgb(114, 159, 207);" (..\..\..\mainwindow.cpp:28)
[2025-05-21 22:03:44.475] [WARNING] QMetaObject::connectSlotsByName: No matching signal for on_pushButton_datasearch_3_clicked() (:0)
[2025-05-21 22:03:44.476] [WARNING] QMetaObject::connectSlotsByName: No matching signal for on_pushButton_transfor_clicked() (:0)
[2025-05-21 22:03:44.538] [DEBUG] Application started. (..\..\..\mainwindow.cpp:26)
[2025-05-21 22:03:44.538] [DEBUG] "background-color: rgb(46, 52, 54);\ncolor: rgb(114, 159, 207);" (..\..\..\mainwindow.cpp:28)
[2025-05-21 22:04:42.727] [WARNING] QMetaObject::connectSlotsByName: No matching signal for on_pushButton_datasearch_3_clicked() (:0)
[2025-05-21 22:04:42.728] [WARNING] QMetaObject::connectSlotsByName: No matching signal for on_pushButton_transfor_clicked() (:0)
[2025-05-21 22:04:42.787] [DEBUG] Application started. (..\..\..\mainwindow.cpp:26)
[2025-05-21 22:04:42.787] [DEBUG] "background-color: rgb(46, 52, 54);\ncolor: rgb(114, 159, 207);" (..\..\..\mainwindow.cpp:28)
[2025-05-21 22:11:57.013] [WARNING] QMetaObject::connectSlotsByName: No matching signal for on_pushButton_datasearch_3_clicked() (:0)
[2025-05-21 22:11:57.014] [WARNING] QMetaObject::connectSlotsByName: No matching signal for on_pushButton_transfor_clicked() (:0)
[2025-05-21 22:11:57.076] [DEBUG] Application started. (..\..\..\mainwindow.cpp:26)
[2025-05-21 22:11:57.076] [DEBUG] "background-color: rgb(46, 52, 54);\ncolor: rgb(114, 159, 207);" (..\..\..\mainwindow.cpp:28)
[2025-05-21 22:16:31.127] [WARNING] QMetaObject::connectSlotsByName: No matching signal for on_pushButton_datasearch_3_clicked() (:0)
[2025-05-21 22:16:31.128] [WARNING] QMetaObject::connectSlotsByName: No matching signal for on_pushButton_transfor_clicked() (:0)
[2025-05-21 22:16:31.192] [DEBUG] Application started. (..\..\..\mainwindow.cpp:26)
[2025-05-21 22:16:31.192] [DEBUG] "background-color: rgb(46, 52, 54);\ncolor: rgb(114, 159, 207);" (..\..\..\mainwindow.cpp:28)
[2025-05-21 22:18:59.023] [WARNING] QMetaObject::connectSlotsByName: No matching signal for on_pushButton_datasearch_3_clicked() (:0)
[2025-05-21 22:18:59.023] [WARNING] QMetaObject::connectSlotsByName: No matching signal for on_pushButton_transfor_clicked() (:0)
[2025-05-21 22:18:59.094] [DEBUG] Application started. (..\..\..\mainwindow.cpp:26)
[2025-05-21 22:18:59.094] [DEBUG] "background-color: rgb(46, 52, 54);\ncolor: rgb(114, 159, 207);" (..\..\..\mainwindow.cpp:28)
[2025-05-21 22:25:06.797] [DEBUG] 接收到数据修改信号 (..\..\..\mainwindow.cpp:246)
[2025-05-21 22:25:06.797] [DEBUG] 信号已发射 (..\..\..\dialog.cpp:42)
[2025-05-21 22:28:00.331] [WARNING] QMetaObject::connectSlotsByName: No matching signal for on_pushButton_datasearch_3_clicked() (:0)
[2025-05-21 22:28:00.332] [WARNING] QMetaObject::connectSlotsByName: No matching signal for on_pushButton_transfor_clicked() (:0)
[2025-05-21 22:28:00.389] [DEBUG] Application started. (..\..\..\mainwindow.cpp:26)
[2025-05-21 22:28:00.389] [DEBUG] "background-color: rgb(46, 52, 54);\ncolor: rgb(114, 159, 207);" (..\..\..\mainwindow.cpp:28)
[2025-05-21 22:29:33.310] [WARNING] QMetaObject::connectSlotsByName: No matching signal for on_pushButton_transfor_clicked() (:0)
[2025-05-21 22:29:33.366] [DEBUG] Application started. (..\..\..\mainwindow.cpp:26)
[2025-05-21 22:29:33.366] [DEBUG] "background-color: rgb(46, 52, 54);\ncolor: rgb(114, 159, 207);" (..\..\..\mainwindow.cpp:28)
[2025-05-21 22:31:45.411] [WARNING] QMetaObject::connectSlotsByName: No matching signal for on_pushButton_transfor_clicked() (:0)
[2025-05-21 22:31:45.477] [DEBUG] Application started. (..\..\..\mainwindow.cpp:26)
[2025-05-21 22:31:45.477] [DEBUG] "background-color: rgb(46, 52, 54);\ncolor: rgb(114, 159, 207);" (..\..\..\mainwindow.cpp:28)
[2025-05-21 22:32:15.571] [WARNING] QMetaObject::connectSlotsByName: No matching signal for on_pushButton_transfor_clicked() (:0)
[2025-05-21 22:32:15.633] [DEBUG] Application started. (..\..\..\mainwindow.cpp:26)
[2025-05-21 22:32:15.634] [DEBUG] "background-color: rgb(46, 52, 54);\ncolor: rgb(114, 159, 207);" (..\..\..\mainwindow.cpp:28)
[2025-05-21 22:33:19.818] [WARNING] QMetaObject::connectSlotsByName: No matching signal for on_pushButton_transfor_clicked() (:0)
[2025-05-21 22:33:19.886] [DEBUG] Application started. (..\..\..\mainwindow.cpp:26)
[2025-05-21 22:33:19.886] [DEBUG] "background-color: rgb(46, 52, 54);\ncolor: rgb(114, 159, 207);" (..\..\..\mainwindow.cpp:28)
[2025-05-21 22:35:20.681] [WARNING] QMetaObject::connectSlotsByName: No matching signal for on_pushButton_transfor_clicked() (:0)
[2025-05-21 22:35:20.737] [DEBUG] Application started. (..\..\..\mainwindow.cpp:26)
[2025-05-21 22:35:20.737] [DEBUG] "background-color: rgb(46, 52, 54);\ncolor: rgb(114, 159, 207);" (..\..\..\mainwindow.cpp:28)
[2025-05-21 22:36:46.443] [WARNING] QMetaObject::connectSlotsByName: No matching signal for on_pushButton_transfor_clicked() (:0)
[2025-05-21 22:36:46.504] [DEBUG] Application started. (..\..\..\mainwindow.cpp:26)
[2025-05-21 22:37:56.273] [WARNING] QMetaObject::connectSlotsByName: No matching signal for on_pushButton_transfor_clicked() (:0)
[2025-05-21 22:37:56.331] [DEBUG] Application started. (..\..\..\mainwindow.cpp:26)
[2025-05-21 22:38:06.805] [DEBUG] 信息录入完成! (..\..\..\mainwindow.cpp:230)
[2025-05-21 22:49:49.569] [WARNING] QMetaObject::connectSlotsByName: No matching signal for on_pushButton_transfor_clicked() (:0)
[2025-05-21 22:49:49.634] [DEBUG] Application started. (..\..\..\mainwindow.cpp:26)
[2025-05-21 22:49:55.001] [DEBUG] 信息录入完成! (..\..\..\mainwindow.cpp:234)
[2025-05-21 22:50:10.081] [DEBUG] 信息录入完成! (..\..\..\mainwindow.cpp:234)
[2025-05-21 23:00:58.773] [WARNING] QMetaObject::connectSlotsByName: No matching signal for on_pushButton_transfor_clicked() (:0)
[2025-05-21 23:00:58.820] [WARNING] QObject::connect: No such signal QFileSystemWatcher::fileChanged() in ..\..\..\mainwindow.cpp:88 (:0)
[2025-05-21 23:00:58.820] [WARNING] QObject::connect:  (receiver name: 'MainWindow') (:0)
[2025-05-21 23:00:58.839] [DEBUG] Application started. (..\..\..\mainwindow.cpp:26)
[2025-05-21 23:01:06.065] [DEBUG] 信息录入完成! (..\..\..\mainwindow.cpp:235)
[2025-05-21 23:02:28.382] [WARNING] QMetaObject::connectSlotsByName: No matching signal for on_pushButton_transfor_clicked() (:0)
[2025-05-21 23:02:28.429] [WARNING] QObject::connect: No such signal QFileSystemWatcher::fileChanged() in ..\..\..\mainwindow.cpp:88 (:0)
[2025-05-21 23:02:28.429] [WARNING] QObject::connect:  (receiver name: 'tableView') (:0)
[2025-05-21 23:02:28.446] [DEBUG] Application started. (..\..\..\mainwindow.cpp:26)
[2025-05-21 23:02:34.824] [DEBUG] 信息录入完成! (..\..\..\mainwindow.cpp:235)
[2025-05-21 23:43:44.292] [WARNING] QMetaObject::connectSlotsByName: No matching signal for on_pushButton_transfor_clicked() (:0)
[2025-05-21 23:43:44.360] [DEBUG] Application started. (..\..\..\mainwindow.cpp:26)
[2025-05-21 23:44:06.261] [WARNING] QMetaObject::connectSlotsByName: No matching signal for on_pushButton_transfor_clicked() (:0)
[2025-05-21 23:44:06.318] [DEBUG] Application started. (..\..\..\mainwindow.cpp:26)
