[2025-06-17 20:55:20.395] [DEBUG] 20:55:20 389 init ffmpeg lib ok  version: 4.2.1 (:0)
[2025-06-17 20:55:20.564] [DEBUG] Application started. (:0)
[2025-06-17 20:55:20.723] [WARNING] QMetaObject::connectSlotsByName: No matching signal for on_pushButton_transfor_clicked() (:0)
[2025-06-17 20:55:20.723] [WARNING] QMetaObject::connectSlotsByName: No matching signal for on_pushButton_transforToMono_clicked() (:0)
[2025-06-17 20:55:20.723] [WARNING] QMetaObject::connectSlotsByName: No matching signal for on_exit_btn_clicked() (:0)
[2025-06-17 20:55:20.723] [WARNING] QMetaObject::connectSlotsByName: No matching signal for on_pushButton_7_clicked() (:0)
[2025-06-17 20:55:20.723] [WARNING] QMetaObject::connectSlotsByName: No matching signal for on_pushButton_6_clicked() (:0)
[2025-06-17 20:55:20.723] [WARNING] QMetaObject::connectSlotsByName: No matching signal for on_pushButton_3_clicked() (:0)
[2025-06-17 20:55:20.723] [WARNING] QMetaObject::connectSlotsByName: No matching signal for on_pushButton_5_clicked() (:0)
[2025-06-17 20:55:20.723] [WARNING] QMetaObject::connectSlotsByName: No matching signal for on_pushButton_4_clicked() (:0)
[2025-06-17 20:55:20.723] [WARNING] QMetaObject::connectSlotsByName: No matching signal for on_pushButton_2_clicked() (:0)
[2025-06-17 20:55:20.723] [WARNING] QMetaObject::connectSlotsByName: No matching signal for on_pushButton_9_clicked() (:0)
[2025-06-17 20:55:20.723] [WARNING] QMetaObject::connectSlotsByName: No matching signal for on_pushButton_8_clicked() (:0)
[2025-06-17 20:55:20.740] [DEBUG] 1621 854 (:0)
[2025-06-17 20:55:20.740] [DEBUG] RTSP URL is: "rtsp://192.168.2.65" (:0)
[2025-06-17 20:55:20.740] [DEBUG] RTSP URL is: "rtsp://192.168.2.66" (:0)
[2025-06-17 20:55:20.740] [DEBUG] RTSP URL is: "rtsp://192.168.2.99:8554/stream" (:0)
[2025-06-17 20:55:20.740] [DEBUG] RTSP URL is: "rtsp://192.168.2.67" (:0)
[2025-06-17 20:55:20.740] [DEBUG] RTSP URL is: "rtsp://192.168.2.68" (:0)
[2025-06-17 20:55:20.740] [INFO] 数据库成功连接! (:0)
[2025-06-17 20:55:20.740] [DEBUG] "C:/Users/BotSystem/Desktop/Pipe/logs/app_2025-06-17.log" (:0)
[2025-06-17 20:55:21.673] [DEBUG] 20:55:21 673 "视频流信息 -> 索引: 0  解码: hevc  格式: rtsp  时长: -9223372036854 秒  分辨率: 640*480" (:0)
[2025-06-17 20:55:21.689] [DEBUG] 20:55:21 689 "视频流信息 -> 索引: 0  解码: hevc  格式: rtsp  时长: -9223372036854 秒  分辨率: 640*480" (:0)
[2025-06-17 20:55:21.721] [DEBUG] 20:55:21 721 "视频流信息 -> 索引: 0  解码: hevc  格式: rtsp  时长: -9223372036854 秒  分辨率: 640*480" (:0)
[2025-06-17 20:55:23.178] [DEBUG] 20:55:23 178 "视频流信息 -> 索引: 0  解码: h264  格式: rtsp  时长: -9223372036854 秒  分辨率: 960*540" (:0)
[2025-06-17 20:55:24.177] [DEBUG] 20:55:24 177 open input error "rtsp://192.168.2.68" (:0)
[2025-06-17 20:55:24.177] [DEBUG] 20:55:24 177 stop ffmpeg thread (:0)
[2025-06-17 20:55:27.045] [DEBUG] "\xFF\xFE\xFD\xFC\x0B\f\x02\x01\x02\x03\x04" (:0)
[2025-06-17 20:55:28.133] [DEBUG] "\xFF\xFE\xFD\xFC\x0B\f\x02\x01\x02\x03\x04" (:0)
[2025-06-17 20:55:28.395] [DEBUG] "\xFF\xFE\xFD\xFC\x0B\f\x02\x01\x02\x03\x04" (:0)
[2025-06-17 20:55:28.611] [DEBUG] "\xFF\xFE\xFD\xFC\x0B\f\x02\x01\x02\x03\x04" (:0)
[2025-06-17 20:55:32.651] [DEBUG] received data -------- (:0)
[2025-06-17 20:55:32.651] [DEBUG] "\xFF\xFE\xFD\xFC\x0B\f\x02\x01\x02\x03\x04" (:0)
[2025-06-17 20:55:32.856] [DEBUG] received data -------- (:0)
[2025-06-17 20:55:32.856] [DEBUG] "\xFF\xFE\xFD\xFC\x0B\f\x02\x01\x02\x03\x04" (:0)
[2025-06-17 20:55:33.093] [DEBUG] received data -------- (:0)
[2025-06-17 20:55:33.093] [DEBUG] "\xFF\xFE\xFD\xFC\x0B\f\x02\x01\x02\x03\x04" (:0)
[2025-06-17 20:55:33.902] [DEBUG] received data -------- (:0)
[2025-06-17 20:55:34.044] [DEBUG] received data -------- (:0)
[2025-06-17 20:55:34.235] [DEBUG] received data -------- (:0)
[2025-06-17 20:55:34.854] [DEBUG] "\xFF\xFE\xFD\xFC\x0B\f\x02\x01\x02\x03\x04" (:0)
[2025-06-17 20:55:35.852] [DEBUG] "\xFF\xFE\xFD\xFC\x0B\f\x02\x01\x02\x03\x04" (:0)
[2025-06-17 20:55:36.105] [DEBUG] "\xFF\xFE\xFD\xFC\x0B\f\x02\x01\x02\x03\x04" (:0)
[2025-06-17 20:55:36.343] [DEBUG] "\xFF\xFE\xFD\xFC\x0B\f\x02\x01\x02\x03\x04" (:0)
[2025-06-17 20:55:36.564] [DEBUG] "\xFF\xFE\xFD\xFC\x0B\f\x02\x01\x02\x03\x04" (:0)
[2025-06-17 20:55:39.037] [DEBUG] received data -------- (:0)
[2025-06-17 20:55:39.037] [DEBUG] "\xFF\xFE\xFD\xFC\x0B\f\x02\x01\x02\x03\x04" (:0)
[2025-06-17 20:55:39.291] [DEBUG] received data -------- (:0)
[2025-06-17 20:55:39.291] [DEBUG] "\xFF\xFE\xFD\xFC\x0B\f\x02\x01\x02\x03\x04" (:0)
[2025-06-17 20:55:39.402] [DEBUG] received data -------- (:0)
[2025-06-17 20:55:39.402] [DEBUG] "\xFF\xFE\xFD\xFC\x0B\f\x02\x01\x02\x03\x04" (:0)
[2025-06-17 20:55:39.624] [DEBUG] received data -------- (:0)
[2025-06-17 20:55:39.624] [DEBUG] "\xFF\xFE\xFD\xFC\x0B\f\x02\x01\x02\x03\x04" (:0)
[2025-06-17 20:55:39.862] [DEBUG] received data -------- (:0)
[2025-06-17 20:55:39.925] [DEBUG] received data -------- (:0)
[2025-06-17 20:55:40.051] [DEBUG] received data -------- (:0)
[2025-06-17 20:55:42.792] [DEBUG] received data -------- (:0)
[2025-06-17 20:55:42.792] [DEBUG] "\xFF\xFE\xFD\xFC\x0B\f\x02\x01\x02\x03\x04" (:0)
[2025-06-17 20:55:42.919] [DEBUG] received data -------- (:0)
[2025-06-17 20:55:42.919] [DEBUG] "\xFF\xFE\xFD\xFC\x0B\f\x02\x01\x02\x03\x04" (:0)
[2025-06-17 20:55:43.030] [DEBUG] received data -------- (:0)
[2025-06-17 20:55:43.030] [DEBUG] "\xFF\xFE\xFD\xFC\x0B\f\x02\x01\x02\x03\x04" (:0)
[2025-06-17 20:55:43.298] [DEBUG] received data -------- (:0)
[2025-06-17 20:55:43.298] [DEBUG] "\xFF\xFE\xFD\xFC\x0B\f\x02\x01\x02\x03\x04" (:0)
[2025-06-17 20:55:43.458] [DEBUG] received data -------- (:0)
[2025-06-17 20:55:43.458] [DEBUG] "\xFF\xFE\xFD\xFC\x0B\f\x02\x01\x02\x03\x04" (:0)
[2025-06-17 20:55:43.665] [DEBUG] received data -------- (:0)
[2025-06-17 20:55:43.665] [DEBUG] "\xFF\xFE\xFD\xFC\x0B\f\x02\x01\x02\x03\x04" (:0)
[2025-06-17 20:55:43.889] [DEBUG] received data -------- (:0)
[2025-06-17 20:55:43.950] [DEBUG] received data -------- (:0)
[2025-06-17 20:55:44.013] [DEBUG] received data -------- (:0)
[2025-06-17 20:55:44.076] [DEBUG] received data -------- (:0)
[2025-06-17 20:55:44.139] [DEBUG] received data -------- (:0)
[2025-06-17 20:55:44.202] [DEBUG] received data -------- (:0)
[2025-06-17 20:56:55.637] [DEBUG] 20:56:55 637 init ffmpeg lib ok  version: 4.2.1 (:0)
[2025-06-17 20:56:55.795] [DEBUG] Application started. (:0)
[2025-06-17 20:56:55.965] [WARNING] QMetaObject::connectSlotsByName: No matching signal for on_pushButton_transfor_clicked() (:0)
[2025-06-17 20:56:55.965] [WARNING] QMetaObject::connectSlotsByName: No matching signal for on_pushButton_transforToMono_clicked() (:0)
[2025-06-17 20:56:55.965] [WARNING] QMetaObject::connectSlotsByName: No matching signal for on_exit_btn_clicked() (:0)
[2025-06-17 20:56:55.965] [WARNING] QMetaObject::connectSlotsByName: No matching signal for on_pushButton_7_clicked() (:0)
[2025-06-17 20:56:55.965] [WARNING] QMetaObject::connectSlotsByName: No matching signal for on_pushButton_6_clicked() (:0)
[2025-06-17 20:56:55.965] [WARNING] QMetaObject::connectSlotsByName: No matching signal for on_pushButton_3_clicked() (:0)
[2025-06-17 20:56:55.965] [WARNING] QMetaObject::connectSlotsByName: No matching signal for on_pushButton_5_clicked() (:0)
[2025-06-17 20:56:55.965] [WARNING] QMetaObject::connectSlotsByName: No matching signal for on_pushButton_4_clicked() (:0)
[2025-06-17 20:56:55.965] [WARNING] QMetaObject::connectSlotsByName: No matching signal for on_pushButton_2_clicked() (:0)
[2025-06-17 20:56:55.965] [WARNING] QMetaObject::connectSlotsByName: No matching signal for on_pushButton_9_clicked() (:0)
[2025-06-17 20:56:55.965] [WARNING] QMetaObject::connectSlotsByName: No matching signal for on_pushButton_8_clicked() (:0)
[2025-06-17 20:56:55.981] [DEBUG] 1621 854 (:0)
[2025-06-17 20:56:55.983] [DEBUG] RTSP URL is: "rtsp://192.168.2.65" (:0)
[2025-06-17 20:56:55.983] [DEBUG] RTSP URL is: "rtsp://192.168.2.66" (:0)
[2025-06-17 20:56:55.983] [DEBUG] RTSP URL is: "rtsp://192.168.2.99:8554/stream" (:0)
[2025-06-17 20:56:55.983] [DEBUG] RTSP URL is: "rtsp://192.168.2.67" (:0)
[2025-06-17 20:56:55.983] [DEBUG] RTSP URL is: "rtsp://192.168.2.68" (:0)
[2025-06-17 20:56:55.983] [INFO] 数据库成功连接! (:0)
[2025-06-17 20:56:55.985] [DEBUG] "C:/Users/BotSystem/Desktop/Pipe/logs/app_2025-06-17.log" (:0)
[2025-06-17 20:56:56.921] [DEBUG] 20:56:56 921 "视频流信息 -> 索引: 0  解码: hevc  格式: rtsp  时长: -9223372036854 秒  分辨率: 640*480" (:0)
[2025-06-17 20:56:56.951] [DEBUG] 20:56:56 951 "视频流信息 -> 索引: 0  解码: hevc  格式: rtsp  时长: -9223372036854 秒  分辨率: 640*480" (:0)
[2025-06-17 20:56:56.969] [DEBUG] 20:56:56 969 "视频流信息 -> 索引: 0  解码: hevc  格式: rtsp  时长: -9223372036854 秒  分辨率: 640*480" (:0)
[2025-06-17 20:56:59.403] [DEBUG] 20:56:59 403 open input error "rtsp://192.168.2.68" (:0)
[2025-06-17 20:56:59.403] [DEBUG] 20:56:59 403 stop ffmpeg thread (:0)
[2025-06-17 20:57:00.167] [DEBUG] 20:57:00 167 "视频流信息 -> 索引: 0  解码: h264  格式: rtsp  时长: -9223372036854 秒  分辨率: 960*540" (:0)
[2025-06-17 20:57:03.318] [DEBUG] received data -------- (:0)
[2025-06-17 20:57:03.318] [DEBUG] "\xFF\xFE\xFD\xFC\x0B\f\x02\x01\x02\x03\x04" (:0)
[2025-06-17 20:57:03.930] [DEBUG] received data -------- (:0)
[2025-06-17 20:57:03.930] [DEBUG] "\xFF\xFE\xFD\xFC\x0B\f\x02\x01\x02\x03\x04" (:0)
[2025-06-17 20:57:04.290] [DEBUG] received data -------- (:0)
[2025-06-17 20:57:04.290] [DEBUG] "\xFF\xFE\xFD\xFC\x0B\f\x02\x01\x02\x03\x04" (:0)
[2025-06-17 20:57:04.601] [DEBUG] received data -------- (:0)
[2025-06-17 20:57:04.601] [DEBUG] "\xFF\xFE\xFD\xFC\x0B\f\x02\x01\x02\x03\x04" (:0)
[2025-06-17 20:57:04.740] [DEBUG] received data -------- (:0)
[2025-06-17 20:57:04.740] [DEBUG] "\xFF\xFE\xFD\xFC\x0B\f\x02\x01\x02\x03\x04" (:0)
[2025-06-17 20:57:05.004] [DEBUG] received data -------- (:0)
[2025-06-17 20:57:05.004] [DEBUG] "\xFF\xFE\xFD\xFC\x0B\f\x02\x01\x02\x03\x04" (:0)
[2025-06-17 20:57:05.174] [DEBUG] received data -------- (:0)
[2025-06-17 20:57:05.174] [DEBUG] "\xFF\xFE\xFD\xFC\x0B\f\x02\x01\x02\x03\x04" (:0)
[2025-06-17 20:57:05.279] [DEBUG] received data -------- (:0)
[2025-06-17 20:57:05.279] [DEBUG] "\xFF\xFE\xFD\xFC\x0B\f\x02\x01\x02\x03\x04" (:0)
[2025-06-17 20:57:05.369] [DEBUG] received data -------- (:0)
[2025-06-17 20:57:05.369] [DEBUG] "\xFF\xFE\xFD\xFC\x0B\f\x02\x01\x02\x03\x04" (:0)
[2025-06-17 20:57:05.506] [DEBUG] received data -------- (:0)
[2025-06-17 20:57:05.506] [DEBUG] "\xFF\xFE\xFD\xFC\x0B\f\x02\x01\x02\x03\x04" (:0)
[2025-06-17 20:57:06.232] [DEBUG] received data -------- (:0)
[2025-06-17 20:57:06.308] [DEBUG] received data -------- (:0)
[2025-06-17 20:57:06.493] [DEBUG] received data -------- (:0)
[2025-06-17 20:57:06.567] [DEBUG] received data -------- (:0)
[2025-06-17 20:57:06.656] [DEBUG] received data -------- (:0)
[2025-06-17 20:57:06.730] [DEBUG] received data -------- (:0)
[2025-06-17 20:57:06.804] [DEBUG] received data -------- (:0)
[2025-06-17 20:57:06.862] [DEBUG] received data -------- (:0)
[2025-06-17 20:57:06.940] [DEBUG] received data -------- (:0)
[2025-06-17 20:57:06.998] [DEBUG] received data -------- (:0)
[2025-06-17 20:57:07.989] [DEBUG] received data -------- (:0)
[2025-06-17 20:57:07.989] [DEBUG] "\xFF\xFE\xFD\xFC\x0B\f\x02\x01\x02\x03\x04" (:0)
[2025-06-17 20:57:08.411] [DEBUG] received data -------- (:0)
[2025-06-17 20:57:08.411] [DEBUG] "\xFF\xFE\xFD\xFC\x0B\f\x02\x01\x02\x03\x04" (:0)
[2025-06-17 20:57:08.486] [DEBUG] received data -------- (:0)
[2025-06-17 20:57:08.486] [DEBUG] "\xFF\xFE\xFD\xFC\x0B\f\x02\x01\x02\x03\x04" (:0)
[2025-06-17 20:57:08.640] [DEBUG] received data -------- (:0)
[2025-06-17 20:57:08.640] [DEBUG] "\xFF\xFE\xFD\xFC\x0B\f\x02\x01\x02\x03\x04" (:0)
[2025-06-17 20:57:08.778] [DEBUG] received data -------- (:0)
[2025-06-17 20:57:08.778] [DEBUG] "\xFF\xFE\xFD\xFC\x0B\f\x02\x01\x02\x03\x04" (:0)
[2025-06-17 20:57:08.867] [DEBUG] received data -------- (:0)
[2025-06-17 20:57:08.867] [DEBUG] "\xFF\xFE\xFD\xFC\x0B\f\x02\x01\x02\x03\x04" (:0)
[2025-06-17 20:57:08.941] [DEBUG] received data -------- (:0)
[2025-06-17 20:57:08.941] [DEBUG] "\xFF\xFE\xFD\xFC\x0B\f\x02\x01\x02\x03\x04" (:0)
[2025-06-17 20:57:09.084] [DEBUG] received data -------- (:0)
[2025-06-17 20:57:09.084] [DEBUG] "\xFF\xFE\xFD\xFC\x0B\f\x02\x01\x02\x03\x04" (:0)
[2025-06-17 20:57:09.189] [DEBUG] received data -------- (:0)
[2025-06-17 20:57:09.189] [DEBUG] "\xFF\xFE\xFD\xFC\x0B\f\x02\x01\x02\x03\x04" (:0)
[2025-06-17 20:57:09.278] [DEBUG] received data -------- (:0)
[2025-06-17 20:57:09.278] [DEBUG] "\xFF\xFE\xFD\xFC\x0B\f\x02\x01\x02\x03\x04" (:0)
[2025-06-17 20:57:09.842] [DEBUG] received data -------- (:0)
[2025-06-17 20:57:09.899] [DEBUG] received data -------- (:0)
[2025-06-17 20:57:09.957] [DEBUG] received data -------- (:0)
[2025-06-17 20:57:10.142] [DEBUG] received data -------- (:0)
[2025-06-17 20:57:10.263] [DEBUG] received data -------- (:0)
[2025-06-17 20:57:10.384] [DEBUG] received data -------- (:0)
[2025-06-17 20:57:13.928] [DEBUG] 0.372488 (:0)
[2025-06-17 20:57:13.928] [DEBUG] 0.0105745 (:0)
[2025-06-17 20:57:13.954] [DEBUG] 1 (:0)
[2025-06-17 20:57:13.954] [DEBUG] 0.981079 (:0)
[2025-06-17 20:57:13.981] [DEBUG] 1.00003 (:0)
[2025-06-17 20:57:14.008] [DEBUG] 0.639765 (:0)
[2025-06-17 20:57:14.035] [DEBUG] -0.00694285 (:0)
[2025-06-17 20:57:14.061] [DEBUG] -0.010544 (:0)
[2025-06-17 20:57:14.104] [DEBUG] -0.02916 (:0)
[2025-06-17 20:57:14.130] [DEBUG] -0.0462501 (:0)
[2025-06-17 20:57:14.156] [DEBUG] 0.92755 (:0)
[2025-06-17 20:57:14.156] [DEBUG] -0.0539101 (:0)
[2025-06-17 20:57:14.182] [DEBUG] 0 (:0)
[2025-06-17 20:57:14.182] [DEBUG] 0 (:0)
[2025-06-17 20:57:16.432] [DEBUG] "\xFF\xFE\xFD\xFC\x0B\f\x02\x01\x02\x03\x04" (:0)
[2025-06-17 20:57:17.599] [DEBUG] "\xFF\xFE\xFD\xFC\x0B\f\x02\x01\x02\x03\x04" (:0)
[2025-06-17 20:57:17.925] [DEBUG] "\xFF\xFE\xFD\xFC\x0B\f\x02\x01\x02\x03\x04" (:0)
[2025-06-17 20:57:18.157] [DEBUG] "\xFF\xFE\xFD\xFC\x0B\f\x02\x01\x02\x03\x04" (:0)
[2025-06-17 20:57:18.389] [DEBUG] "\xFF\xFE\xFD\xFC\x0B\f\x02\x01\x02\x03\x04" (:0)
[2025-06-17 20:57:28.918] [DEBUG] -0.0703288 (:0)
[2025-06-17 20:57:28.918] [DEBUG] -0.999969 (:0)
[2025-06-17 20:57:29.039] [DEBUG] -0.0481117 (:0)
[2025-06-17 20:57:29.065] [DEBUG] 0.575921 (:0)
[2025-06-17 20:57:29.091] [DEBUG] 0 (:0)
[2025-06-17 20:57:29.091] [DEBUG] 0 (:0)
[2025-06-17 20:57:46.977] [DEBUG] received data -------- (:0)
[2025-06-17 20:57:46.977] [DEBUG] "\xFF\xFE\xFD\xFC\x0B\f\x02\x01\x02\x03\x04" (:0)
[2025-06-17 20:57:47.527] [DEBUG] received data -------- (:0)
[2025-06-17 20:57:47.527] [DEBUG] "\xFF\xFE\xFD\xFC\x0B\f\x02\x01\x02\x03\x04" (:0)
[2025-06-17 20:57:47.731] [DEBUG] received data -------- (:0)
[2025-06-17 20:57:47.731] [DEBUG] "\xFF\xFE\xFD\xFC\x0B\f\x02\x01\x02\x03\x04" (:0)
[2025-06-17 20:57:47.806] [DEBUG] received data -------- (:0)
[2025-06-17 20:57:47.806] [DEBUG] "\xFF\xFE\xFD\xFC\x0B\f\x02\x01\x02\x03\x04" (:0)
[2025-06-17 20:57:47.989] [DEBUG] received data -------- (:0)
[2025-06-17 20:57:48.063] [DEBUG] received data -------- (:0)
[2025-06-17 20:57:48.184] [DEBUG] received data -------- (:0)
[2025-06-17 21:06:59.759] [DEBUG] 21:06:59 759 init ffmpeg lib ok  version: 4.2.1 (:0)
[2025-06-17 21:06:59.929] [DEBUG] Application started. (:0)
[2025-06-17 21:07:00.104] [WARNING] QMetaObject::connectSlotsByName: No matching signal for on_pushButton_transfor_clicked() (:0)
[2025-06-17 21:07:00.104] [WARNING] QMetaObject::connectSlotsByName: No matching signal for on_pushButton_transforToMono_clicked() (:0)
[2025-06-17 21:07:00.109] [WARNING] QMetaObject::connectSlotsByName: No matching signal for on_exit_btn_clicked() (:0)
[2025-06-17 21:07:00.109] [WARNING] QMetaObject::connectSlotsByName: No matching signal for on_pushButton_7_clicked() (:0)
[2025-06-17 21:07:00.109] [WARNING] QMetaObject::connectSlotsByName: No matching signal for on_pushButton_6_clicked() (:0)
[2025-06-17 21:07:00.109] [WARNING] QMetaObject::connectSlotsByName: No matching signal for on_pushButton_3_clicked() (:0)
[2025-06-17 21:07:00.109] [WARNING] QMetaObject::connectSlotsByName: No matching signal for on_pushButton_5_clicked() (:0)
[2025-06-17 21:07:00.109] [WARNING] QMetaObject::connectSlotsByName: No matching signal for on_pushButton_4_clicked() (:0)
[2025-06-17 21:07:00.109] [WARNING] QMetaObject::connectSlotsByName: No matching signal for on_pushButton_2_clicked() (:0)
[2025-06-17 21:07:00.109] [WARNING] QMetaObject::connectSlotsByName: No matching signal for on_pushButton_9_clicked() (:0)
[2025-06-17 21:07:00.109] [WARNING] QMetaObject::connectSlotsByName: No matching signal for on_pushButton_8_clicked() (:0)
[2025-06-17 21:07:00.114] [DEBUG] 1621 854 (:0)
[2025-06-17 21:07:00.127] [DEBUG] RTSP URL is: "rtsp://192.168.2.65" (:0)
[2025-06-17 21:07:00.127] [DEBUG] RTSP URL is: "rtsp://192.168.2.66" (:0)
[2025-06-17 21:07:00.127] [DEBUG] RTSP URL is: "rtsp://192.168.2.99:8554/stream" (:0)
[2025-06-17 21:07:00.127] [DEBUG] RTSP URL is: "rtsp://192.168.2.67" (:0)
[2025-06-17 21:07:00.127] [DEBUG] RTSP URL is: "rtsp://192.168.2.68" (:0)
[2025-06-17 21:07:00.127] [INFO] 数据库成功连接! (:0)
[2025-06-17 21:07:00.131] [DEBUG] "C:/Users/BotSystem/Desktop/Pipe/logs/app_2025-06-17.log" (:0)
[2025-06-17 21:07:01.071] [DEBUG] 21:07:01 071 "视频流信息 -> 索引: 0  解码: hevc  格式: rtsp  时长: -9223372036854 秒  分辨率: 640*480" (:0)
[2025-06-17 21:07:01.099] [DEBUG] 21:07:01 099 "视频流信息 -> 索引: 0  解码: hevc  格式: rtsp  时长: -9223372036854 秒  分辨率: 640*480" (:0)
[2025-06-17 21:07:01.126] [DEBUG] 21:07:01 126 "视频流信息 -> 索引: 0  解码: hevc  格式: rtsp  时长: -9223372036854 秒  分辨率: 640*480" (:0)
[2025-06-17 21:07:03.566] [DEBUG] 21:07:03 566 open input error "rtsp://192.168.2.68" (:0)
[2025-06-17 21:07:03.566] [DEBUG] 21:07:03 566 stop ffmpeg thread (:0)
[2025-06-17 21:07:04.288] [DEBUG] 21:07:04 288 "视频流信息 -> 索引: 0  解码: h264  格式: rtsp  时长: -9223372036854 秒  分辨率: 960*540" (:0)
[2025-06-17 21:07:05.972] [DEBUG] received data -------- (:0)
[2025-06-17 21:07:05.972] [DEBUG] "\xFF\xFE\xFD\xFC\x0B\f\x02\x01\x02\x03\x04" (:0)
[2025-06-17 21:07:06.030] [DEBUG] received data -------- (:0)
[2025-06-17 21:07:06.030] [DEBUG] "\xFF\xFE\xFD\xFC\x0B\f\x02\x01\x02\x03\x04" (:0)
[2025-06-17 21:07:06.489] [DEBUG] received data -------- (:0)
[2025-06-17 21:07:06.567] [DEBUG] received data -------- (:0)
[2025-06-17 21:07:07.660] [DEBUG] received data -------- (:0)
[2025-06-17 21:07:07.724] [DEBUG] received data -------- (:0)
[2025-06-17 21:07:08.076] [DEBUG] received data -------- (:0)
[2025-06-17 21:07:08.148] [DEBUG] received data -------- (:0)
[2025-06-17 21:07:08.276] [DEBUG] received data -------- (:0)
[2025-06-17 21:07:08.350] [DEBUG] received data -------- (:0)
[2025-06-17 21:07:08.516] [DEBUG] received data -------- (:0)
[2025-06-17 21:07:09.110] [DEBUG] received data -------- (:0)
[2025-06-17 21:07:09.168] [DEBUG] received data -------- (:0)
[2025-06-17 21:07:09.274] [DEBUG] received data -------- (:0)
[2025-06-17 21:07:10.031] [DEBUG] received data -------- (:0)
[2025-06-17 21:07:10.170] [DEBUG] received data -------- (:0)
[2025-06-17 21:07:10.387] [DEBUG] received data -------- (:0)
[2025-06-17 21:07:10.556] [DEBUG] received data -------- (:0)
[2025-06-17 21:07:10.694] [DEBUG] received data -------- (:0)
[2025-06-17 21:07:10.837] [DEBUG] received data -------- (:0)
[2025-06-17 21:07:10.990] [DEBUG] received data -------- (:0)
[2025-06-17 21:07:11.243] [DEBUG] received data -------- (:0)
[2025-06-17 21:07:11.444] [DEBUG] received data -------- (:0)
[2025-06-17 21:07:11.757] [DEBUG] received data -------- (:0)
[2025-06-17 21:07:12.955] [DEBUG] received data -------- (:0)
[2025-06-17 21:07:12.955] [DEBUG] "\xFF\xFE\xFD\xFC\x0B\f\x02\x01\x02\x03\x04" (:0)
[2025-06-17 21:07:13.046] [DEBUG] received data -------- (:0)
[2025-06-17 21:07:13.046] [DEBUG] "\xFF\xFE\xFD\xFC\x0B\f\x02\x01\x02\x03\x04" (:0)
[2025-06-17 21:07:13.301] [DEBUG] received data -------- (:0)
[2025-06-17 21:07:13.301] [DEBUG] "\xFF\xFE\xFD\xFC\x0B\f\x02\x01\x02\x03\x04" (:0)
[2025-06-17 21:07:13.485] [DEBUG] received data -------- (:0)
[2025-06-17 21:07:13.485] [DEBUG] "\xFF\xFE\xFD\xFC\x0B\f\x02\x01\x02\x03\x04" (:0)
[2025-06-17 21:07:13.576] [DEBUG] received data -------- (:0)
[2025-06-17 21:07:13.576] [DEBUG] "\xFF\xFE\xFD\xFC\x0B\f\x02\x01\x02\x03\x04" (:0)
[2025-06-17 21:07:13.682] [DEBUG] received data -------- (:0)
[2025-06-17 21:07:13.682] [DEBUG] "\xFF\xFE\xFD\xFC\x0B\f\x02\x01\x02\x03\x04" (:0)
[2025-06-17 21:07:13.820] [DEBUG] received data -------- (:0)
[2025-06-17 21:07:13.820] [DEBUG] "\xFF\xFE\xFD\xFC\x0B\f\x02\x01\x02\x03\x04" (:0)
[2025-06-17 21:07:13.957] [DEBUG] received data -------- (:0)
[2025-06-17 21:07:13.957] [DEBUG] "\xFF\xFE\xFD\xFC\x0B\f\x02\x01\x02\x03\x04" (:0)
[2025-06-17 21:07:14.045] [DEBUG] received data -------- (:0)
[2025-06-17 21:07:14.045] [DEBUG] "\xFF\xFE\xFD\xFC\x0B\f\x02\x01\x02\x03\x04" (:0)
[2025-06-17 21:07:14.198] [DEBUG] received data -------- (:0)
[2025-06-17 21:07:14.198] [DEBUG] "\xFF\xFE\xFD\xFC\x0B\f\x02\x01\x02\x03\x04" (:0)
[2025-06-17 21:07:15.616] [DEBUG] received data -------- (:0)
[2025-06-17 21:07:15.987] [DEBUG] received data -------- (:0)
[2025-06-17 21:07:16.204] [DEBUG] received data -------- (:0)
[2025-06-17 21:07:16.310] [DEBUG] received data -------- (:0)
[2025-06-17 21:07:16.496] [DEBUG] received data -------- (:0)
[2025-06-17 21:07:16.606] [DEBUG] received data -------- (:0)
[2025-06-17 21:07:16.838] [DEBUG] received data -------- (:0)
[2025-06-17 21:07:16.928] [DEBUG] received data -------- (:0)
[2025-06-17 21:07:17.065] [DEBUG] received data -------- (:0)
[2025-06-17 21:07:17.196] [DEBUG] received data -------- (:0)
[2025-06-17 21:07:20.886] [DEBUG] "\xFF\xFE\xFD\xFC\x0B\f\x02\x01\x02\x03\x04" (:0)
[2025-06-17 21:07:21.371] [DEBUG] "\xFF\xFE\xFD\xFC\x0B\f\x02\x01\x02\x03\x04" (:0)
[2025-06-17 21:07:21.588] [DEBUG] "\xFF\xFE\xFD\xFC\x0B\f\x02\x01\x02\x03\x04" (:0)
[2025-06-17 21:07:21.789] [DEBUG] "\xFF\xFE\xFD\xFC\x0B\f\x02\x01\x02\x03\x04" (:0)
[2025-06-17 21:07:23.368] [DEBUG] "\xFF\xFE\xFD\xFC\x0B\f\x02\x01\x02\x03\x04" (:0)
[2025-06-17 21:07:23.585] [DEBUG] "\xFF\xFE\xFD\xFC\x0B\f\x02\x01\x02\x03\x04" (:0)
[2025-06-17 21:07:23.785] [DEBUG] "\xFF\xFE\xFD\xFC\x0B\f\x02\x01\x02\x03\x04" (:0)
[2025-06-17 21:07:23.970] [DEBUG] "\xFF\xFE\xFD\xFC\x0B\f\x02\x01\x02\x03\x04" (:0)
[2025-06-17 21:07:24.171] [DEBUG] "\xFF\xFE\xFD\xFC\x0B\f\x02\x01\x02\x03\x04" (:0)
[2025-06-17 21:07:24.356] [DEBUG] "\xFF\xFE\xFD\xFC\x0B\f\x02\x01\x02\x03\x04" (:0)
[2025-06-17 21:07:24.589] [DEBUG] "\xFF\xFE\xFD\xFC\x0B\f\x02\x01\x02\x03\x04" (:0)
[2025-06-17 21:07:24.758] [DEBUG] "\xFF\xFE\xFD\xFC\x0B\f\x02\x01\x02\x03\x04" (:0)
[2025-06-17 21:07:42.988] [DEBUG] received data -------- (:0)
[2025-06-17 21:07:42.988] [DEBUG] "\xFF\xFE\xFD\xFC\x0B\f\x02\x01\x02\x03\x04" (:0)
[2025-06-17 21:07:43.427] [DEBUG] received data -------- (:0)
[2025-06-17 21:07:59.387] [DEBUG] received data -------- (:0)
[2025-06-17 21:07:59.387] [DEBUG] "\xFF\xFE\xFD\xFC\x0B\f\x02\x01\x02\x03\x04" (:0)
[2025-06-17 21:07:59.587] [DEBUG] received data -------- (:0)
[2025-06-17 21:07:59.587] [DEBUG] "\xFF\xFE\xFD\xFC\x0B\f\x02\x01\x02\x03\x04" (:0)
[2025-06-17 21:08:00.012] [DEBUG] received data -------- (:0)
[2025-06-17 21:08:00.012] [DEBUG] "\xFF\xFE\xFD\xFC\x0B\f\x02\x01\x02\x03\x04" (:0)
[2025-06-17 21:08:00.165] [DEBUG] received data -------- (:0)
[2025-06-17 21:08:00.165] [DEBUG] "\xFF\xFE\xFD\xFC\x0B\f\x02\x01\x02\x03\x04" (:0)
[2025-06-17 21:08:00.396] [DEBUG] received data -------- (:0)
[2025-06-17 21:08:00.396] [DEBUG] "\xFF\xFE\xFD\xFC\x0B\f\x02\x01\x02\x03\x04" (:0)
[2025-06-17 21:08:00.660] [DEBUG] received data -------- (:0)
[2025-06-17 21:08:00.735] [DEBUG] received data -------- (:0)
[2025-06-17 21:08:00.825] [DEBUG] received data -------- (:0)
[2025-06-17 21:08:00.883] [DEBUG] received data -------- (:0)
[2025-06-17 21:08:00.941] [DEBUG] received data -------- (:0)
[2025-06-17 21:08:02.203] [DEBUG] received data -------- (:0)
[2025-06-17 21:08:02.309] [DEBUG] received data -------- (:0)
[2025-06-17 21:08:02.384] [DEBUG] received data -------- (:0)
[2025-06-17 21:08:02.457] [DEBUG] received data -------- (:0)
[2025-06-17 21:08:02.706] [DEBUG] received data -------- (:0)
[2025-06-17 21:08:02.907] [DEBUG] received data -------- (:0)
[2025-06-17 21:08:02.997] [DEBUG] received data -------- (:0)
[2025-06-17 21:08:03.070] [DEBUG] received data -------- (:0)
[2025-06-17 21:08:03.129] [DEBUG] received data -------- (:0)
[2025-06-17 21:08:03.187] [DEBUG] received data -------- (:0)
[2025-06-17 21:08:06.372] [DEBUG] received data -------- (:0)
[2025-06-17 21:08:06.445] [DEBUG] received data -------- (:0)
[2025-06-17 21:08:06.773] [DEBUG] received data -------- (:0)
[2025-06-17 21:08:06.831] [DEBUG] received data -------- (:0)
[2025-06-17 21:08:08.853] [DEBUG] "\xFF\xFE\xFD\xFC\x0B\f\x02\x01\x02\x03\x04" (:0)
[2025-06-17 21:08:09.356] [DEBUG] "\xFF\xFE\xFD\xFC\x0B\f\x02\x01\x02\x03\x04" (:0)
[2025-06-17 21:08:11.061] [DEBUG] "\xFF\xFE\xFD\xFC\x0B\f\x02\x01\x02\x03\x04" (:0)
[2025-06-17 21:08:12.452] [DEBUG] "\xFF\xFE\xFD\xFC\x0B\f\x02\x01\x02\x03\x04" (:0)
[2025-06-17 21:08:14.116] [DEBUG] "\xFF\xFE\xFD\xFC\x0B\f\x02\x01\x02\x03\x04" (:0)
[2025-06-17 21:08:17.650] [DEBUG] "\xFF\xFE\xFD\xFC\x0B\f\x02\x01\x02\x03\x04" (:0)
[2025-06-17 21:08:17.883] [DEBUG] "\xFF\xFE\xFD\xFC\x0B\f\x02\x01\x02\x03\x04" (:0)
[2025-06-17 21:08:18.101] [DEBUG] "\xFF\xFE\xFD\xFC\x0B\f\x02\x01\x02\x03\x04" (:0)
[2025-06-17 21:19:18.563] [DEBUG] 21:19:18 562 init ffmpeg lib ok  version: 4.2.1 (:0)
[2025-06-17 21:19:18.756] [DEBUG] Application started. (:0)
[2025-06-17 21:19:18.928] [WARNING] QMetaObject::connectSlotsByName: No matching signal for on_pushButton_transfor_clicked() (:0)
[2025-06-17 21:19:18.928] [WARNING] QMetaObject::connectSlotsByName: No matching signal for on_pushButton_transforToMono_clicked() (:0)
[2025-06-17 21:19:18.929] [WARNING] QMetaObject::connectSlotsByName: No matching signal for on_exit_btn_clicked() (:0)
[2025-06-17 21:19:18.929] [WARNING] QMetaObject::connectSlotsByName: No matching signal for on_pushButton_7_clicked() (:0)
[2025-06-17 21:19:18.929] [WARNING] QMetaObject::connectSlotsByName: No matching signal for on_pushButton_6_clicked() (:0)
[2025-06-17 21:19:18.929] [WARNING] QMetaObject::connectSlotsByName: No matching signal for on_pushButton_3_clicked() (:0)
[2025-06-17 21:19:18.929] [WARNING] QMetaObject::connectSlotsByName: No matching signal for on_pushButton_5_clicked() (:0)
[2025-06-17 21:19:18.929] [WARNING] QMetaObject::connectSlotsByName: No matching signal for on_pushButton_4_clicked() (:0)
[2025-06-17 21:19:18.929] [WARNING] QMetaObject::connectSlotsByName: No matching signal for on_pushButton_2_clicked() (:0)
[2025-06-17 21:19:18.929] [WARNING] QMetaObject::connectSlotsByName: No matching signal for on_pushButton_9_clicked() (:0)
[2025-06-17 21:19:18.929] [WARNING] QMetaObject::connectSlotsByName: No matching signal for on_pushButton_8_clicked() (:0)
[2025-06-17 21:19:18.945] [DEBUG] 1621 854 (:0)
[2025-06-17 21:19:18.946] [DEBUG] RTSP URL is: "rtsp://192.168.2.65" (:0)
[2025-06-17 21:19:18.947] [DEBUG] RTSP URL is: "rtsp://192.168.2.66" (:0)
[2025-06-17 21:19:18.947] [DEBUG] RTSP URL is: "rtsp://192.168.2.99:8554/stream" (:0)
[2025-06-17 21:19:18.947] [DEBUG] RTSP URL is: "rtsp://192.168.2.67" (:0)
[2025-06-17 21:19:18.947] [DEBUG] RTSP URL is: "rtsp://192.168.2.68" (:0)
[2025-06-17 21:19:18.947] [INFO] 数据库成功连接! (:0)
[2025-06-17 21:19:18.949] [DEBUG] "C:/Users/BotSystem/Desktop/Pipe/logs/app_2025-06-17.log" (:0)
[2025-06-17 21:19:20.860] [DEBUG] 21:19:20 860 "视频流信息 -> 索引: 0  解码: hevc  格式: rtsp  时长: -9223372036854 秒  分辨率: 640*480" (:0)
[2025-06-17 21:19:20.866] [DEBUG] 21:19:20 866 "视频流信息 -> 索引: 0  解码: hevc  格式: rtsp  时长: -9223372036854 秒  分辨率: 640*480" (:0)
[2025-06-17 21:19:20.940] [DEBUG] 21:19:20 940 "视频流信息 -> 索引: 0  解码: hevc  格式: rtsp  时长: -9223372036854 秒  分辨率: 640*480" (:0)
[2025-06-17 21:19:21.616] [DEBUG] 21:19:21 616 "视频流信息 -> 索引: 0  解码: h264  格式: rtsp  时长: -9223372036854 秒  分辨率: 960*540" (:0)
[2025-06-17 21:19:22.095] [DEBUG] 21:19:22 095 open input error "rtsp://192.168.2.68" (:0)
[2025-06-17 21:19:22.095] [DEBUG] 21:19:22 095 stop ffmpeg thread (:0)
[2025-06-17 21:19:22.636] [DEBUG] -0.0980087 (:0)
[2025-06-17 21:19:22.636] [DEBUG] -0.421225 (:0)
[2025-06-17 21:19:22.649] [DEBUG] -0.14818 (:0)
[2025-06-17 21:19:22.649] [DEBUG] -0.440543 (:0)
[2025-06-17 21:19:22.665] [DEBUG] -0.175769 (:0)
[2025-06-17 21:19:22.665] [DEBUG] -0.453635 (:0)
[2025-06-17 21:19:22.678] [DEBUG] -0.796994 (:0)
[2025-06-17 21:19:22.678] [DEBUG] -0.771939 (:0)
[2025-06-17 21:19:22.690] [DEBUG] -1 (:0)
[2025-06-17 21:19:22.690] [DEBUG] -0.999969 (:0)
[2025-06-17 21:19:22.807] [DEBUG] -0.926513 (:0)
[2025-06-17 21:19:22.823] [DEBUG] -0.878752 (:0)
[2025-06-17 21:19:22.837] [DEBUG] -0.637629 (:0)
[2025-06-17 21:19:22.852] [DEBUG] -0.585107 (:0)
[2025-06-17 21:19:22.865] [DEBUG] -0.374044 (:0)
[2025-06-17 21:19:22.878] [DEBUG] -0.356405 (:0)
[2025-06-17 21:19:22.894] [DEBUG] -0.0870832 (:0)
[2025-06-17 21:19:22.909] [DEBUG] -0.0469215 (:0)
[2025-06-17 21:19:22.924] [DEBUG] -0.0272374 (:0)
[2025-06-17 21:19:22.936] [DEBUG] 0.00102235 (:0)
[2025-06-17 21:19:22.949] [DEBUG] 0.0191196 (:0)
[2025-06-17 21:19:22.964] [DEBUG] 0.0259556 (:0)
[2025-06-17 21:19:22.978] [DEBUG] 0.0354467 (:0)
[2025-06-17 21:19:22.991] [DEBUG] -0.894957 (:0)
[2025-06-17 21:19:22.991] [DEBUG] 0.0388037 (:0)
[2025-06-17 21:19:23.006] [DEBUG] -0.593957 (:0)
[2025-06-17 21:19:23.006] [DEBUG] 0.043534 (:0)
[2025-06-17 21:19:23.020] [DEBUG] -0.56466 (:0)
[2025-06-17 21:19:23.020] [DEBUG] 0.0466773 (:0)
[2025-06-17 21:19:23.032] [DEBUG] -0.276204 (:0)
[2025-06-17 21:19:23.048] [DEBUG] 0 (:0)
[2025-06-17 21:19:23.048] [DEBUG] 0 (:0)
[2025-06-17 21:19:24.020] [DEBUG] -0.402029 (:0)
[2025-06-17 21:19:24.020] [DEBUG] -0.311055 (:0)
[2025-06-17 21:19:24.035] [DEBUG] -0.927276 (:0)
[2025-06-17 21:19:24.035] [DEBUG] -0.654047 (:0)
[2025-06-17 21:19:24.049] [DEBUG] -1 (:0)
[2025-06-17 21:19:24.049] [DEBUG] -0.999969 (:0)
[2025-06-17 21:19:24.220] [DEBUG] -0.944884 (:0)
[2025-06-17 21:19:24.233] [DEBUG] -0.709133 (:0)
[2025-06-17 21:19:24.245] [DEBUG] -0.435691 (:0)
[2025-06-17 21:19:24.257] [DEBUG] -0.41735 (:0)
[2025-06-17 21:19:24.270] [DEBUG] -0.0648661 (:0)
[2025-06-17 21:19:24.282] [DEBUG] -0.0416114 (:0)
[2025-06-17 21:19:24.298] [DEBUG] -0.297993 (:0)
[2025-06-17 21:19:24.298] [DEBUG] -0.00816358 (:0)
[2025-06-17 21:19:24.311] [DEBUG] 0 (:0)
[2025-06-17 21:19:24.311] [DEBUG] 0 (:0)
[2025-06-17 21:19:24.640] [DEBUG] -0.462638 (:0)
[2025-06-17 21:19:24.640] [DEBUG] 0.0497292 (:0)
[2025-06-17 21:19:24.653] [DEBUG] -0.780636 (:0)
[2025-06-17 21:19:24.653] [DEBUG] 0.0441138 (:0)
[2025-06-17 21:19:24.665] [DEBUG] -0.829801 (:0)
[2025-06-17 21:19:24.665] [DEBUG] 0.0391089 (:0)
[2025-06-17 21:19:24.678] [DEBUG] -0.848753 (:0)
[2025-06-17 21:19:24.690] [DEBUG] -0.875761 (:0)
[2025-06-17 21:19:24.690] [DEBUG] 0.024033 (:0)
[2025-06-17 21:19:24.703] [DEBUG] -0.885496 (:0)
[2025-06-17 21:19:24.703] [DEBUG] 0.00535592 (:0)
[2025-06-17 21:19:24.715] [DEBUG] -0.898802 (:0)
[2025-06-17 21:19:24.715] [DEBUG] -0.313191 (:0)
[2025-06-17 21:19:24.728] [DEBUG] -0.893828 (:0)
[2025-06-17 21:19:24.728] [DEBUG] -0.324727 (:0)
[2025-06-17 21:19:24.744] [DEBUG] -0.371725 (:0)
[2025-06-17 21:19:24.744] [DEBUG] -0.336599 (:0)
[2025-06-17 21:19:24.758] [DEBUG] 0 (:0)
[2025-06-17 21:19:24.758] [DEBUG] 0 (:0)
[2025-06-17 21:19:24.853] [DEBUG] -0.426291 (:0)
[2025-06-17 21:19:24.853] [DEBUG] 0.0450294 (:0)
[2025-06-17 21:19:24.869] [DEBUG] -1 (:0)
[2025-06-17 21:19:24.869] [DEBUG] 0.0485389 (:0)
[2025-06-17 21:19:24.907] [DEBUG] 0.0387427 (:0)
[2025-06-17 21:19:24.923] [DEBUG] -0.344869 (:0)
[2025-06-17 21:19:24.936] [DEBUG] -0.355276 (:0)
[2025-06-17 21:19:24.951] [DEBUG] -0.41619 (:0)
[2025-06-17 21:19:24.951] [DEBUG] -0.372061 (:0)
[2025-06-17 21:19:24.967] [DEBUG] 0 (:0)
[2025-06-17 21:19:24.967] [DEBUG] 0 (:0)
[2025-06-17 21:19:30.132] [DEBUG] received data -------- (:0)
[2025-06-17 21:19:30.132] [DEBUG] "\xFF\xFE\xFD\xFC\x0B\f\x02\x01\x02\x03\x04" (:0)
[2025-06-17 21:19:30.850] [DEBUG] received data -------- (:0)
[2025-06-17 21:33:10.263] [DEBUG] 21:33:10 262 init ffmpeg lib ok  version: 4.2.1 (:0)
[2025-06-17 21:33:10.441] [DEBUG] Application started. (:0)
[2025-06-17 21:33:10.613] [WARNING] QMetaObject::connectSlotsByName: No matching signal for on_pushButton_transfor_clicked() (:0)
[2025-06-17 21:33:10.613] [WARNING] QMetaObject::connectSlotsByName: No matching signal for on_pushButton_transforToMono_clicked() (:0)
[2025-06-17 21:33:10.613] [WARNING] QMetaObject::connectSlotsByName: No matching signal for on_exit_btn_clicked() (:0)
[2025-06-17 21:33:10.613] [WARNING] QMetaObject::connectSlotsByName: No matching signal for on_pushButton_7_clicked() (:0)
[2025-06-17 21:33:10.613] [WARNING] QMetaObject::connectSlotsByName: No matching signal for on_pushButton_6_clicked() (:0)
[2025-06-17 21:33:10.614] [WARNING] QMetaObject::connectSlotsByName: No matching signal for on_pushButton_3_clicked() (:0)
[2025-06-17 21:33:10.614] [WARNING] QMetaObject::connectSlotsByName: No matching signal for on_pushButton_5_clicked() (:0)
[2025-06-17 21:33:10.614] [WARNING] QMetaObject::connectSlotsByName: No matching signal for on_pushButton_4_clicked() (:0)
[2025-06-17 21:33:10.614] [WARNING] QMetaObject::connectSlotsByName: No matching signal for on_pushButton_2_clicked() (:0)
[2025-06-17 21:33:10.614] [WARNING] QMetaObject::connectSlotsByName: No matching signal for on_pushButton_9_clicked() (:0)
[2025-06-17 21:33:10.614] [WARNING] QMetaObject::connectSlotsByName: No matching signal for on_pushButton_8_clicked() (:0)
[2025-06-17 21:33:10.630] [DEBUG] 1621 854 (:0)
[2025-06-17 21:33:10.632] [DEBUG] RTSP URL is: "rtsp://192.168.2.65" (:0)
[2025-06-17 21:33:10.632] [DEBUG] RTSP URL is: "rtsp://192.168.2.66" (:0)
[2025-06-17 21:33:10.632] [DEBUG] RTSP URL is: "rtsp://192.168.2.99:8554/stream" (:0)
[2025-06-17 21:33:10.632] [DEBUG] RTSP URL is: "rtsp://192.168.2.67" (:0)
[2025-06-17 21:33:10.632] [DEBUG] RTSP URL is: "rtsp://192.168.2.68" (:0)
[2025-06-17 21:33:10.632] [INFO] 数据库成功连接! (:0)
[2025-06-17 21:33:10.634] [DEBUG] "C:/Users/BotSystem/Desktop/Pipe/logs/app_2025-06-17.log" (:0)
[2025-06-17 21:33:11.569] [DEBUG] 21:33:11 569 "视频流信息 -> 索引: 0  解码: hevc  格式: rtsp  时长: -9223372036854 秒  分辨率: 640*480" (:0)
[2025-06-17 21:33:11.576] [DEBUG] 21:33:11 576 "视频流信息 -> 索引: 0  解码: hevc  格式: rtsp  时长: -9223372036854 秒  分辨率: 640*480" (:0)
[2025-06-17 21:33:11.596] [DEBUG] 21:33:11 596 "视频流信息 -> 索引: 0  解码: hevc  格式: rtsp  时长: -9223372036854 秒  分辨率: 640*480" (:0)
[2025-06-17 21:33:12.788] [DEBUG] 21:33:12 788 "视频流信息 -> 索引: 0  解码: h264  格式: rtsp  时长: -9223372036854 秒  分辨率: 960*540" (:0)
[2025-06-17 21:33:13.771] [DEBUG] 21:33:13 771 open input error "rtsp://192.168.2.68" (:0)
[2025-06-17 21:33:13.771] [DEBUG] 21:33:13 771 stop ffmpeg thread (:0)
[2025-06-17 21:33:15.232] [DEBUG] -0.0731365 (:0)
[2025-06-17 21:33:15.232] [DEBUG] 0.37203 (:0)
[2025-06-17 21:33:15.244] [DEBUG] 0.408377 (:0)
[2025-06-17 21:33:15.257] [DEBUG] 0.706142 (:0)
[2025-06-17 21:33:15.269] [DEBUG] 0.986511 (:0)
[2025-06-17 21:33:15.285] [DEBUG] 1.00003 (:0)
[2025-06-17 21:33:15.362] [DEBUG] -0.0817731 (:0)
[2025-06-17 21:33:15.374] [DEBUG] -0.129564 (:0)
[2025-06-17 21:33:15.386] [DEBUG] -0.382834 (:0)
[2025-06-17 21:33:15.399] [DEBUG] -0.403159 (:0)
[2025-06-17 21:33:15.411] [DEBUG] -0.415671 (:0)
[2025-06-17 21:33:15.424] [DEBUG] -0.434104 (:0)
[2025-06-17 21:33:15.437] [DEBUG] -0.440665 (:0)
[2025-06-17 21:33:15.449] [DEBUG] -0.450278 (:0)
[2025-06-17 21:33:15.449] [DEBUG] 0.95584 (:0)
[2025-06-17 21:33:15.461] [DEBUG] -0.453788 (:0)
[2025-06-17 21:33:15.461] [DEBUG] 0.688563 (:0)
[2025-06-17 21:33:15.474] [DEBUG] -0.458488 (:0)
[2025-06-17 21:33:15.474] [DEBUG] 0.465751 (:0)
[2025-06-17 21:33:15.486] [DEBUG] 0.408743 (:0)
[2025-06-17 21:33:15.499] [DEBUG] -0.462516 (:0)
[2025-06-17 21:33:15.499] [DEBUG] 0.368948 (:0)
[2025-06-17 21:33:15.512] [DEBUG] 0.090135 (:0)
[2025-06-17 21:33:15.524] [DEBUG] 0.082414 (:0)
[2025-06-17 21:33:15.536] [DEBUG] 0.0712444 (:0)
[2025-06-17 21:33:15.551] [DEBUG] 0.0640421 (:0)
[2025-06-17 21:33:15.565] [DEBUG] 0.0592813 (:0)
[2025-06-17 21:33:15.578] [DEBUG] -0.451164 (:0)
[2025-06-17 21:33:15.590] [DEBUG] 0 (:0)
[2025-06-17 21:33:15.590] [DEBUG] 0 (:0)
[2025-06-17 21:33:16.903] [DEBUG] "\xFF\xFE\xFD\xFC\x0B\f\x02\x01\x02\x03\x04" (:0)
[2025-06-17 21:33:17.228] [DEBUG] "\xFF\xFE\xFD\xFC\x0B\f\x02\x01\x02\x03\x04" (:0)
[2025-06-17 21:43:59.389] [DEBUG] 21:43:59 388 init ffmpeg lib ok  version: 4.2.1 (:0)
[2025-06-17 21:43:59.568] [DEBUG] Application started. (:0)
[2025-06-17 21:43:59.746] [WARNING] QMetaObject::connectSlotsByName: No matching signal for on_pushButton_transfor_clicked() (:0)
[2025-06-17 21:43:59.746] [WARNING] QMetaObject::connectSlotsByName: No matching signal for on_pushButton_transforToMono_clicked() (:0)
[2025-06-17 21:43:59.747] [WARNING] QMetaObject::connectSlotsByName: No matching signal for on_exit_btn_clicked() (:0)
[2025-06-17 21:43:59.747] [WARNING] QMetaObject::connectSlotsByName: No matching signal for on_pushButton_7_clicked() (:0)
[2025-06-17 21:43:59.747] [WARNING] QMetaObject::connectSlotsByName: No matching signal for on_pushButton_6_clicked() (:0)
[2025-06-17 21:43:59.747] [WARNING] QMetaObject::connectSlotsByName: No matching signal for on_pushButton_3_clicked() (:0)
[2025-06-17 21:43:59.747] [WARNING] QMetaObject::connectSlotsByName: No matching signal for on_pushButton_5_clicked() (:0)
[2025-06-17 21:43:59.747] [WARNING] QMetaObject::connectSlotsByName: No matching signal for on_pushButton_4_clicked() (:0)
[2025-06-17 21:43:59.747] [WARNING] QMetaObject::connectSlotsByName: No matching signal for on_pushButton_2_clicked() (:0)
[2025-06-17 21:43:59.747] [WARNING] QMetaObject::connectSlotsByName: No matching signal for on_pushButton_9_clicked() (:0)
[2025-06-17 21:43:59.747] [WARNING] QMetaObject::connectSlotsByName: No matching signal for on_pushButton_8_clicked() (:0)
[2025-06-17 21:43:59.763] [DEBUG] 1621 854 (:0)
[2025-06-17 21:43:59.765] [DEBUG] RTSP URL is: "rtsp://192.168.2.65" (:0)
[2025-06-17 21:43:59.765] [DEBUG] RTSP URL is: "rtsp://192.168.2.66" (:0)
[2025-06-17 21:43:59.765] [DEBUG] RTSP URL is: "rtsp://192.168.2.99:8554/stream" (:0)
[2025-06-17 21:43:59.765] [DEBUG] RTSP URL is: "rtsp://192.168.2.67" (:0)
[2025-06-17 21:43:59.765] [DEBUG] RTSP URL is: "rtsp://192.168.2.68" (:0)
[2025-06-17 21:43:59.765] [INFO] 数据库成功连接! (:0)
[2025-06-17 21:43:59.767] [DEBUG] "C:/Users/BotSystem/Desktop/Pipe/logs/app_2025-06-17.log" (:0)
[2025-06-17 21:44:00.728] [DEBUG] 21:44:00 728 "视频流信息 -> 索引: 0  解码: hevc  格式: rtsp  时长: -9223372036854 秒  分辨率: 640*480" (:0)
[2025-06-17 21:44:00.731] [DEBUG] 21:44:00 731 "视频流信息 -> 索引: 0  解码: hevc  格式: rtsp  时长: -9223372036854 秒  分辨率: 640*480" (:0)
[2025-06-17 21:44:00.765] [DEBUG] 21:44:00 765 "视频流信息 -> 索引: 0  解码: hevc  格式: rtsp  时长: -9223372036854 秒  分辨率: 640*480" (:0)
[2025-06-17 21:44:02.171] [DEBUG] 21:44:02 171 "视频流信息 -> 索引: 0  解码: h264  格式: rtsp  时长: -9223372036854 秒  分辨率: 960*540" (:0)
[2025-06-17 21:44:02.824] [DEBUG] 0.252522 (:0)
[2025-06-17 21:44:02.824] [DEBUG] 0.560418 (:0)
[2025-06-17 21:44:02.837] [DEBUG] 0.583825 (:0)
[2025-06-17 21:44:02.837] [DEBUG] 1.00003 (:0)
[2025-06-17 21:44:02.852] [DEBUG] 0.644099 (:0)
[2025-06-17 21:44:02.866] [DEBUG] 0.677882 (:0)
[2025-06-17 21:44:02.878] [DEBUG] 0.727382 (:0)
[2025-06-17 21:44:02.890] [DEBUG] 0.758694 (:0)
[2025-06-17 21:44:02.903] [DEBUG] 0.747707 (:0)
[2025-06-17 21:44:02.915] [DEBUG] 21:44:02 915 open input error "rtsp://192.168.2.68" (:0)
[2025-06-17 21:44:02.915] [DEBUG] -0.0444495 (:0)
[2025-06-17 21:44:02.915] [DEBUG] 21:44:02 915 stop ffmpeg thread (:0)
[2025-06-17 21:44:02.928] [DEBUG] -0.0497597 (:0)
[2025-06-17 21:44:02.941] [DEBUG] 0 (:0)
[2025-06-17 21:44:02.941] [DEBUG] 0 (:0)
[2025-06-17 21:44:02.970] [DEBUG] -0.368704 (:0)
[2025-06-17 21:44:02.970] [DEBUG] 0.0512551 (:0)
[2025-06-17 21:44:02.984] [DEBUG] -0.398611 (:0)
[2025-06-17 21:44:02.999] [DEBUG] -0.639216 (:0)
[2025-06-17 21:44:02.999] [DEBUG] 0.0384375 (:0)
[2025-06-17 21:44:03.012] [DEBUG] -0.65185 (:0)
[2025-06-17 21:44:03.012] [DEBUG] 0.00221256 (:0)
[2025-06-17 21:44:03.024] [DEBUG] -0.656275 (:0)
[2025-06-17 21:44:03.024] [DEBUG] -0.0188449 (:0)
[2025-06-17 21:44:03.039] [DEBUG] -0.659998 (:0)
[2025-06-17 21:44:03.039] [DEBUG] -0.0594949 (:0)
[2025-06-17 21:44:03.053] [DEBUG] -0.665156 (:0)
[2025-06-17 21:44:03.053] [DEBUG] -0.104967 (:0)
[2025-06-17 21:44:03.066] [DEBUG] -0.652338 (:0)
[2025-06-17 21:44:03.066] [DEBUG] -0.12163 (:0)
[2025-06-17 21:44:03.078] [DEBUG] 0 (:0)
[2025-06-17 21:44:03.078] [DEBUG] 0 (:0)
[2025-06-17 21:44:03.540] [DEBUG] 0.464622 (:0)
[2025-06-17 21:44:03.540] [DEBUG] 0.0557717 (:0)
[2025-06-17 21:44:03.553] [DEBUG] 0.520623 (:0)
[2025-06-17 21:44:03.553] [DEBUG] 0.518883 (:0)
[2025-06-17 21:44:03.566] [DEBUG] 0.787869 (:0)
[2025-06-17 21:44:03.566] [DEBUG] 0.865751 (:0)
[2025-06-17 21:44:03.578] [DEBUG] 0.817166 (:0)
[2025-06-17 21:44:03.578] [DEBUG] 1.00003 (:0)
[2025-06-17 21:44:03.590] [DEBUG] 1 (:0)
[2025-06-17 21:44:03.666] [DEBUG] 0.976745 (:0)
[2025-06-17 21:44:03.678] [DEBUG] 0.618158 (:0)
[2025-06-17 21:44:03.691] [DEBUG] 0.579522 (:0)
[2025-06-17 21:44:03.703] [DEBUG] -0.0151522 (:0)
[2025-06-17 21:44:03.715] [DEBUG] -0.0240635 (:0)
[2025-06-17 21:44:03.728] [DEBUG] -0.0409094 (:0)
[2025-06-17 21:44:03.740] [DEBUG] -0.0469215 (:0)
[2025-06-17 21:44:03.753] [DEBUG] -0.0557717 (:0)
[2025-06-17 21:44:03.766] [DEBUG] -0.058793 (:0)
[2025-06-17 21:44:03.778] [DEBUG] -0.0644694 (:0)
[2025-06-17 21:44:03.790] [DEBUG] -0.478813 (:0)
[2025-06-17 21:44:03.804] [DEBUG] -0.793942 (:0)
[2025-06-17 21:44:03.815] [DEBUG] 0 (:0)
[2025-06-17 21:44:03.815] [DEBUG] 0 (:0)
[2025-06-17 21:44:03.828] [DEBUG] -1 (:0)
[2025-06-17 21:44:03.828] [DEBUG] 0.917906 (:0)
[2025-06-17 21:44:03.840] [DEBUG] 0.405844 (:0)
[2025-06-17 21:44:03.853] [DEBUG] 0.201984 (:0)
[2025-06-17 21:44:03.865] [DEBUG] 0.172015 (:0)
[2025-06-17 21:44:03.878] [DEBUG] 0.128374 (:0)
[2025-06-17 21:44:03.890] [DEBUG] 0.100481 (:0)
[2025-06-17 21:44:03.903] [DEBUG] 0.0906233 (:0)
[2025-06-17 21:44:03.915] [DEBUG] 0.0761883 (:0)
[2025-06-17 21:44:03.928] [DEBUG] 0.0712444 (:0)
[2025-06-17 21:44:03.941] [DEBUG] 0.0640421 (:0)
[2025-06-17 21:44:03.953] [DEBUG] 0.0537881 (:0)
[2025-06-17 21:44:03.969] [DEBUG] 0.00077821 (:0)
[2025-06-17 21:44:03.982] [DEBUG] -0.631342 (:0)
[2025-06-17 21:44:03.982] [DEBUG] -0.326101 (:0)
[2025-06-17 21:44:03.997] [DEBUG] -0.107073 (:0)
[2025-06-17 21:44:03.997] [DEBUG] -0.340475 (:0)
[2025-06-17 21:44:04.011] [DEBUG] -0.0940108 (:0)
[2025-06-17 21:44:04.011] [DEBUG] -0.315602 (:0)
[2025-06-17 21:44:04.026] [DEBUG] -0.0856794 (:0)
[2025-06-17 21:44:04.026] [DEBUG] -0.267109 (:0)
[2025-06-17 21:44:04.037] [DEBUG] 0 (:0)
[2025-06-17 21:44:04.037] [DEBUG] 0 (:0)
[2025-06-17 21:44:04.107] [DEBUG] 0.292927 (:0)
[2025-06-17 21:44:04.107] [DEBUG] 0.00688182 (:0)
[2025-06-17 21:44:04.120] [DEBUG] 0.323598 (:0)
[2025-06-17 21:44:04.120] [DEBUG] 0.0157321 (:0)
[2025-06-17 21:44:04.132] [DEBUG] 0.386587 (:0)
[2025-06-17 21:44:04.132] [DEBUG] 0.0285496 (:0)
[2025-06-17 21:44:04.147] [DEBUG] 0.42739 (:0)
[2025-06-17 21:44:04.147] [DEBUG] 0.036759 (:0)
[2025-06-17 21:44:04.161] [DEBUG] 0.441642 (:0)
[2025-06-17 21:44:04.161] [DEBUG] 0.0396582 (:0)
[2025-06-17 21:44:04.174] [DEBUG] 0.462242 (:0)
[2025-06-17 21:44:04.174] [DEBUG] 0.0440223 (:0)
[2025-06-17 21:44:04.189] [DEBUG] 0.468925 (:0)
[2025-06-17 21:44:04.203] [DEBUG] 0 (:0)
[2025-06-17 21:44:04.203] [DEBUG] 0 (:0)
