[2025-05-24 14:34:01.765] [DEBUG] 14:34:01 762 init ffmpeg lib ok  version: 4.2.1 (..\..\ffmpeg\ffmpeg.cpp:54)
[2025-05-24 14:34:06.983] [WARNING] QMetaObject::connectSlotsByName: No matching signal for on_pushButton_transfor_clicked() (kernel\qobject.cpp:3695)
[2025-05-24 14:34:06.991] [WARNING] QMetaObject::connectSlotsByName: No matching signal for on_pushButton_transforToMono_clicked() (kernel\qobject.cpp:3695)
[2025-05-24 14:34:07.228] [DEBUG] Application started. (..\..\mainwindow.cpp:28)
[2025-05-24 14:37:21.505] [DEBUG] 14:37:21 503 init ffmpeg lib ok  version: 4.2.1 (..\..\ffmpeg\ffmpeg.cpp:54)
[2025-05-24 14:37:23.927] [WARNING] QMetaObject::connectSlotsByName: No matching signal for on_pushButton_transfor_clicked() (kernel\qobject.cpp:3695)
[2025-05-24 14:37:23.929] [WARNING] QMetaObject::connectSlotsByName: No matching signal for on_pushButton_transforToMono_clicked() (kernel\qobject.cpp:3695)
[2025-05-24 14:37:24.092] [DEBUG] Application started. (..\..\mainwindow.cpp:28)
[2025-05-24 14:38:54.958] [DEBUG] 14:38:54 957 init ffmpeg lib ok  version: 4.2.1 (..\..\ffmpeg\ffmpeg.cpp:54)
[2025-05-24 14:38:57.059] [WARNING] QMetaObject::connectSlotsByName: No matching signal for on_pushButton_transfor_clicked() (kernel\qobject.cpp:3695)
[2025-05-24 14:38:57.062] [WARNING] QMetaObject::connectSlotsByName: No matching signal for on_pushButton_transforToMono_clicked() (kernel\qobject.cpp:3695)
[2025-05-24 14:38:57.201] [DEBUG] Application started. (..\..\mainwindow.cpp:28)
[2025-05-24 14:40:04.275] [DEBUG] 14:40:04 274 init ffmpeg lib ok  version: 4.2.1 (..\..\ffmpeg\ffmpeg.cpp:54)
[2025-05-24 14:40:06.353] [WARNING] QMetaObject::connectSlotsByName: No matching signal for on_pushButton_transfor_clicked() (kernel\qobject.cpp:3695)
[2025-05-24 14:40:06.355] [WARNING] QMetaObject::connectSlotsByName: No matching signal for on_pushButton_transforToMono_clicked() (kernel\qobject.cpp:3695)
[2025-05-24 14:40:06.490] [DEBUG] Application started. (..\..\mainwindow.cpp:28)
[2025-05-24 14:47:03.618] [DEBUG] 14:47:03 617 init ffmpeg lib ok  version: 4.2.1 (..\..\ffmpeg\ffmpeg.cpp:54)
[2025-05-24 14:47:05.146] [WARNING] QMetaObject::connectSlotsByName: No matching signal for on_pushButton_transfor_clicked() (kernel\qobject.cpp:3695)
[2025-05-24 14:47:05.148] [WARNING] QMetaObject::connectSlotsByName: No matching signal for on_pushButton_transforToMono_clicked() (kernel\qobject.cpp:3695)
[2025-05-24 14:47:05.273] [DEBUG] Application started. (..\..\mainwindow.cpp:28)
[2025-05-24 14:53:33.295] [DEBUG] 14:53:33 293 init ffmpeg lib ok  version: 4.2.1 (..\..\ffmpeg\ffmpeg.cpp:54)
[2025-05-24 14:53:35.398] [WARNING] QMetaObject::connectSlotsByName: No matching signal for on_pushButton_transfor_clicked() (kernel\qobject.cpp:3695)
[2025-05-24 14:53:35.401] [WARNING] QMetaObject::connectSlotsByName: No matching signal for on_pushButton_transforToMono_clicked() (kernel\qobject.cpp:3695)
[2025-05-24 14:53:35.544] [DEBUG] Application started. (..\..\mainwindow.cpp:28)
[2025-05-24 14:56:28.126] [DEBUG] 14:56:28 124 init ffmpeg lib ok  version: 4.2.1 (..\..\ffmpeg\ffmpeg.cpp:54)
[2025-05-24 14:56:29.742] [WARNING] QMetaObject::connectSlotsByName: No matching signal for on_pushButton_transfor_clicked() (kernel\qobject.cpp:3695)
[2025-05-24 14:56:29.744] [WARNING] QMetaObject::connectSlotsByName: No matching signal for on_pushButton_transforToMono_clicked() (kernel\qobject.cpp:3695)
[2025-05-24 14:56:29.870] [DEBUG] Application started. (..\..\mainwindow.cpp:28)
[2025-05-24 14:56:35.680] [DEBUG] 信息录入完成! (..\..\mainwindow.cpp:251)
[2025-05-24 15:00:39.881] [DEBUG] 15:00:39 879 init ffmpeg lib ok  version: 4.2.1 (..\..\ffmpeg\ffmpeg.cpp:54)
[2025-05-24 15:00:42.072] [WARNING] QMetaObject::connectSlotsByName: No matching signal for on_pushButton_transfor_clicked() (kernel\qobject.cpp:3695)
[2025-05-24 15:00:42.077] [WARNING] QMetaObject::connectSlotsByName: No matching signal for on_pushButton_transforToMono_clicked() (kernel\qobject.cpp:3695)
[2025-05-24 15:00:42.235] [DEBUG] Application started. (..\..\mainwindow.cpp:28)
[2025-05-24 15:02:53.343] [DEBUG] 15:02:53 341 init ffmpeg lib ok  version: 4.2.1 (..\..\ffmpeg\ffmpeg.cpp:54)
[2025-05-24 15:02:55.391] [WARNING] QMetaObject::connectSlotsByName: No matching signal for on_pushButton_transfor_clicked() (kernel\qobject.cpp:3695)
[2025-05-24 15:02:55.394] [WARNING] QMetaObject::connectSlotsByName: No matching signal for on_pushButton_transforToMono_clicked() (kernel\qobject.cpp:3695)
[2025-05-24 15:02:55.534] [DEBUG] Application started. (..\..\mainwindow.cpp:28)
[2025-05-24 15:04:28.971] [DEBUG] 15:04:28 970 init ffmpeg lib ok  version: 4.2.1 (..\..\ffmpeg\ffmpeg.cpp:54)
[2025-05-24 15:04:30.605] [WARNING] QMetaObject::connectSlotsByName: No matching signal for on_pushButton_transfor_clicked() (kernel\qobject.cpp:3695)
[2025-05-24 15:04:30.607] [WARNING] QMetaObject::connectSlotsByName: No matching signal for on_pushButton_transforToMono_clicked() (kernel\qobject.cpp:3695)
[2025-05-24 15:04:30.738] [DEBUG] Application started. (..\..\mainwindow.cpp:28)
[2025-05-24 15:05:50.997] [DEBUG] 15:05:50 996 init ffmpeg lib ok  version: 4.2.1 (..\..\ffmpeg\ffmpeg.cpp:54)
[2025-05-24 15:05:52.513] [WARNING] QMetaObject::connectSlotsByName: No matching signal for on_pushButton_transfor_clicked() (kernel\qobject.cpp:3695)
[2025-05-24 15:05:52.515] [WARNING] QMetaObject::connectSlotsByName: No matching signal for on_pushButton_transforToMono_clicked() (kernel\qobject.cpp:3695)
[2025-05-24 15:05:52.640] [DEBUG] Application started. (..\..\mainwindow.cpp:28)
[2025-05-24 15:08:53.968] [DEBUG] 15:08:53 967 init ffmpeg lib ok  version: 4.2.1 (..\..\ffmpeg\ffmpeg.cpp:54)
[2025-05-24 15:08:56.107] [WARNING] QMetaObject::connectSlotsByName: No matching signal for on_pushButton_transfor_clicked() (kernel\qobject.cpp:3695)
[2025-05-24 15:08:56.110] [WARNING] QMetaObject::connectSlotsByName: No matching signal for on_pushButton_transforToMono_clicked() (kernel\qobject.cpp:3695)
[2025-05-24 15:08:56.221] [DEBUG] 504 388 (..\..\mainwindow.cpp:69)
[2025-05-24 15:08:56.258] [DEBUG] Application started. (..\..\mainwindow.cpp:28)
[2025-05-24 15:11:45.447] [DEBUG] 15:11:45 445 init ffmpeg lib ok  version: 4.2.1 (..\..\ffmpeg\ffmpeg.cpp:54)
[2025-05-24 15:11:46.306] [DEBUG] Application started. (..\..\mainwindow.cpp:18)
[2025-05-24 15:11:47.525] [WARNING] QMetaObject::connectSlotsByName: No matching signal for on_pushButton_transfor_clicked() (kernel\qobject.cpp:3695)
[2025-05-24 15:11:47.527] [WARNING] QMetaObject::connectSlotsByName: No matching signal for on_pushButton_transforToMono_clicked() (kernel\qobject.cpp:3695)
[2025-05-24 15:11:47.633] [DEBUG] 630 470 (..\..\mainwindow.cpp:71)
[2025-05-24 15:12:25.592] [DEBUG] 15:12:25 590 init ffmpeg lib ok  version: 4.2.1 (..\..\ffmpeg\ffmpeg.cpp:54)
[2025-05-24 15:12:26.569] [DEBUG] Application started. (..\..\mainwindow.cpp:18)
[2025-05-24 15:12:27.742] [WARNING] QMetaObject::connectSlotsByName: No matching signal for on_pushButton_transfor_clicked() (kernel\qobject.cpp:3695)
[2025-05-24 15:12:27.744] [WARNING] QMetaObject::connectSlotsByName: No matching signal for on_pushButton_transforToMono_clicked() (kernel\qobject.cpp:3695)
[2025-05-24 15:12:27.843] [DEBUG] 630 470 (..\..\mainwindow.cpp:71)
[2025-05-24 15:14:00.856] [DEBUG] 15:14:00 854 init ffmpeg lib ok  version: 4.2.1 (..\..\ffmpeg\ffmpeg.cpp:54)
[2025-05-24 15:14:01.750] [DEBUG] Application started. (..\..\mainwindow.cpp:18)
[2025-05-24 15:14:20.415] [DEBUG] 15:14:20 409 init ffmpeg lib ok  version: 4.2.1 (..\..\ffmpeg\ffmpeg.cpp:54)
[2025-05-24 15:14:21.567] [DEBUG] Application started. (..\..\mainwindow.cpp:18)
[2025-05-24 15:14:22.660] [WARNING] QMetaObject::connectSlotsByName: No matching signal for on_pushButton_transfor_clicked() (kernel\qobject.cpp:3695)
[2025-05-24 15:14:22.663] [WARNING] QMetaObject::connectSlotsByName: No matching signal for on_pushButton_transforToMono_clicked() (kernel\qobject.cpp:3695)
[2025-05-24 15:14:22.768] [DEBUG] 630 470 (..\..\mainwindow.cpp:71)
[2025-05-24 15:19:13.542] [DEBUG] 15:19:13 540 init ffmpeg lib ok  version: 4.2.1 (..\..\ffmpeg\ffmpeg.cpp:54)
[2025-05-24 15:19:14.211] [DEBUG] Application started. (..\..\mainwindow.cpp:18)
[2025-05-24 15:19:15.041] [WARNING] QMetaObject::connectSlotsByName: No matching signal for on_pushButton_transfor_clicked() (kernel\qobject.cpp:3695)
[2025-05-24 15:19:15.043] [WARNING] QMetaObject::connectSlotsByName: No matching signal for on_pushButton_transforToMono_clicked() (kernel\qobject.cpp:3695)
[2025-05-24 15:19:15.142] [DEBUG] 630 470 (..\..\mainwindow.cpp:71)
[2025-05-24 15:19:43.127] [DEBUG] 15:19:43 125 init ffmpeg lib ok  version: 4.2.1 (..\..\ffmpeg\ffmpeg.cpp:54)
[2025-05-24 15:19:43.774] [DEBUG] Application started. (..\..\mainwindow.cpp:18)
[2025-05-24 15:19:44.738] [WARNING] QMetaObject::connectSlotsByName: No matching signal for on_pushButton_transfor_clicked() (kernel\qobject.cpp:3695)
[2025-05-24 15:19:44.740] [WARNING] QMetaObject::connectSlotsByName: No matching signal for on_pushButton_transforToMono_clicked() (kernel\qobject.cpp:3695)
[2025-05-24 15:19:44.836] [DEBUG] 1621 854 (..\..\mainwindow.cpp:71)
[2025-05-24 15:20:22.731] [DEBUG] 15:20:22 730 init ffmpeg lib ok  version: 4.2.1 (..\..\ffmpeg\ffmpeg.cpp:54)
[2025-05-24 15:20:23.398] [DEBUG] Application started. (..\..\mainwindow.cpp:18)
[2025-05-24 15:20:24.245] [WARNING] QMetaObject::connectSlotsByName: No matching signal for on_pushButton_transfor_clicked() (kernel\qobject.cpp:3695)
[2025-05-24 15:20:24.247] [WARNING] QMetaObject::connectSlotsByName: No matching signal for on_pushButton_transforToMono_clicked() (kernel\qobject.cpp:3695)
[2025-05-24 15:20:24.349] [DEBUG] 1621 854 (..\..\mainwindow.cpp:71)
[2025-05-24 15:23:40.683] [DEBUG] 15:23:40 682 init ffmpeg lib ok  version: 4.2.1 (..\..\ffmpeg\ffmpeg.cpp:54)
[2025-05-24 15:23:41.320] [DEBUG] Application started. (..\..\mainwindow.cpp:18)
[2025-05-24 15:23:42.202] [WARNING] QMetaObject::connectSlotsByName: No matching signal for on_pushButton_transfor_clicked() (kernel\qobject.cpp:3695)
[2025-05-24 15:23:42.204] [WARNING] QMetaObject::connectSlotsByName: No matching signal for on_pushButton_transforToMono_clicked() (kernel\qobject.cpp:3695)
[2025-05-24 15:23:42.306] [DEBUG] 1621 854 (..\..\mainwindow.cpp:71)
[2025-05-24 15:24:42.602] [DEBUG] 15:24:42 599 init ffmpeg lib ok  version: 4.2.1 (..\..\ffmpeg\ffmpeg.cpp:54)
[2025-05-24 15:24:43.305] [DEBUG] Application started. (..\..\mainwindow.cpp:18)
[2025-05-24 15:24:44.122] [WARNING] QMetaObject::connectSlotsByName: No matching signal for on_pushButton_transfor_clicked() (kernel\qobject.cpp:3695)
[2025-05-24 15:24:44.124] [WARNING] QMetaObject::connectSlotsByName: No matching signal for on_pushButton_transforToMono_clicked() (kernel\qobject.cpp:3695)
[2025-05-24 15:24:44.224] [DEBUG] 1621 854 (..\..\mainwindow.cpp:71)
[2025-05-24 15:25:31.638] [DEBUG] 15:25:31 637 init ffmpeg lib ok  version: 4.2.1 (..\..\ffmpeg\ffmpeg.cpp:54)
[2025-05-24 15:25:32.337] [DEBUG] Application started. (..\..\mainwindow.cpp:18)
[2025-05-24 15:25:33.164] [WARNING] QMetaObject::connectSlotsByName: No matching signal for on_pushButton_transfor_clicked() (kernel\qobject.cpp:3695)
[2025-05-24 15:25:33.166] [WARNING] QMetaObject::connectSlotsByName: No matching signal for on_pushButton_transforToMono_clicked() (kernel\qobject.cpp:3695)
[2025-05-24 15:25:33.268] [DEBUG] 1621 854 (..\..\mainwindow.cpp:71)
[2025-05-24 15:29:43.641] [DEBUG] 15:29:43 639 init ffmpeg lib ok  version: 4.2.1 (..\..\ffmpeg\ffmpeg.cpp:54)
[2025-05-24 15:29:44.297] [DEBUG] Application started. (..\..\mainwindow.cpp:18)
[2025-05-24 15:29:45.323] [WARNING] QMetaObject::connectSlotsByName: No matching signal for on_pushButton_transfor_clicked() (kernel\qobject.cpp:3695)
[2025-05-24 15:29:45.325] [WARNING] QMetaObject::connectSlotsByName: No matching signal for on_pushButton_transforToMono_clicked() (kernel\qobject.cpp:3695)
[2025-05-24 15:29:45.422] [DEBUG] 1621 854 (..\..\mainwindow.cpp:71)
[2025-05-24 15:32:10.034] [DEBUG] 15:32:10 033 init ffmpeg lib ok  version: 4.2.1 (..\..\ffmpeg\ffmpeg.cpp:54)
[2025-05-24 15:32:10.705] [DEBUG] Application started. (..\..\mainwindow.cpp:18)
[2025-05-24 15:32:11.545] [WARNING] QMetaObject::connectSlotsByName: No matching signal for on_pushButton_transfor_clicked() (kernel\qobject.cpp:3695)
[2025-05-24 15:32:11.547] [WARNING] QMetaObject::connectSlotsByName: No matching signal for on_pushButton_transforToMono_clicked() (kernel\qobject.cpp:3695)
[2025-05-24 15:32:11.650] [DEBUG] 1621 854 (..\..\mainwindow.cpp:71)
[2025-05-24 15:33:15.517] [DEBUG] 15:33:15 515 init ffmpeg lib ok  version: 4.2.1 (..\..\ffmpeg\ffmpeg.cpp:54)
[2025-05-24 15:33:16.187] [DEBUG] Application started. (..\..\mainwindow.cpp:18)
[2025-05-24 15:33:17.132] [WARNING] QMetaObject::connectSlotsByName: No matching signal for on_pushButton_transfor_clicked() (kernel\qobject.cpp:3695)
[2025-05-24 15:33:17.134] [WARNING] QMetaObject::connectSlotsByName: No matching signal for on_pushButton_transforToMono_clicked() (kernel\qobject.cpp:3695)
[2025-05-24 15:33:17.241] [DEBUG] 1621 854 (..\..\mainwindow.cpp:71)
[2025-05-24 15:33:20.054] [DEBUG] 信息录入完成! (..\..\mainwindow.cpp:255)
[2025-05-24 15:38:56.699] [DEBUG] 15:38:56 697 init ffmpeg lib ok  version: 4.2.1 (..\..\ffmpeg\ffmpeg.cpp:54)
[2025-05-24 15:38:58.310] [DEBUG] Application started. (..\..\mainwindow.cpp:18)
[2025-05-24 15:38:59.200] [WARNING] QMetaObject::connectSlotsByName: No matching signal for on_pushButton_transfor_clicked() (kernel\qobject.cpp:3695)
[2025-05-24 15:38:59.202] [WARNING] QMetaObject::connectSlotsByName: No matching signal for on_pushButton_transforToMono_clicked() (kernel\qobject.cpp:3695)
[2025-05-24 15:38:59.298] [DEBUG] 1621 854 (..\..\mainwindow.cpp:71)
[2025-05-24 15:40:11.162] [DEBUG] 15:40:11 161 init ffmpeg lib ok  version: 4.2.1 (..\..\ffmpeg\ffmpeg.cpp:54)
[2025-05-24 15:40:11.929] [DEBUG] Application started. (..\..\mainwindow.cpp:18)
[2025-05-24 15:40:12.831] [WARNING] QMetaObject::connectSlotsByName: No matching signal for on_pushButton_transfor_clicked() (kernel\qobject.cpp:3695)
[2025-05-24 15:40:12.833] [WARNING] QMetaObject::connectSlotsByName: No matching signal for on_pushButton_transforToMono_clicked() (kernel\qobject.cpp:3695)
[2025-05-24 15:40:12.932] [DEBUG] 1621 854 (..\..\mainwindow.cpp:71)
