[2025-06-19 14:08:26.203] [DEBUG] 14:08:26 201 init ffmpeg lib ok  version: 4.2.1 (:0)
[2025-06-19 14:08:26.461] [DEBUG] Application started. (:0)
[2025-06-19 14:08:26.905] [WARNING] QMetaObject::connectSlotsByName: No matching signal for on_pushButton_transfor_clicked() (:0)
[2025-06-19 14:08:26.905] [WARNING] QMetaObject::connectSlotsByName: No matching signal for on_pushButton_transforToMono_clicked() (:0)
[2025-06-19 14:08:26.905] [WARNING] QMetaObject::connectSlotsByName: No matching signal for on_exit_btn_clicked() (:0)
[2025-06-19 14:08:26.905] [WARNING] QMetaObject::connectSlotsByName: No matching signal for on_pushButton_7_clicked() (:0)
[2025-06-19 14:08:26.905] [WARNING] QMetaObject::connectSlotsByName: No matching signal for on_pushButton_6_clicked() (:0)
[2025-06-19 14:08:26.905] [WARNING] QMetaObject::connectSlotsByName: No matching signal for on_pushButton_3_clicked() (:0)
[2025-06-19 14:08:26.905] [WARNING] QMetaObject::connectSlotsByName: No matching signal for on_pushButton_5_clicked() (:0)
[2025-06-19 14:08:26.905] [WARNING] QMetaObject::connectSlotsByName: No matching signal for on_pushButton_4_clicked() (:0)
[2025-06-19 14:08:26.905] [WARNING] QMetaObject::connectSlotsByName: No matching signal for on_pushButton_2_clicked() (:0)
[2025-06-19 14:08:26.905] [WARNING] QMetaObject::connectSlotsByName: No matching signal for on_pushButton_9_clicked() (:0)
[2025-06-19 14:08:26.905] [WARNING] QMetaObject::connectSlotsByName: No matching signal for on_pushButton_8_clicked() (:0)
[2025-06-19 14:08:26.921] [DEBUG] 1621 854 (:0)
[2025-06-19 14:08:26.926] [DEBUG] RTSP URL is: "rtsp://192.168.2.65" (:0)
[2025-06-19 14:08:26.926] [DEBUG] RTSP URL is: "rtsp://192.168.2.66" (:0)
[2025-06-19 14:08:26.926] [DEBUG] RTSP URL is: "rtsp://192.168.2.99:8554/stream" (:0)
[2025-06-19 14:08:26.926] [DEBUG] RTSP URL is: "rtsp://192.168.2.67" (:0)
[2025-06-19 14:08:26.926] [DEBUG] RTSP URL is: "rtsp://192.168.2.68" (:0)
[2025-06-19 14:08:26.926] [INFO] 数据库成功连接! (:0)
[2025-06-19 14:08:26.929] [DEBUG] "C:/Users/BotSystem/Desktop/Pipe/logs/app_2025-06-19.log" (:0)
[2025-06-19 14:08:30.281] [DEBUG] 14:08:30 281 open input error "rtsp://192.168.2.67" (:0)
[2025-06-19 14:08:30.281] [DEBUG] 14:08:30 281 open input error "rtsp://192.168.2.65" (:0)
[2025-06-19 14:08:30.281] [DEBUG] 14:08:30 281 open input error "rtsp://192.168.2.66" (:0)
[2025-06-19 14:08:30.281] [DEBUG] 14:08:30 281 open input error "rtsp://192.168.2.68" (:0)
[2025-06-19 14:08:30.281] [DEBUG] 14:08:30 281 open input error "rtsp://192.168.2.99:8554/stream" (:0)
[2025-06-19 14:08:30.282] [DEBUG] 14:08:30 281 stop ffmpeg thread (:0)
[2025-06-19 14:08:30.282] [DEBUG] 14:08:30 281 stop ffmpeg thread (:0)
[2025-06-19 14:08:30.282] [DEBUG] 14:08:30 281 stop ffmpeg thread (:0)
[2025-06-19 14:08:30.282] [DEBUG] 14:08:30 281 stop ffmpeg thread (:0)
[2025-06-19 14:08:30.282] [DEBUG] 14:08:30 281 stop ffmpeg thread (:0)
[2025-06-19 14:08:46.482] [DEBUG] received data -------- (:0)
[2025-06-19 14:08:46.482] [DEBUG] "\xFF\xFE\xFD\xFC\x0B\f\x02\x01\x02\x03\x04" (:0)
[2025-06-19 14:08:46.544] [DEBUG] received data -------- (:0)
[2025-06-19 14:08:46.550] [DEBUG] "\xFF\xFE\xFD\xFC\x0B\f\x02\x01\x02\x03\x04" (:0)
[2025-06-19 14:08:48.100] [DEBUG] received data -------- (:0)
[2025-06-19 14:08:48.452] [DEBUG] received data -------- (:0)
[2025-06-19 14:08:48.452] [DEBUG] "\xFF\xFE\xFD\xFC\x0B\f\x02\x01\x02\x03\x04" (:0)
[2025-06-19 14:08:48.509] [DEBUG] received data -------- (:0)
[2025-06-19 14:08:48.509] [DEBUG] "\xFF\xFE\xFD\xFC\x0B\f\x02\x01\x02\x03\x04" (:0)
[2025-06-19 14:08:48.564] [DEBUG] "\xFF\xFE\xFD\xFC\x0B\f\x02\x01\x02\x03\x04" (:0)
[2025-06-19 14:08:48.622] [DEBUG] received data -------- (:0)
[2025-06-19 14:08:48.622] [DEBUG] "\xFF\xFE\xFD\xFC\x0B\f\x02\x01\x02\x03\x04" (:0)
[2025-06-19 14:08:48.679] [DEBUG] "\xFF\xFE\xFD\xFC\x0B\f\x02\x01\x02\x03\x04" (:0)
[2025-06-19 14:08:48.741] [DEBUG] received data -------- (:0)
[2025-06-19 14:08:48.741] [DEBUG] "\xFF\xFE\xFD\xFC\x0B\f\x02\x01\x02\x03\x04" (:0)
[2025-06-19 14:08:49.729] [DEBUG] received data -------- (:0)
[2025-06-19 14:08:49.834] [DEBUG] received data -------- (:0)
[2025-06-19 14:08:49.892] [DEBUG] received data -------- (:0)
[2025-06-19 14:08:49.946] [DEBUG] received data -------- (:0)
[2025-06-19 14:08:49.999] [DEBUG] received data -------- (:0)
[2025-06-19 14:08:50.401] [DEBUG] received data -------- (:0)
[2025-06-19 14:08:50.401] [DEBUG] "\xFF\xFE\xFD\xFC\x0B\f\x02\x01\x02\x03\x04" (:0)
[2025-06-19 14:08:50.467] [DEBUG] received data -------- (:0)
[2025-06-19 14:08:50.467] [DEBUG] "\xFF\xFE\xFD\xFC\x0B\f\x02\x01\x02\x03\x04" (:0)
[2025-06-19 14:08:50.524] [DEBUG] "\xFF\xFE\xFD\xFC\x0B\f\x02\x01\x02\x03\x04" (:0)
[2025-06-19 14:08:50.588] [DEBUG] "\xFF\xFE\xFD\xFC\x0B\f\x02\x01\x02\x03\x04" (:0)
[2025-06-19 14:08:50.646] [DEBUG] received data -------- (:0)
[2025-06-19 14:08:50.646] [DEBUG] "\xFF\xFE\xFD\xFC\x0B\f\x02\x01\x02\x03\x04" (:0)
[2025-06-19 14:08:50.704] [DEBUG] "\xFF\xFE\xFD\xFC\x0B\f\x02\x01\x02\x03\x04" (:0)
[2025-06-19 14:08:50.766] [DEBUG] "\xFF\xFE\xFD\xFC\x0B\f\x02\x01\x02\x03\x04" (:0)
[2025-06-19 14:08:50.825] [DEBUG] "\xFF\xFE\xFD\xFC\x0B\f\x02\x01\x02\x03\x04" (:0)
[2025-06-19 14:08:52.001] [DEBUG] received data -------- (:0)
[2025-06-19 14:08:52.001] [DEBUG] "\xFF\xFE\xFD\xFC\x0B\f\x02\x01\x02\x03\x04" (:0)
[2025-06-19 14:08:52.427] [DEBUG] received data -------- (:0)
[2025-06-19 14:08:52.493] [DEBUG] received data -------- (:0)
[2025-06-19 14:08:52.551] [DEBUG] received data -------- (:0)
[2025-06-19 14:08:52.610] [DEBUG] received data -------- (:0)
[2025-06-19 14:08:52.726] [DEBUG] received data -------- (:0)
[2025-06-19 14:08:52.846] [DEBUG] received data -------- (:0)
[2025-06-19 14:08:53.975] [DEBUG] received data -------- (:0)
[2025-06-19 14:08:53.975] [DEBUG] "\xFF\xFE\xFD\xFC\x0B\f\x02\x01\x02\x03\x04" (:0)
[2025-06-19 14:08:54.034] [DEBUG] received data -------- (:0)
[2025-06-19 14:08:54.034] [DEBUG] "\xFF\xFE\xFD\xFC\x0B\f\x02\x01\x02\x03\x04" (:0)
[2025-06-19 14:08:54.090] [DEBUG] "\xFF\xFE\xFD\xFC\x0B\f\x02\x01\x02\x03\x04" (:0)
[2025-06-19 14:08:54.147] [DEBUG] received data -------- (:0)
[2025-06-19 14:08:54.147] [DEBUG] "\xFF\xFE\xFD\xFC\x0B\f\x02\x01\x02\x03\x04" (:0)
[2025-06-19 14:08:54.207] [DEBUG] "\xFF\xFE\xFD\xFC\x0B\f\x02\x01\x02\x03\x04" (:0)
[2025-06-19 14:08:54.267] [DEBUG] "\xFF\xFE\xFD\xFC\x0B\f\x02\x01\x02\x03\x04" (:0)
[2025-06-19 14:08:54.318] [DEBUG] received data -------- (:0)
[2025-06-19 14:08:54.318] [DEBUG] "\xFF\xFE\xFD\xFC\x0B\f\x02\x01\x02\x03\x04" (:0)
[2025-06-19 14:08:54.382] [DEBUG] "\xFF\xFE\xFD\xFC\x0B\f\x02\x01\x02\x03\x04" (:0)
[2025-06-19 14:08:54.441] [DEBUG] "\xFF\xFE\xFD\xFC\x0B\f\x02\x01\x02\x03\x04" (:0)
[2025-06-19 14:08:55.445] [DEBUG] received data -------- (:0)
[2025-06-19 14:08:55.514] [DEBUG] received data -------- (:0)
[2025-06-19 14:08:55.580] [DEBUG] received data -------- (:0)
[2025-06-19 14:08:55.638] [DEBUG] received data -------- (:0)
[2025-06-19 14:08:55.756] [DEBUG] received data -------- (:0)
[2025-06-19 14:08:55.875] [DEBUG] received data -------- (:0)
[2025-06-19 14:08:56.964] [DEBUG] received data -------- (:0)
[2025-06-19 14:08:56.964] [DEBUG] "\xFF\xFE\xFD\xFC\x0B\f\x02\x01\x02\x03\x04" (:0)
[2025-06-19 14:08:57.028] [DEBUG] received data -------- (:0)
[2025-06-19 14:08:57.028] [DEBUG] "\xFF\xFE\xFD\xFC\x0B\f\x02\x01\x02\x03\x04" (:0)
[2025-06-19 14:08:57.090] [DEBUG] "\xFF\xFE\xFD\xFC\x0B\f\x02\x01\x02\x03\x04" (:0)
[2025-06-19 14:08:57.152] [DEBUG] received data -------- (:0)
[2025-06-19 14:08:57.152] [DEBUG] "\xFF\xFE\xFD\xFC\x0B\f\x02\x01\x02\x03\x04" (:0)
[2025-06-19 14:08:57.215] [DEBUG] "\xFF\xFE\xFD\xFC\x0B\f\x02\x01\x02\x03\x04" (:0)
[2025-06-19 14:08:57.276] [DEBUG] "\xFF\xFE\xFD\xFC\x0B\f\x02\x01\x02\x03\x04" (:0)
[2025-06-19 14:08:57.340] [DEBUG] received data -------- (:0)
[2025-06-19 14:08:57.340] [DEBUG] "\xFF\xFE\xFD\xFC\x0B\f\x02\x01\x02\x03\x04" (:0)
[2025-06-19 14:08:57.398] [DEBUG] received data -------- (:0)
[2025-06-19 14:08:57.398] [DEBUG] "\xFF\xFE\xFD\xFC\x0B\f\x02\x01\x02\x03\x04" (:0)
[2025-06-19 14:08:58.354] [DEBUG] received data -------- (:0)
[2025-06-19 14:08:58.421] [DEBUG] received data -------- (:0)
[2025-06-19 14:08:58.478] [DEBUG] received data -------- (:0)
[2025-06-19 14:08:58.592] [DEBUG] received data -------- (:0)
[2025-06-19 14:08:58.713] [DEBUG] received data -------- (:0)
[2025-06-19 14:08:58.889] [DEBUG] received data -------- (:0)
[2025-06-19 14:08:59.788] [DEBUG] received data -------- (:0)
[2025-06-19 14:08:59.789] [DEBUG] "\xFF\xFE\xFD\xFC\x0B\f\x02\x01\x02\x03\x04" (:0)
[2025-06-19 14:08:59.849] [DEBUG] received data -------- (:0)
[2025-06-19 14:08:59.849] [DEBUG] "\xFF\xFE\xFD\xFC\x0B\f\x02\x01\x02\x03\x04" (:0)
[2025-06-19 14:08:59.912] [DEBUG] "\xFF\xFE\xFD\xFC\x0B\f\x02\x01\x02\x03\x04" (:0)
[2025-06-19 14:08:59.971] [DEBUG] received data -------- (:0)
[2025-06-19 14:08:59.971] [DEBUG] "\xFF\xFE\xFD\xFC\x0B\f\x02\x01\x02\x03\x04" (:0)
[2025-06-19 14:09:00.032] [DEBUG] "\xFF\xFE\xFD\xFC\x0B\f\x02\x01\x02\x03\x04" (:0)
[2025-06-19 14:09:00.095] [DEBUG] "\xFF\xFE\xFD\xFC\x0B\f\x02\x01\x02\x03\x04" (:0)
[2025-06-19 14:09:00.154] [DEBUG] "\xFF\xFE\xFD\xFC\x0B\f\x02\x01\x02\x03\x04" (:0)
[2025-06-19 14:09:00.216] [DEBUG] received data -------- (:0)
[2025-06-19 14:09:00.216] [DEBUG] "\xFF\xFE\xFD\xFC\x0B\f\x02\x01\x02\x03\x04" (:0)
[2025-06-19 14:09:00.278] [DEBUG] "\xFF\xFE\xFD\xFC\x0B\f\x02\x01\x02\x03\x04" (:0)
[2025-06-19 14:09:00.338] [DEBUG] "\xFF\xFE\xFD\xFC\x0B\f\x02\x01\x02\x03\x04" (:0)
[2025-06-19 14:09:00.580] [DEBUG] received data -------- (:0)
[2025-06-19 14:09:00.634] [DEBUG] received data -------- (:0)
[2025-06-19 14:09:00.755] [DEBUG] received data -------- (:0)
[2025-06-19 14:09:01.119] [DEBUG] received data -------- (:0)
[2025-06-19 14:09:01.857] [DEBUG] received data -------- (:0)
[2025-06-19 14:09:01.921] [DEBUG] received data -------- (:0)
[2025-06-19 14:09:01.978] [DEBUG] received data -------- (:0)
[2025-06-19 14:09:03.099] [DEBUG] received data -------- (:0)
[2025-06-19 14:09:03.166] [DEBUG] received data -------- (:0)
[2025-06-19 14:09:03.286] [DEBUG] received data -------- (:0)
[2025-06-19 14:09:04.121] [DEBUG] received data -------- (:0)
[2025-06-19 14:09:04.184] [DEBUG] received data -------- (:0)
[2025-06-19 14:09:04.460] [DEBUG] received data -------- (:0)
[2025-06-19 14:09:04.516] [DEBUG] received data -------- (:0)
[2025-06-19 14:09:04.571] [DEBUG] received data -------- (:0)
[2025-06-19 14:09:04.635] [DEBUG] received data -------- (:0)
[2025-06-19 14:09:04.862] [DEBUG] received data -------- (:0)
[2025-06-19 14:09:05.892] [DEBUG] received data -------- (:0)
[2025-06-19 14:09:05.945] [DEBUG] received data -------- (:0)
[2025-06-19 14:09:06.125] [DEBUG] received data -------- (:0)
[2025-06-19 14:09:08.537] [DEBUG] received data -------- (:0)
[2025-06-19 14:09:08.605] [DEBUG] received data -------- (:0)
[2025-06-19 14:09:08.661] [DEBUG] received data -------- (:0)
[2025-06-19 14:09:08.723] [DEBUG] received data -------- (:0)
[2025-06-19 14:09:09.213] [DEBUG] received data -------- (:0)
[2025-06-19 14:09:10.461] [DEBUG] received data -------- (:0)
[2025-06-19 14:09:11.995] [DEBUG] received data -------- (:0)
[2025-06-19 14:09:13.080] [DEBUG] received data -------- (:0)
[2025-06-19 14:09:15.084] [DEBUG] received data -------- (:0)
[2025-06-19 14:09:16.995] [DEBUG] received data -------- (:0)
[2025-06-19 14:09:17.099] [DEBUG] received data -------- (:0)
[2025-06-19 14:09:17.188] [DEBUG] received data -------- (:0)
