[2025-05-26 12:23:27.882] [DEBUG] 12:23:27 872 init ffmpeg lib ok  version: 4.2.1 (..\..\ffmpeg\ffmpeg.cpp:54)
[2025-05-26 12:23:30.001] [DEBUG] Application started. (..\..\mainwindow.cpp:18)
[2025-05-26 12:23:32.325] [WARNING] QMetaObject::connectSlotsByName: No matching signal for on_pushButton_transfor_clicked() (kernel\qobject.cpp:3695)
[2025-05-26 12:23:32.327] [WARNING] QMetaObject::connectSlotsByName: No matching signal for on_pushButton_transforToMono_clicked() (kernel\qobject.cpp:3695)
[2025-05-26 12:23:32.444] [DEBUG] 1621 854 (..\..\mainwindow.cpp:71)
[2025-05-26 12:23:32.472] [INFO] 数据库成功连接! (..\..\mainwindow.cpp:115)
[2025-05-26 12:23:47.691] [INFO] 信息录入完成! (..\..\mainwindow.cpp:235)
[2025-05-26 12:25:33.912] [DEBUG] 12:25:33 910 init ffmpeg lib ok  version: 4.2.1 (..\..\ffmpeg\ffmpeg.cpp:54)
[2025-05-26 12:25:34.546] [DEBUG] Application started. (..\..\mainwindow.cpp:18)
[2025-05-26 12:25:35.384] [WARNING] QMetaObject::connectSlotsByName: No matching signal for on_pushButton_transfor_clicked() (kernel\qobject.cpp:3695)
[2025-05-26 12:25:35.386] [WARNING] QMetaObject::connectSlotsByName: No matching signal for on_pushButton_transforToMono_clicked() (kernel\qobject.cpp:3695)
[2025-05-26 12:25:35.486] [DEBUG] 1621 854 (..\..\mainwindow.cpp:71)
[2025-05-26 12:25:35.492] [INFO] 数据库成功连接! (..\..\mainwindow.cpp:115)
[2025-05-26 13:58:39.954] [DEBUG] 13:58:39 952 init ffmpeg lib ok  version: 4.2.1 (..\..\ffmpeg\ffmpeg.cpp:54)
[2025-05-26 13:58:41.292] [DEBUG] Application started. (..\..\mainwindow.cpp:18)
[2025-05-26 13:58:42.256] [WARNING] QMetaObject::connectSlotsByName: No matching signal for on_pushButton_transfor_clicked() (kernel\qobject.cpp:3695)
[2025-05-26 13:58:42.258] [WARNING] QMetaObject::connectSlotsByName: No matching signal for on_pushButton_transforToMono_clicked() (kernel\qobject.cpp:3695)
[2025-05-26 13:58:42.368] [DEBUG] 1621 854 (..\..\mainwindow.cpp:71)
[2025-05-26 13:58:42.405] [INFO] 数据库成功连接! (..\..\mainwindow.cpp:115)
[2025-05-26 13:58:49.810] [INFO] 信息录入完成! (..\..\mainwindow.cpp:235)
[2025-05-26 13:59:16.813] [INFO] 信息录入完成! (..\..\mainwindow.cpp:235)
[2025-05-26 14:01:30.718] [DEBUG] 14:01:30 716 init ffmpeg lib ok  version: 4.2.1 (..\..\ffmpeg\ffmpeg.cpp:54)
[2025-05-26 14:01:31.263] [DEBUG] Application started. (..\..\mainwindow.cpp:18)
[2025-05-26 14:01:31.997] [WARNING] QMetaObject::connectSlotsByName: No matching signal for on_pushButton_transfor_clicked() (kernel\qobject.cpp:3695)
[2025-05-26 14:01:31.999] [WARNING] QMetaObject::connectSlotsByName: No matching signal for on_pushButton_transforToMono_clicked() (kernel\qobject.cpp:3695)
[2025-05-26 14:01:32.117] [DEBUG] 1621 854 (..\..\mainwindow.cpp:71)
[2025-05-26 14:01:32.127] [INFO] 数据库成功连接! (..\..\mainwindow.cpp:115)
[2025-05-26 14:01:41.326] [INFO] 信息录入完成! (..\..\mainwindow.cpp:235)
[2025-05-26 15:03:09.816] [DEBUG] 15:03:09 814 init ffmpeg lib ok  version: 4.2.1 (..\..\ffmpeg\ffmpeg.cpp:54)
[2025-05-26 15:03:11.299] [DEBUG] Application started. (..\..\mainwindow.cpp:18)
[2025-05-26 15:03:12.794] [WARNING] QMetaObject::connectSlotsByName: No matching signal for on_pushButton_transfor_clicked() (kernel\qobject.cpp:3695)
[2025-05-26 15:03:12.798] [WARNING] QMetaObject::connectSlotsByName: No matching signal for on_pushButton_transforToMono_clicked() (kernel\qobject.cpp:3695)
[2025-05-26 15:03:13.008] [DEBUG] 1621 854 (..\..\mainwindow.cpp:71)
[2025-05-26 15:03:13.050] [INFO] 数据库成功连接! (..\..\mainwindow.cpp:115)
[2025-05-26 15:03:54.391] [INFO] 信息录入完成! (..\..\mainwindow.cpp:235)
[2025-05-26 19:39:33.105] [DEBUG] 19:39:33 101 init ffmpeg lib ok  version: 4.2.1 (..\..\ffmpeg\ffmpeg.cpp:54)
[2025-05-26 19:39:34.832] [DEBUG] Application started. (..\..\mainwindow.cpp:18)
[2025-05-26 19:39:36.849] [WARNING] QMetaObject::connectSlotsByName: No matching signal for on_pushButton_transfor_clicked() (kernel\qobject.cpp:3695)
[2025-05-26 19:39:36.851] [WARNING] QMetaObject::connectSlotsByName: No matching signal for on_pushButton_transforToMono_clicked() (kernel\qobject.cpp:3695)
[2025-05-26 19:39:36.983] [DEBUG] 1621 854 (..\..\mainwindow.cpp:71)
[2025-05-26 19:39:37.020] [INFO] 数据库成功连接! (..\..\mainwindow.cpp:115)
