[2025-05-22 11:31:14.590] [WARNING] QMetaObject::connectSlotsByName: No matching signal for on_pushButton_transfor_clicked() (:0)
[2025-05-22 11:31:14.649] [DEBUG] Application started. (..\..\..\mainwindow.cpp:26)
[2025-05-22 14:39:51.169] [DEBUG] 信息录入完成! (..\..\..\mainwindow.cpp:235)
[2025-05-22 14:45:08.323] [WARNING] QMetaObject::connectSlotsByName: No matching signal for on_pushButton_transfor_clicked() (:0)
[2025-05-22 14:45:08.406] [DEBUG] Application started. (..\..\..\mainwindow.cpp:26)
[2025-05-22 14:51:49.862] [WARNING] QMetaObject::connectSlotsByName: No matching signal for on_pushButton_transfor_clicked() (:0)
[2025-05-22 14:51:49.921] [DEBUG] Application started. (..\..\..\mainwindow.cpp:26)
[2025-05-22 14:52:34.378] [WARNING] QMetaObject::connectSlotsByName: No matching signal for on_pushButton_transfor_clicked() (:0)
[2025-05-22 14:52:34.438] [DEBUG] Application started. (..\..\..\mainwindow.cpp:26)
[2025-05-22 15:00:01.110] [WARNING] QMetaObject::connectSlotsByName: No matching signal for on_pushButton_transfor_clicked() (:0)
[2025-05-22 15:00:01.173] [DEBUG] Application started. (..\..\..\mainwindow.cpp:26)
[2025-05-22 15:03:10.917] [WARNING] QMetaObject::connectSlotsByName: No matching signal for on_pushButton_transfor_clicked() (:0)
[2025-05-22 15:03:10.964] [WARNING] QWidget::setLayout: Attempting to set QLayout "gridLayout_2" on MainWindow "MainWindow", which already has a layout (:0)
[2025-05-22 15:03:10.982] [DEBUG] Application started. (..\..\..\mainwindow.cpp:27)
[2025-05-22 15:33:15.109] [WARNING] QMetaObject::connectSlotsByName: No matching signal for on_pushButton_transfor_clicked() (:0)
[2025-05-22 15:33:15.187] [WARNING] QWidget::setLayout: Attempting to set QLayout "gridLayout_3" on MainWindow "MainWindow", which already has a layout (:0)
[2025-05-22 15:33:15.210] [DEBUG] Application started. (..\..\..\mainwindow.cpp:27)
[2025-05-22 15:36:58.114] [WARNING] QMetaObject::connectSlotsByName: No matching signal for on_pushButton_transfor_clicked() (:0)
[2025-05-22 15:36:58.171] [DEBUG] Application started. (..\..\..\mainwindow.cpp:27)
[2025-05-22 15:37:17.024] [DEBUG] 信息录入完成! (..\..\..\mainwindow.cpp:236)
[2025-05-22 15:38:57.041] [WARNING] QMetaObject::connectSlotsByName: No matching signal for on_pushButton_transfor_clicked() (:0)
[2025-05-22 15:38:57.099] [DEBUG] Application started. (..\..\..\mainwindow.cpp:27)
[2025-05-22 15:41:25.833] [WARNING] QMetaObject::connectSlotsByName: No matching signal for on_pushButton_transfor_clicked() (:0)
[2025-05-22 15:41:25.889] [DEBUG] Application started. (..\..\..\mainwindow.cpp:27)
[2025-05-22 15:41:42.869] [WARNING] QMetaObject::connectSlotsByName: No matching signal for on_pushButton_transfor_clicked() (:0)
[2025-05-22 15:41:42.924] [DEBUG] Application started. (..\..\..\mainwindow.cpp:27)
[2025-05-22 15:42:50.603] [WARNING] QMetaObject::connectSlotsByName: No matching signal for on_pushButton_transfor_clicked() (:0)
[2025-05-22 15:42:50.659] [DEBUG] Application started. (..\..\..\mainwindow.cpp:27)
[2025-05-22 15:43:00.583] [DEBUG] 信息录入完成! (..\..\..\mainwindow.cpp:236)
[2025-05-22 15:43:55.380] [WARNING] QMetaObject::connectSlotsByName: No matching signal for on_pushButton_transfor_clicked() (:0)
[2025-05-22 15:43:55.438] [DEBUG] Application started. (..\..\..\mainwindow.cpp:27)
[2025-05-22 15:44:05.244] [WARNING] QMetaObject::connectSlotsByName: No matching signal for on_pushButton_transfor_clicked() (:0)
[2025-05-22 15:44:05.305] [DEBUG] Application started. (..\..\..\mainwindow.cpp:27)
[2025-05-22 15:46:47.698] [WARNING] QMetaObject::connectSlotsByName: No matching signal for on_pushButton_transfor_clicked() (:0)
[2025-05-22 15:46:47.752] [DEBUG] Application started. (..\..\..\mainwindow.cpp:27)
[2025-05-22 15:47:08.613] [WARNING] QMetaObject::connectSlotsByName: No matching signal for on_pushButton_transfor_clicked() (:0)
[2025-05-22 15:47:08.681] [DEBUG] Application started. (..\..\..\mainwindow.cpp:27)
[2025-05-22 15:48:19.108] [WARNING] QMetaObject::connectSlotsByName: No matching signal for on_pushButton_transfor_clicked() (:0)
[2025-05-22 15:48:19.167] [DEBUG] Application started. (..\..\..\mainwindow.cpp:27)
[2025-05-22 15:48:25.373] [DEBUG] 信息录入完成! (..\..\..\mainwindow.cpp:236)
[2025-05-22 15:50:38.416] [WARNING] QMetaObject::connectSlotsByName: No matching signal for on_pushButton_transfor_clicked() (:0)
[2025-05-22 15:50:38.478] [DEBUG] Application started. (..\..\..\mainwindow.cpp:27)
[2025-05-22 15:50:44.843] [WARNING] QMetaObject::connectSlotsByName: No matching signal for on_pushButton_transfor_clicked() (:0)
[2025-05-22 15:50:44.901] [DEBUG] Application started. (..\..\..\mainwindow.cpp:27)
[2025-05-22 15:53:17.237] [WARNING] QMetaObject::connectSlotsByName: No matching signal for on_pushButton_transfor_clicked() (:0)
[2025-05-22 15:53:17.304] [DEBUG] Application started. (..\..\..\mainwindow.cpp:27)
[2025-05-22 16:09:47.965] [WARNING] QMetaObject::connectSlotsByName: No matching signal for on_pushButton_transfor_clicked() (:0)
[2025-05-22 16:09:48.026] [DEBUG] Application started. (..\..\..\mainwindow.cpp:27)
[2025-05-22 16:11:09.256] [WARNING] QMetaObject::connectSlotsByName: No matching signal for on_pushButton_transfor_clicked() (:0)
[2025-05-22 16:11:09.311] [DEBUG] Application started. (..\..\..\mainwindow.cpp:27)
[2025-05-22 16:29:36.887] [WARNING] QMetaObject::connectSlotsByName: No matching signal for on_pushButton_transfor_clicked() (:0)
[2025-05-22 16:29:36.888] [WARNING] QMetaObject::connectSlotsByName: No matching signal for on_pushButton_transforToMono_clicked() (:0)
[2025-05-22 16:29:36.945] [DEBUG] Application started. (..\..\..\mainwindow.cpp:27)
[2025-05-22 16:30:05.452] [WARNING] QMetaObject::connectSlotsByName: No matching signal for on_pushButton_transfor_clicked() (:0)
[2025-05-22 16:30:05.453] [WARNING] QMetaObject::connectSlotsByName: No matching signal for on_pushButton_transforToMono_clicked() (:0)
[2025-05-22 16:30:05.508] [DEBUG] Application started. (..\..\..\mainwindow.cpp:27)
[2025-05-22 16:30:31.381] [WARNING] QMetaObject::connectSlotsByName: No matching signal for on_pushButton_transfor_clicked() (:0)
[2025-05-22 16:30:31.382] [WARNING] QMetaObject::connectSlotsByName: No matching signal for on_pushButton_transforToMono_clicked() (:0)
[2025-05-22 16:30:31.441] [DEBUG] Application started. (..\..\..\mainwindow.cpp:27)
[2025-05-22 16:34:46.817] [WARNING] QMetaObject::connectSlotsByName: No matching signal for on_pushButton_transfor_clicked() (:0)
[2025-05-22 16:34:46.818] [WARNING] QMetaObject::connectSlotsByName: No matching signal for on_pushButton_transforToMono_clicked() (:0)
[2025-05-22 16:34:46.877] [DEBUG] Application started. (..\..\..\mainwindow.cpp:27)
[2025-05-22 16:35:02.576] [WARNING] QMetaObject::connectSlotsByName: No matching signal for on_pushButton_transfor_clicked() (:0)
[2025-05-22 16:35:02.577] [WARNING] QMetaObject::connectSlotsByName: No matching signal for on_pushButton_transforToMono_clicked() (:0)
[2025-05-22 16:35:02.630] [DEBUG] Application started. (..\..\..\mainwindow.cpp:27)
[2025-05-22 16:35:46.635] [WARNING] QMetaObject::connectSlotsByName: No matching signal for on_pushButton_transfor_clicked() (:0)
[2025-05-22 16:35:46.636] [WARNING] QMetaObject::connectSlotsByName: No matching signal for on_pushButton_transforToMono_clicked() (:0)
[2025-05-22 16:35:46.691] [DEBUG] Application started. (..\..\..\mainwindow.cpp:27)
[2025-05-22 16:36:33.057] [WARNING] QMetaObject::connectSlotsByName: No matching signal for on_pushButton_transfor_clicked() (:0)
[2025-05-22 16:36:33.057] [WARNING] QMetaObject::connectSlotsByName: No matching signal for on_pushButton_transforToMono_clicked() (:0)
[2025-05-22 16:36:33.122] [DEBUG] Application started. (..\..\..\mainwindow.cpp:27)
[2025-05-22 16:37:51.745] [WARNING] QMetaObject::connectSlotsByName: No matching signal for on_pushButton_transfor_clicked() (:0)
[2025-05-22 16:37:51.746] [WARNING] QMetaObject::connectSlotsByName: No matching signal for on_pushButton_transforToMono_clicked() (:0)
[2025-05-22 16:37:51.806] [DEBUG] Application started. (..\..\..\mainwindow.cpp:27)
[2025-05-22 16:38:05.646] [WARNING] QMetaObject::connectSlotsByName: No matching signal for on_pushButton_transfor_clicked() (:0)
[2025-05-22 16:38:05.647] [WARNING] QMetaObject::connectSlotsByName: No matching signal for on_pushButton_transforToMono_clicked() (:0)
[2025-05-22 16:38:05.706] [DEBUG] Application started. (..\..\..\mainwindow.cpp:27)
[2025-05-22 16:39:56.558] [WARNING] QMetaObject::connectSlotsByName: No matching signal for on_pushButton_transfor_clicked() (:0)
[2025-05-22 16:39:56.558] [WARNING] QMetaObject::connectSlotsByName: No matching signal for on_pushButton_transforToMono_clicked() (:0)
[2025-05-22 16:39:56.616] [DEBUG] Application started. (..\..\..\mainwindow.cpp:27)
[2025-05-22 16:40:41.937] [WARNING] QMetaObject::connectSlotsByName: No matching signal for on_pushButton_transfor_clicked() (:0)
[2025-05-22 16:40:41.937] [WARNING] QMetaObject::connectSlotsByName: No matching signal for on_pushButton_transforToMono_clicked() (:0)
[2025-05-22 16:40:42.002] [DEBUG] Application started. (..\..\..\mainwindow.cpp:27)
[2025-05-22 16:41:03.016] [WARNING] QMetaObject::connectSlotsByName: No matching signal for on_pushButton_transfor_clicked() (:0)
[2025-05-22 16:41:03.017] [WARNING] QMetaObject::connectSlotsByName: No matching signal for on_pushButton_transforToMono_clicked() (:0)
[2025-05-22 16:41:03.076] [DEBUG] Application started. (..\..\..\mainwindow.cpp:27)
[2025-05-22 16:41:22.607] [WARNING] QMetaObject::connectSlotsByName: No matching signal for on_pushButton_transfor_clicked() (:0)
[2025-05-22 16:41:22.608] [WARNING] QMetaObject::connectSlotsByName: No matching signal for on_pushButton_transforToMono_clicked() (:0)
[2025-05-22 16:41:22.665] [DEBUG] Application started. (..\..\..\mainwindow.cpp:27)
[2025-05-22 16:42:11.305] [WARNING] QMetaObject::connectSlotsByName: No matching signal for on_pushButton_transfor_clicked() (:0)
[2025-05-22 16:42:11.306] [WARNING] QMetaObject::connectSlotsByName: No matching signal for on_pushButton_transforToMono_clicked() (:0)
[2025-05-22 16:42:11.364] [DEBUG] Application started. (..\..\..\mainwindow.cpp:27)
[2025-05-22 16:43:12.123] [WARNING] QMetaObject::connectSlotsByName: No matching signal for on_pushButton_transfor_clicked() (:0)
[2025-05-22 16:43:12.123] [WARNING] QMetaObject::connectSlotsByName: No matching signal for on_pushButton_transforToMono_clicked() (:0)
[2025-05-22 16:43:12.184] [DEBUG] Application started. (..\..\..\mainwindow.cpp:27)
[2025-05-22 16:43:16.400] [WARNING] QMetaObject::connectSlotsByName: No matching signal for on_pushButton_transfor_clicked() (:0)
[2025-05-22 16:43:16.401] [WARNING] QMetaObject::connectSlotsByName: No matching signal for on_pushButton_transforToMono_clicked() (:0)
[2025-05-22 16:43:16.454] [DEBUG] Application started. (..\..\..\mainwindow.cpp:27)
[2025-05-22 16:44:35.148] [WARNING] QMetaObject::connectSlotsByName: No matching signal for on_pushButton_transfor_clicked() (:0)
[2025-05-22 16:44:35.149] [WARNING] QMetaObject::connectSlotsByName: No matching signal for on_pushButton_transforToMono_clicked() (:0)
[2025-05-22 16:44:35.208] [DEBUG] Application started. (..\..\..\mainwindow.cpp:27)
[2025-05-22 16:48:55.426] [WARNING] QMetaObject::connectSlotsByName: No matching signal for on_pushButton_transfor_clicked() (:0)
[2025-05-22 16:48:55.427] [WARNING] QMetaObject::connectSlotsByName: No matching signal for on_pushButton_transforToMono_clicked() (:0)
[2025-05-22 16:48:55.493] [DEBUG] Application started. (..\..\..\mainwindow.cpp:27)
[2025-05-22 16:50:01.226] [WARNING] QMetaObject::connectSlotsByName: No matching signal for on_pushButton_transfor_clicked() (:0)
[2025-05-22 16:50:01.227] [WARNING] QMetaObject::connectSlotsByName: No matching signal for on_pushButton_transforToMono_clicked() (:0)
[2025-05-22 16:50:01.284] [DEBUG] Application started. (..\..\..\mainwindow.cpp:27)
[2025-05-22 16:50:32.809] [WARNING] QMetaObject::connectSlotsByName: No matching signal for on_pushButton_transfor_clicked() (:0)
[2025-05-22 16:50:32.810] [WARNING] QMetaObject::connectSlotsByName: No matching signal for on_pushButton_transforToMono_clicked() (:0)
[2025-05-22 16:50:32.870] [DEBUG] Application started. (..\..\..\mainwindow.cpp:27)
[2025-05-22 16:51:51.965] [WARNING] QMetaObject::connectSlotsByName: No matching signal for on_pushButton_transfor_clicked() (:0)
[2025-05-22 16:51:51.965] [WARNING] QMetaObject::connectSlotsByName: No matching signal for on_pushButton_transforToMono_clicked() (:0)
[2025-05-22 16:51:52.039] [DEBUG] Application started. (..\..\..\mainwindow.cpp:27)
[2025-05-22 16:51:55.995] [WARNING] QMetaObject::connectSlotsByName: No matching signal for on_pushButton_transfor_clicked() (:0)
[2025-05-22 16:51:55.996] [WARNING] QMetaObject::connectSlotsByName: No matching signal for on_pushButton_transforToMono_clicked() (:0)
[2025-05-22 16:51:56.055] [DEBUG] Application started. (..\..\..\mainwindow.cpp:27)
[2025-05-22 16:52:19.872] [WARNING] QMetaObject::connectSlotsByName: No matching signal for on_pushButton_transfor_clicked() (:0)
[2025-05-22 16:52:19.873] [WARNING] QMetaObject::connectSlotsByName: No matching signal for on_pushButton_transforToMono_clicked() (:0)
[2025-05-22 16:52:19.930] [DEBUG] Application started. (..\..\..\mainwindow.cpp:27)
[2025-05-22 16:52:42.619] [WARNING] QMetaObject::connectSlotsByName: No matching signal for on_pushButton_transfor_clicked() (:0)
[2025-05-22 16:52:42.620] [WARNING] QMetaObject::connectSlotsByName: No matching signal for on_pushButton_transforToMono_clicked() (:0)
[2025-05-22 16:52:42.676] [DEBUG] Application started. (..\..\..\mainwindow.cpp:27)
[2025-05-22 19:58:08.624] [WARNING] QMetaObject::connectSlotsByName: No matching signal for on_pushButton_transfor_clicked() (:0)
[2025-05-22 19:58:08.624] [WARNING] QMetaObject::connectSlotsByName: No matching signal for on_pushButton_transforToMono_clicked() (:0)
[2025-05-22 19:58:08.680] [DEBUG] Application started. (..\..\..\mainwindow.cpp:27)
[2025-05-22 19:58:14.411] [WARNING] QMetaObject::connectSlotsByName: No matching signal for on_pushButton_transfor_clicked() (:0)
[2025-05-22 19:58:14.412] [WARNING] QMetaObject::connectSlotsByName: No matching signal for on_pushButton_transforToMono_clicked() (:0)
[2025-05-22 19:58:14.473] [DEBUG] Application started. (..\..\..\mainwindow.cpp:27)
[2025-05-22 20:07:44.294] [WARNING] QMetaObject::connectSlotsByName: No matching signal for on_pushButton_transfor_clicked() (:0)
[2025-05-22 20:07:44.295] [WARNING] QMetaObject::connectSlotsByName: No matching signal for on_pushButton_transforToMono_clicked() (:0)
[2025-05-22 20:07:44.355] [DEBUG] Application started. (..\..\..\mainwindow.cpp:27)
[2025-05-22 20:08:24.792] [WARNING] QMetaObject::connectSlotsByName: No matching signal for on_pushButton_transfor_clicked() (:0)
[2025-05-22 20:08:24.793] [WARNING] QMetaObject::connectSlotsByName: No matching signal for on_pushButton_transforToMono_clicked() (:0)
[2025-05-22 20:08:24.850] [DEBUG] Application started. (..\..\..\mainwindow.cpp:27)
[2025-05-22 20:11:27.270] [WARNING] QMetaObject::connectSlotsByName: No matching signal for on_pushButton_transfor_clicked() (:0)
[2025-05-22 20:11:27.271] [WARNING] QMetaObject::connectSlotsByName: No matching signal for on_pushButton_transforToMono_clicked() (:0)
[2025-05-22 20:11:27.331] [DEBUG] Application started. (..\..\..\mainwindow.cpp:27)
[2025-05-22 20:13:53.187] [WARNING] QMetaObject::connectSlotsByName: No matching signal for on_pushButton_transfor_clicked() (:0)
[2025-05-22 20:13:53.188] [WARNING] QMetaObject::connectSlotsByName: No matching signal for on_pushButton_transforToMono_clicked() (:0)
[2025-05-22 20:13:53.277] [DEBUG] Application started. (..\..\..\mainwindow.cpp:27)
[2025-05-22 20:16:54.621] [WARNING] QMetaObject::connectSlotsByName: No matching signal for on_pushButton_transfor_clicked() (:0)
[2025-05-22 20:16:54.621] [WARNING] QMetaObject::connectSlotsByName: No matching signal for on_pushButton_transforToMono_clicked() (:0)
[2025-05-22 20:16:54.677] [DEBUG] Application started. (..\..\..\mainwindow.cpp:27)
[2025-05-22 20:18:24.675] [WARNING] QMetaObject::connectSlotsByName: No matching signal for on_pushButton_transfor_clicked() (:0)
[2025-05-22 20:18:24.676] [WARNING] QMetaObject::connectSlotsByName: No matching signal for on_pushButton_transforToMono_clicked() (:0)
[2025-05-22 20:18:24.751] [DEBUG] Application started. (..\..\..\mainwindow.cpp:27)
[2025-05-22 20:18:42.988] [DEBUG] 信息录入完成! (..\..\..\mainwindow.cpp:236)
[2025-05-22 20:22:04.139] [WARNING] QMetaObject::connectSlotsByName: No matching signal for on_pushButton_transfor_clicked() (:0)
[2025-05-22 20:22:04.140] [WARNING] QMetaObject::connectSlotsByName: No matching signal for on_pushButton_transforToMono_clicked() (:0)
[2025-05-22 20:22:04.200] [DEBUG] Application started. (..\..\..\mainwindow.cpp:27)
[2025-05-22 20:22:54.042] [WARNING] QMetaObject::connectSlotsByName: No matching signal for on_pushButton_transfor_clicked() (:0)
[2025-05-22 20:22:54.043] [WARNING] QMetaObject::connectSlotsByName: No matching signal for on_pushButton_transforToMono_clicked() (:0)
[2025-05-22 20:22:54.105] [DEBUG] Application started. (..\..\..\mainwindow.cpp:27)
[2025-05-22 20:24:10.145] [WARNING] QMetaObject::connectSlotsByName: No matching signal for on_pushButton_transfor_clicked() (:0)
[2025-05-22 20:24:10.146] [WARNING] QMetaObject::connectSlotsByName: No matching signal for on_pushButton_transforToMono_clicked() (:0)
[2025-05-22 20:24:10.204] [DEBUG] Application started. (..\..\..\mainwindow.cpp:27)
[2025-05-22 20:24:31.645] [WARNING] QMetaObject::connectSlotsByName: No matching signal for on_pushButton_transfor_clicked() (:0)
[2025-05-22 20:24:31.646] [WARNING] QMetaObject::connectSlotsByName: No matching signal for on_pushButton_transforToMono_clicked() (:0)
[2025-05-22 20:24:31.707] [DEBUG] Application started. (..\..\..\mainwindow.cpp:27)
[2025-05-22 20:25:16.915] [WARNING] QMetaObject::connectSlotsByName: No matching signal for on_pushButton_transfor_clicked() (:0)
[2025-05-22 20:25:16.916] [WARNING] QMetaObject::connectSlotsByName: No matching signal for on_pushButton_transforToMono_clicked() (:0)
[2025-05-22 20:25:16.975] [DEBUG] Application started. (..\..\..\mainwindow.cpp:27)
[2025-05-22 20:26:50.493] [WARNING] QMetaObject::connectSlotsByName: No matching signal for on_pushButton_transfor_clicked() (:0)
[2025-05-22 20:26:50.494] [WARNING] QMetaObject::connectSlotsByName: No matching signal for on_pushButton_transforToMono_clicked() (:0)
[2025-05-22 20:26:50.554] [DEBUG] Application started. (..\..\..\mainwindow.cpp:27)
[2025-05-22 20:27:41.935] [WARNING] QMetaObject::connectSlotsByName: No matching signal for on_pushButton_transfor_clicked() (:0)
[2025-05-22 20:27:41.935] [WARNING] QMetaObject::connectSlotsByName: No matching signal for on_pushButton_transforToMono_clicked() (:0)
[2025-05-22 20:27:41.995] [DEBUG] Application started. (..\..\..\mainwindow.cpp:27)
[2025-05-22 20:28:13.702] [WARNING] QMetaObject::connectSlotsByName: No matching signal for on_pushButton_transfor_clicked() (:0)
[2025-05-22 20:28:13.703] [WARNING] QMetaObject::connectSlotsByName: No matching signal for on_pushButton_transforToMono_clicked() (:0)
[2025-05-22 20:28:13.758] [DEBUG] Application started. (..\..\..\mainwindow.cpp:27)
[2025-05-22 20:29:18.432] [WARNING] QMetaObject::connectSlotsByName: No matching signal for on_pushButton_transfor_clicked() (:0)
[2025-05-22 20:29:18.433] [WARNING] QMetaObject::connectSlotsByName: No matching signal for on_pushButton_transforToMono_clicked() (:0)
[2025-05-22 20:29:18.497] [DEBUG] Application started. (..\..\..\mainwindow.cpp:27)
[2025-05-22 20:29:44.575] [WARNING] QMetaObject::connectSlotsByName: No matching signal for on_pushButton_transfor_clicked() (:0)
[2025-05-22 20:29:44.576] [WARNING] QMetaObject::connectSlotsByName: No matching signal for on_pushButton_transforToMono_clicked() (:0)
[2025-05-22 20:29:44.633] [DEBUG] Application started. (..\..\..\mainwindow.cpp:27)
[2025-05-22 20:30:11.005] [WARNING] QMetaObject::connectSlotsByName: No matching signal for on_pushButton_transfor_clicked() (:0)
[2025-05-22 20:30:11.006] [WARNING] QMetaObject::connectSlotsByName: No matching signal for on_pushButton_transforToMono_clicked() (:0)
[2025-05-22 20:30:11.064] [DEBUG] Application started. (..\..\..\mainwindow.cpp:27)
[2025-05-22 20:31:19.440] [WARNING] QMetaObject::connectSlotsByName: No matching signal for on_pushButton_transfor_clicked() (:0)
[2025-05-22 20:31:19.441] [WARNING] QMetaObject::connectSlotsByName: No matching signal for on_pushButton_transforToMono_clicked() (:0)
[2025-05-22 20:31:19.500] [DEBUG] Application started. (..\..\..\mainwindow.cpp:27)
[2025-05-22 20:31:36.823] [WARNING] QMetaObject::connectSlotsByName: No matching signal for on_pushButton_transfor_clicked() (:0)
[2025-05-22 20:31:36.824] [WARNING] QMetaObject::connectSlotsByName: No matching signal for on_pushButton_transforToMono_clicked() (:0)
[2025-05-22 20:31:36.884] [DEBUG] Application started. (..\..\..\mainwindow.cpp:27)
[2025-05-22 20:31:48.996] [WARNING] QMetaObject::connectSlotsByName: No matching signal for on_pushButton_transfor_clicked() (:0)
[2025-05-22 20:31:48.997] [WARNING] QMetaObject::connectSlotsByName: No matching signal for on_pushButton_transforToMono_clicked() (:0)
[2025-05-22 20:31:49.053] [DEBUG] Application started. (..\..\..\mainwindow.cpp:27)
[2025-05-22 20:31:53.742] [WARNING] QMetaObject::connectSlotsByName: No matching signal for on_pushButton_transfor_clicked() (:0)
[2025-05-22 20:31:53.743] [WARNING] QMetaObject::connectSlotsByName: No matching signal for on_pushButton_transforToMono_clicked() (:0)
[2025-05-22 20:31:53.809] [DEBUG] Application started. (..\..\..\mainwindow.cpp:27)
[2025-05-22 20:37:23.849] [WARNING] QMetaObject::connectSlotsByName: No matching signal for on_pushButton_transfor_clicked() (:0)
[2025-05-22 20:37:23.849] [WARNING] QMetaObject::connectSlotsByName: No matching signal for on_pushButton_transforToMono_clicked() (:0)
[2025-05-22 20:37:23.905] [DEBUG] Application started. (..\..\..\mainwindow.cpp:27)
[2025-05-22 20:38:12.268] [WARNING] QMetaObject::connectSlotsByName: No matching signal for on_pushButton_transfor_clicked() (:0)
[2025-05-22 20:38:12.268] [WARNING] QMetaObject::connectSlotsByName: No matching signal for on_pushButton_transforToMono_clicked() (:0)
[2025-05-22 20:38:12.332] [DEBUG] Application started. (..\..\..\mainwindow.cpp:27)
[2025-05-22 20:38:53.861] [WARNING] QMetaObject::connectSlotsByName: No matching signal for on_pushButton_transfor_clicked() (:0)
[2025-05-22 20:38:53.862] [WARNING] QMetaObject::connectSlotsByName: No matching signal for on_pushButton_transforToMono_clicked() (:0)
[2025-05-22 20:38:53.923] [DEBUG] Application started. (..\..\..\mainwindow.cpp:27)
[2025-05-22 20:46:46.726] [WARNING] QMetaObject::connectSlotsByName: No matching signal for on_pushButton_transfor_clicked() (:0)
[2025-05-22 20:46:46.726] [WARNING] QMetaObject::connectSlotsByName: No matching signal for on_pushButton_transforToMono_clicked() (:0)
[2025-05-22 20:46:46.793] [DEBUG] Application started. (..\..\..\mainwindow.cpp:27)
[2025-05-22 20:46:56.440] [DEBUG] 信息录入完成! (..\..\..\mainwindow.cpp:236)
[2025-05-22 20:48:42.711] [WARNING] QMetaObject::connectSlotsByName: No matching signal for on_pushButton_transfor_clicked() (:0)
[2025-05-22 20:48:42.711] [WARNING] QMetaObject::connectSlotsByName: No matching signal for on_pushButton_transforToMono_clicked() (:0)
[2025-05-22 20:48:42.768] [DEBUG] Application started. (..\..\..\mainwindow.cpp:27)
[2025-05-22 20:50:21.472] [WARNING] QMetaObject::connectSlotsByName: No matching signal for on_pushButton_transfor_clicked() (:0)
[2025-05-22 20:50:21.473] [WARNING] QMetaObject::connectSlotsByName: No matching signal for on_pushButton_transforToMono_clicked() (:0)
[2025-05-22 20:50:21.530] [DEBUG] Application started. (..\..\..\mainwindow.cpp:27)
[2025-05-22 20:51:25.046] [WARNING] QMetaObject::connectSlotsByName: No matching signal for on_pushButton_transfor_clicked() (:0)
[2025-05-22 20:51:25.047] [WARNING] QMetaObject::connectSlotsByName: No matching signal for on_pushButton_transforToMono_clicked() (:0)
[2025-05-22 20:51:25.112] [DEBUG] Application started. (..\..\..\mainwindow.cpp:27)
[2025-05-22 20:51:33.862] [DEBUG] 信息录入完成! (..\..\..\mainwindow.cpp:236)
[2025-05-22 22:06:31.645] [WARNING] QMetaObject::connectSlotsByName: No matching signal for on_pushButton_transfor_clicked() (:0)
[2025-05-22 22:06:31.647] [WARNING] QMetaObject::connectSlotsByName: No matching signal for on_pushButton_transforToMono_clicked() (:0)
[2025-05-22 22:06:31.768] [DEBUG] Application started. (..\..\..\mainwindow.cpp:27)
