[2025-05-31 12:02:47.198] [DEBUG] 12:02:47 198 init ffmpeg lib ok  version: 4.2.1 (..\..\..\ffmpeg\ffmpeg.cpp:54)
[2025-05-31 12:02:47.374] [DEBUG] Application started. (..\..\..\mainwindow.cpp:18)
[2025-05-31 12:02:47.627] [WARNING] QMetaObject::connectSlotsByName: No matching signal for on_pushButton_transfor_clicked() (kernel\qobject.cpp:3695)
[2025-05-31 12:02:47.628] [WARNING] QMetaObject::connectSlotsByName: No matching signal for on_pushButton_transforToMono_clicked() (kernel\qobject.cpp:3695)
[2025-05-31 12:02:47.685] [DEBUG] 1621 854 (..\..\..\mainwindow.cpp:72)
[2025-05-31 12:02:47.691] [INFO] 数据库成功连接! (..\..\..\mainwindow.cpp:116)
[2025-05-31 12:03:34.884] [DEBUG] 12:03:34 883 init ffmpeg lib ok  version: 4.2.1 (..\..\..\ffmpeg\ffmpeg.cpp:54)
[2025-05-31 12:03:35.069] [DEBUG] Application started. (..\..\..\mainwindow.cpp:18)
[2025-05-31 12:03:35.329] [WARNING] QMetaObject::connectSlotsByName: No matching signal for on_pushButton_transfor_clicked() (kernel\qobject.cpp:3695)
[2025-05-31 12:03:35.330] [WARNING] QMetaObject::connectSlotsByName: No matching signal for on_pushButton_transforToMono_clicked() (kernel\qobject.cpp:3695)
[2025-05-31 12:03:35.385] [DEBUG] 1621 854 (..\..\..\mainwindow.cpp:72)
[2025-05-31 12:03:35.390] [INFO] 数据库成功连接! (..\..\..\mainwindow.cpp:116)
[2025-05-31 12:04:00.524] [DEBUG] 12:04:00 524 init ffmpeg lib ok  version: 4.2.1 (..\..\..\ffmpeg\ffmpeg.cpp:54)
[2025-05-31 12:04:00.699] [DEBUG] Application started. (..\..\..\mainwindow.cpp:18)
[2025-05-31 12:04:00.950] [WARNING] QMetaObject::connectSlotsByName: No matching signal for on_pushButton_transfor_clicked() (kernel\qobject.cpp:3695)
[2025-05-31 12:04:00.951] [WARNING] QMetaObject::connectSlotsByName: No matching signal for on_pushButton_transforToMono_clicked() (kernel\qobject.cpp:3695)
[2025-05-31 12:04:01.009] [DEBUG] 1621 854 (..\..\..\mainwindow.cpp:72)
[2025-05-31 12:04:01.014] [INFO] 数据库成功连接! (..\..\..\mainwindow.cpp:116)
[2025-05-31 12:05:07.163] [DEBUG] 12:05:07 162 init ffmpeg lib ok  version: 4.2.1 (..\..\..\ffmpeg\ffmpeg.cpp:54)
[2025-05-31 12:05:07.336] [DEBUG] Application started. (..\..\..\mainwindow.cpp:18)
[2025-05-31 12:05:07.592] [WARNING] QMetaObject::connectSlotsByName: No matching signal for on_pushButton_transfor_clicked() (kernel\qobject.cpp:3695)
[2025-05-31 12:05:07.593] [WARNING] QMetaObject::connectSlotsByName: No matching signal for on_pushButton_transforToMono_clicked() (kernel\qobject.cpp:3695)
[2025-05-31 12:05:07.650] [DEBUG] 1621 854 (..\..\..\mainwindow.cpp:72)
[2025-05-31 12:05:07.654] [INFO] 数据库成功连接! (..\..\..\mainwindow.cpp:116)
[2025-05-31 12:05:41.895] [DEBUG] 12:05:41 894 init ffmpeg lib ok  version: 4.2.1 (..\..\..\ffmpeg\ffmpeg.cpp:54)
[2025-05-31 12:05:42.069] [DEBUG] Application started. (..\..\..\mainwindow.cpp:18)
[2025-05-31 12:05:42.324] [WARNING] QMetaObject::connectSlotsByName: No matching signal for on_pushButton_transfor_clicked() (kernel\qobject.cpp:3695)
[2025-05-31 12:05:42.325] [WARNING] QMetaObject::connectSlotsByName: No matching signal for on_pushButton_transforToMono_clicked() (kernel\qobject.cpp:3695)
[2025-05-31 12:05:42.381] [DEBUG] 1621 854 (..\..\..\mainwindow.cpp:72)
[2025-05-31 12:05:42.385] [INFO] 数据库成功连接! (..\..\..\mainwindow.cpp:116)
[2025-05-31 12:08:31.931] [DEBUG] 12:08:31 930 init ffmpeg lib ok  version: 4.2.1 (..\..\..\ffmpeg\ffmpeg.cpp:54)
[2025-05-31 12:08:32.110] [DEBUG] Application started. (..\..\..\mainwindow.cpp:18)
[2025-05-31 12:08:32.375] [WARNING] QMetaObject::connectSlotsByName: No matching signal for on_pushButton_transfor_clicked() (kernel\qobject.cpp:3695)
[2025-05-31 12:08:32.376] [WARNING] QMetaObject::connectSlotsByName: No matching signal for on_pushButton_transforToMono_clicked() (kernel\qobject.cpp:3695)
[2025-05-31 12:08:32.433] [DEBUG] 1621 854 (..\..\..\mainwindow.cpp:72)
[2025-05-31 12:08:32.437] [INFO] 数据库成功连接! (..\..\..\mainwindow.cpp:116)
[2025-05-31 12:09:11.907] [DEBUG] 12:09:11 906 init ffmpeg lib ok  version: 4.2.1 (..\..\..\ffmpeg\ffmpeg.cpp:54)
[2025-05-31 12:09:12.084] [DEBUG] Application started. (..\..\..\mainwindow.cpp:18)
[2025-05-31 12:09:12.333] [WARNING] QMetaObject::connectSlotsByName: No matching signal for on_pushButton_transfor_clicked() (kernel\qobject.cpp:3695)
[2025-05-31 12:09:12.334] [WARNING] QMetaObject::connectSlotsByName: No matching signal for on_pushButton_transforToMono_clicked() (kernel\qobject.cpp:3695)
[2025-05-31 12:09:12.391] [DEBUG] 1621 854 (..\..\..\mainwindow.cpp:72)
[2025-05-31 12:09:12.396] [INFO] 数据库成功连接! (..\..\..\mainwindow.cpp:116)
[2025-05-31 12:09:53.125] [DEBUG] 12:09:53 125 init ffmpeg lib ok  version: 4.2.1 (..\..\..\ffmpeg\ffmpeg.cpp:54)
[2025-05-31 12:09:53.298] [DEBUG] Application started. (..\..\..\mainwindow.cpp:18)
[2025-05-31 12:09:53.546] [WARNING] QMetaObject::connectSlotsByName: No matching signal for on_pushButton_transfor_clicked() (kernel\qobject.cpp:3695)
[2025-05-31 12:09:53.547] [WARNING] QMetaObject::connectSlotsByName: No matching signal for on_pushButton_transforToMono_clicked() (kernel\qobject.cpp:3695)
[2025-05-31 12:09:53.604] [DEBUG] 1621 854 (..\..\..\mainwindow.cpp:72)
[2025-05-31 12:09:53.608] [INFO] 数据库成功连接! (..\..\..\mainwindow.cpp:116)
[2025-05-31 13:45:20.433] [DEBUG] 13:45:20 433 init ffmpeg lib ok  version: 4.2.1 (..\..\..\ffmpeg\ffmpeg.cpp:54)
[2025-05-31 13:45:20.656] [DEBUG] Application started. (..\..\..\mainwindow.cpp:18)
[2025-05-31 13:45:20.913] [WARNING] QMetaObject::connectSlotsByName: No matching signal for on_pushButton_transfor_clicked() (kernel\qobject.cpp:3695)
[2025-05-31 13:45:20.914] [WARNING] QMetaObject::connectSlotsByName: No matching signal for on_pushButton_transforToMono_clicked() (kernel\qobject.cpp:3695)
[2025-05-31 13:45:20.972] [DEBUG] 1621 854 (..\..\..\mainwindow.cpp:72)
[2025-05-31 13:45:20.977] [INFO] 数据库成功连接! (..\..\..\mainwindow.cpp:116)
[2025-05-31 13:46:07.912] [DEBUG] 13:46:07 911 init ffmpeg lib ok  version: 4.2.1 (..\..\..\ffmpeg\ffmpeg.cpp:54)
[2025-05-31 13:46:08.096] [DEBUG] Application started. (..\..\..\mainwindow.cpp:18)
[2025-05-31 13:46:08.358] [WARNING] QMetaObject::connectSlotsByName: No matching signal for on_pushButton_transfor_clicked() (kernel\qobject.cpp:3695)
[2025-05-31 13:46:08.359] [WARNING] QMetaObject::connectSlotsByName: No matching signal for on_pushButton_transforToMono_clicked() (kernel\qobject.cpp:3695)
[2025-05-31 13:46:08.417] [DEBUG] 1621 854 (..\..\..\mainwindow.cpp:72)
[2025-05-31 13:46:08.421] [INFO] 数据库成功连接! (..\..\..\mainwindow.cpp:116)
[2025-05-31 13:56:27.202] [DEBUG] 13:56:27 201 init ffmpeg lib ok  version: 4.2.1 (..\..\..\ffmpeg\ffmpeg.cpp:54)
[2025-05-31 13:56:27.378] [DEBUG] Application started. (..\..\..\mainwindow.cpp:18)
[2025-05-31 13:56:27.628] [WARNING] QMetaObject::connectSlotsByName: No matching signal for on_pushButton_transfor_clicked() (kernel\qobject.cpp:3695)
[2025-05-31 13:56:27.629] [WARNING] QMetaObject::connectSlotsByName: No matching signal for on_pushButton_transforToMono_clicked() (kernel\qobject.cpp:3695)
[2025-05-31 13:56:27.685] [DEBUG] 1621 854 (..\..\..\mainwindow.cpp:72)
[2025-05-31 13:56:27.690] [INFO] 数据库成功连接! (..\..\..\mainwindow.cpp:116)
[2025-05-31 14:00:14.129] [DEBUG] 14:00:14 128 init ffmpeg lib ok  version: 4.2.1 (..\..\..\ffmpeg\ffmpeg.cpp:54)
[2025-05-31 14:00:14.305] [DEBUG] Application started. (..\..\..\mainwindow.cpp:18)
[2025-05-31 14:00:14.575] [WARNING] QMetaObject::connectSlotsByName: No matching signal for on_pushButton_transfor_clicked() (kernel\qobject.cpp:3695)
[2025-05-31 14:00:14.576] [WARNING] QMetaObject::connectSlotsByName: No matching signal for on_pushButton_transforToMono_clicked() (kernel\qobject.cpp:3695)
[2025-05-31 14:00:14.633] [DEBUG] 1621 854 (..\..\..\mainwindow.cpp:72)
[2025-05-31 14:00:14.637] [INFO] 数据库成功连接! (..\..\..\mainwindow.cpp:116)
[2025-05-31 14:03:44.951] [DEBUG] 14:03:44 940 init ffmpeg lib ok  version: 4.2.1 (..\..\..\ffmpeg\ffmpeg.cpp:54)
[2025-05-31 14:03:45.129] [DEBUG] Application started. (..\..\..\mainwindow.cpp:18)
[2025-05-31 14:03:45.382] [WARNING] QMetaObject::connectSlotsByName: No matching signal for on_pushButton_transfor_clicked() (kernel\qobject.cpp:3695)
[2025-05-31 14:03:45.382] [WARNING] QMetaObject::connectSlotsByName: No matching signal for on_pushButton_transforToMono_clicked() (kernel\qobject.cpp:3695)
[2025-05-31 14:03:45.445] [DEBUG] 1621 854 (..\..\..\mainwindow.cpp:72)
[2025-05-31 14:03:45.445] [INFO] 数据库成功连接! (..\..\..\mainwindow.cpp:116)
[2025-05-31 14:06:20.710] [DEBUG] 14:06:20 708 init ffmpeg lib ok  version: 4.2.1 (..\..\..\ffmpeg\ffmpeg.cpp:54)
[2025-05-31 14:06:20.880] [DEBUG] Application started. (..\..\..\mainwindow.cpp:18)
[2025-05-31 14:06:21.129] [WARNING] QMetaObject::connectSlotsByName: No matching signal for on_pushButton_transfor_clicked() (kernel\qobject.cpp:3695)
[2025-05-31 14:06:21.139] [WARNING] QMetaObject::connectSlotsByName: No matching signal for on_pushButton_transforToMono_clicked() (kernel\qobject.cpp:3695)
[2025-05-31 14:06:21.182] [DEBUG] 1621 854 (..\..\..\mainwindow.cpp:72)
[2025-05-31 14:06:21.202] [INFO] 数据库成功连接! (..\..\..\mainwindow.cpp:116)
[2025-05-31 14:14:53.502] [DEBUG] 14:14:53 502 init ffmpeg lib ok  version: 4.2.1 (..\..\..\ffmpeg\ffmpeg.cpp:54)
[2025-05-31 14:14:53.678] [DEBUG] Application started. (..\..\..\mainwindow.cpp:18)
[2025-05-31 14:14:53.928] [WARNING] QMetaObject::connectSlotsByName: No matching signal for on_pushButton_transfor_clicked() (kernel\qobject.cpp:3695)
[2025-05-31 14:14:53.929] [WARNING] QMetaObject::connectSlotsByName: No matching signal for on_pushButton_transforToMono_clicked() (kernel\qobject.cpp:3695)
[2025-05-31 14:14:53.986] [DEBUG] 1621 854 (..\..\..\mainwindow.cpp:72)
[2025-05-31 14:14:53.992] [INFO] 数据库成功连接! (..\..\..\mainwindow.cpp:116)
[2025-05-31 14:15:10.670] [DEBUG] 14:15:10 670 init ffmpeg lib ok  version: 4.2.1 (..\..\..\ffmpeg\ffmpeg.cpp:54)
[2025-05-31 14:15:10.840] [DEBUG] Application started. (..\..\..\mainwindow.cpp:18)
[2025-05-31 14:15:11.098] [WARNING] QMetaObject::connectSlotsByName: No matching signal for on_pushButton_transfor_clicked() (kernel\qobject.cpp:3695)
[2025-05-31 14:15:11.098] [WARNING] QMetaObject::connectSlotsByName: No matching signal for on_pushButton_transforToMono_clicked() (kernel\qobject.cpp:3695)
[2025-05-31 14:15:11.156] [DEBUG] 1621 854 (..\..\..\mainwindow.cpp:72)
[2025-05-31 14:15:11.160] [INFO] 数据库成功连接! (..\..\..\mainwindow.cpp:116)
[2025-05-31 14:16:04.269] [DEBUG] 14:16:04 269 init ffmpeg lib ok  version: 4.2.1 (..\..\..\ffmpeg\ffmpeg.cpp:54)
[2025-05-31 14:16:04.446] [DEBUG] Application started. (..\..\..\mainwindow.cpp:18)
[2025-05-31 14:16:04.695] [WARNING] QMetaObject::connectSlotsByName: No matching signal for on_pushButton_transfor_clicked() (kernel\qobject.cpp:3695)
[2025-05-31 14:16:04.696] [WARNING] QMetaObject::connectSlotsByName: No matching signal for on_pushButton_transforToMono_clicked() (kernel\qobject.cpp:3695)
[2025-05-31 14:16:04.738] [DEBUG] 1621 854 (..\..\..\mainwindow.cpp:72)
[2025-05-31 14:16:04.753] [INFO] 数据库成功连接! (..\..\..\mainwindow.cpp:116)
[2025-05-31 16:07:00.455] [DEBUG] 16:07:00 439 init ffmpeg lib ok  version: 4.2.1 (..\..\..\ffmpeg\ffmpeg.cpp:54)
[2025-05-31 16:07:00.624] [DEBUG] Application started. (..\..\..\mainwindow.cpp:18)
[2025-05-31 16:07:00.881] [WARNING] QMetaObject::connectSlotsByName: No matching signal for on_pushButton_transfor_clicked() (kernel\qobject.cpp:3695)
[2025-05-31 16:07:00.886] [WARNING] QMetaObject::connectSlotsByName: No matching signal for on_pushButton_transforToMono_clicked() (kernel\qobject.cpp:3695)
[2025-05-31 16:07:00.939] [DEBUG] 1621 854 (..\..\..\mainwindow.cpp:72)
[2025-05-31 16:07:00.946] [INFO] 数据库成功连接! (..\..\..\mainwindow.cpp:116)
[2025-05-31 16:09:24.163] [DEBUG] 16:09:24 163 init ffmpeg lib ok  version: 4.2.1 (..\..\..\ffmpeg\ffmpeg.cpp:54)
[2025-05-31 16:09:24.333] [DEBUG] Application started. (..\..\..\mainwindow.cpp:18)
[2025-05-31 16:09:24.582] [WARNING] QMetaObject::connectSlotsByName: No matching signal for on_pushButton_transfor_clicked() (kernel\qobject.cpp:3695)
[2025-05-31 16:09:24.598] [WARNING] QMetaObject::connectSlotsByName: No matching signal for on_pushButton_transforToMono_clicked() (kernel\qobject.cpp:3695)
[2025-05-31 16:09:24.656] [DEBUG] 1621 854 (..\..\..\mainwindow.cpp:72)
[2025-05-31 16:09:24.661] [INFO] 数据库成功连接! (..\..\..\mainwindow.cpp:116)
[2025-05-31 16:09:47.233] [DEBUG] 16:09:47 231 init ffmpeg lib ok  version: 4.2.1 (..\..\..\ffmpeg\ffmpeg.cpp:54)
[2025-05-31 16:09:47.406] [DEBUG] Application started. (..\..\..\mainwindow.cpp:18)
[2025-05-31 16:09:47.654] [WARNING] QMetaObject::connectSlotsByName: No matching signal for on_pushButton_transfor_clicked() (kernel\qobject.cpp:3695)
[2025-05-31 16:09:47.655] [WARNING] QMetaObject::connectSlotsByName: No matching signal for on_pushButton_transforToMono_clicked() (kernel\qobject.cpp:3695)
[2025-05-31 16:09:47.711] [DEBUG] 1621 854 (..\..\..\mainwindow.cpp:72)
[2025-05-31 16:09:47.720] [INFO] 数据库成功连接! (..\..\..\mainwindow.cpp:116)
[2025-05-31 16:17:35.364] [DEBUG] 16:17:35 364 init ffmpeg lib ok  version: 4.2.1 (..\..\..\ffmpeg\ffmpeg.cpp:54)
[2025-05-31 16:17:35.533] [DEBUG] Application started. (..\..\..\mainwindow.cpp:18)
[2025-05-31 16:17:35.785] [WARNING] QMetaObject::connectSlotsByName: No matching signal for on_pushButton_transfor_clicked() (kernel\qobject.cpp:3695)
[2025-05-31 16:17:35.800] [WARNING] QMetaObject::connectSlotsByName: No matching signal for on_pushButton_transforToMono_clicked() (kernel\qobject.cpp:3695)
[2025-05-31 16:17:35.854] [DEBUG] 1621 854 (..\..\..\mainwindow.cpp:72)
[2025-05-31 16:17:35.859] [INFO] 数据库成功连接! (..\..\..\mainwindow.cpp:116)
[2025-05-31 16:18:49.669] [DEBUG] 16:18:49 669 init ffmpeg lib ok  version: 4.2.1 (..\..\..\ffmpeg\ffmpeg.cpp:54)
[2025-05-31 16:18:49.838] [DEBUG] Application started. (..\..\..\mainwindow.cpp:18)
[2025-05-31 16:18:50.071] [WARNING] QMetaObject::connectSlotsByName: No matching signal for on_pushButton_transfor_clicked() (kernel\qobject.cpp:3695)
[2025-05-31 16:18:50.084] [WARNING] QMetaObject::connectSlotsByName: No matching signal for on_pushButton_transforToMono_clicked() (kernel\qobject.cpp:3695)
[2025-05-31 16:18:50.126] [DEBUG] 1621 854 (..\..\..\mainwindow.cpp:72)
[2025-05-31 16:18:50.142] [INFO] 数据库成功连接! (..\..\..\mainwindow.cpp:116)
[2025-05-31 16:21:08.328] [DEBUG] 16:21:08 312 init ffmpeg lib ok  version: 4.2.1 (..\..\..\ffmpeg\ffmpeg.cpp:54)
[2025-05-31 16:21:08.482] [DEBUG] Application started. (..\..\..\mainwindow.cpp:18)
[2025-05-31 16:21:08.733] [WARNING] QMetaObject::connectSlotsByName: No matching signal for on_pushButton_transfor_clicked() (kernel\qobject.cpp:3695)
[2025-05-31 16:21:08.745] [WARNING] QMetaObject::connectSlotsByName: No matching signal for on_pushButton_transforToMono_clicked() (kernel\qobject.cpp:3695)
[2025-05-31 16:21:08.802] [DEBUG] 1621 854 (..\..\..\mainwindow.cpp:72)
[2025-05-31 16:21:08.810] [INFO] 数据库成功连接! (..\..\..\mainwindow.cpp:116)
[2025-05-31 16:21:56.198] [DEBUG] 16:21:56 198 init ffmpeg lib ok  version: 4.2.1 (..\..\..\ffmpeg\ffmpeg.cpp:54)
[2025-05-31 16:21:56.372] [DEBUG] Application started. (..\..\..\mainwindow.cpp:18)
[2025-05-31 16:21:56.612] [WARNING] QMetaObject::connectSlotsByName: No matching signal for on_pushButton_transfor_clicked() (kernel\qobject.cpp:3695)
[2025-05-31 16:21:56.625] [WARNING] QMetaObject::connectSlotsByName: No matching signal for on_pushButton_transforToMono_clicked() (kernel\qobject.cpp:3695)
[2025-05-31 16:21:56.683] [DEBUG] 1621 854 (..\..\..\mainwindow.cpp:72)
[2025-05-31 16:21:56.688] [INFO] 数据库成功连接! (..\..\..\mainwindow.cpp:116)
[2025-05-31 16:26:13.627] [DEBUG] 16:26:13 627 init ffmpeg lib ok  version: 4.2.1 (..\..\..\ffmpeg\ffmpeg.cpp:54)
[2025-05-31 16:26:13.799] [DEBUG] Application started. (..\..\..\mainwindow.cpp:18)
[2025-05-31 16:26:14.033] [WARNING] QMetaObject::connectSlotsByName: No matching signal for on_pushButton_transfor_clicked() (kernel\qobject.cpp:3695)
[2025-05-31 16:26:14.049] [WARNING] QMetaObject::connectSlotsByName: No matching signal for on_pushButton_transforToMono_clicked() (kernel\qobject.cpp:3695)
[2025-05-31 16:26:14.091] [DEBUG] 1621 854 (..\..\..\mainwindow.cpp:72)
[2025-05-31 16:26:14.106] [INFO] 数据库成功连接! (..\..\..\mainwindow.cpp:116)
[2025-05-31 18:23:49.389] [DEBUG] 18:23:49 389 init ffmpeg lib ok  version: 4.2.1 (..\..\..\ffmpeg\ffmpeg.cpp:54)
[2025-05-31 18:23:49.631] [DEBUG] Application started. (..\..\..\mainwindow.cpp:18)
[2025-05-31 18:23:50.098] [WARNING] QMetaObject::connectSlotsByName: No matching signal for on_pushButton_transfor_clicked() (kernel\qobject.cpp:3695)
[2025-05-31 18:23:50.099] [WARNING] QMetaObject::connectSlotsByName: No matching signal for on_pushButton_transforToMono_clicked() (kernel\qobject.cpp:3695)
[2025-05-31 18:23:50.156] [DEBUG] 1621 854 (..\..\..\mainwindow.cpp:72)
[2025-05-31 18:23:50.160] [INFO] 数据库成功连接! (..\..\..\mainwindow.cpp:116)
[2025-05-31 18:30:03.856] [DEBUG] 18:30:03 856 init ffmpeg lib ok  version: 4.2.1 (..\..\..\ffmpeg\ffmpeg.cpp:54)
[2025-05-31 18:30:04.042] [DEBUG] Application started. (..\..\..\mainwindow.cpp:18)
[2025-05-31 18:30:04.307] [WARNING] QMetaObject::connectSlotsByName: No matching signal for on_pushButton_transfor_clicked() (kernel\qobject.cpp:3695)
[2025-05-31 18:30:04.310] [WARNING] QMetaObject::connectSlotsByName: No matching signal for on_pushButton_transforToMono_clicked() (kernel\qobject.cpp:3695)
[2025-05-31 18:30:04.365] [DEBUG] 1621 854 (..\..\..\mainwindow.cpp:72)
[2025-05-31 18:30:04.371] [INFO] 数据库成功连接! (..\..\..\mainwindow.cpp:116)
[2025-05-31 18:30:36.312] [DEBUG] 18:30:36 312 init ffmpeg lib ok  version: 4.2.1 (..\..\..\ffmpeg\ffmpeg.cpp:54)
[2025-05-31 18:30:36.478] [DEBUG] Application started. (..\..\..\mainwindow.cpp:18)
[2025-05-31 18:30:36.728] [WARNING] QMetaObject::connectSlotsByName: No matching signal for on_pushButton_transfor_clicked() (kernel\qobject.cpp:3695)
[2025-05-31 18:30:36.737] [WARNING] QMetaObject::connectSlotsByName: No matching signal for on_pushButton_transforToMono_clicked() (kernel\qobject.cpp:3695)
[2025-05-31 18:30:36.786] [DEBUG] 1621 854 (..\..\..\mainwindow.cpp:72)
[2025-05-31 18:30:36.796] [INFO] 数据库成功连接! (..\..\..\mainwindow.cpp:116)
[2025-05-31 18:32:18.555] [DEBUG] 18:32:18 555 init ffmpeg lib ok  version: 4.2.1 (..\..\..\ffmpeg\ffmpeg.cpp:54)
[2025-05-31 18:32:18.725] [DEBUG] Application started. (..\..\..\mainwindow.cpp:18)
[2025-05-31 18:32:19.002] [WARNING] QMetaObject::connectSlotsByName: No matching signal for on_pushButton_transfor_clicked() (kernel\qobject.cpp:3695)
[2025-05-31 18:32:19.003] [WARNING] QMetaObject::connectSlotsByName: No matching signal for on_pushButton_transforToMono_clicked() (kernel\qobject.cpp:3695)
[2025-05-31 18:32:19.059] [DEBUG] 1621 854 (..\..\..\mainwindow.cpp:72)
[2025-05-31 18:32:19.066] [INFO] 数据库成功连接! (..\..\..\mainwindow.cpp:116)
[2025-05-31 18:35:03.850] [DEBUG] 18:35:03 850 init ffmpeg lib ok  version: 4.2.1 (..\..\..\ffmpeg\ffmpeg.cpp:54)
[2025-05-31 18:35:04.021] [DEBUG] Application started. (..\..\..\mainwindow.cpp:18)
[2025-05-31 18:35:04.270] [WARNING] QMetaObject::connectSlotsByName: No matching signal for on_pushButton_transfor_clicked() (kernel\qobject.cpp:3695)
[2025-05-31 18:35:04.277] [WARNING] QMetaObject::connectSlotsByName: No matching signal for on_pushButton_transforToMono_clicked() (kernel\qobject.cpp:3695)
[2025-05-31 18:35:04.328] [DEBUG] 1621 854 (..\..\..\mainwindow.cpp:72)
[2025-05-31 18:35:04.339] [INFO] 数据库成功连接! (..\..\..\mainwindow.cpp:116)
[2025-05-31 18:36:39.307] [DEBUG] 18:36:39 307 init ffmpeg lib ok  version: 4.2.1 (..\..\..\ffmpeg\ffmpeg.cpp:54)
[2025-05-31 18:36:39.461] [DEBUG] Application started. (..\..\..\mainwindow.cpp:18)
[2025-05-31 18:36:39.725] [WARNING] QMetaObject::connectSlotsByName: No matching signal for on_pushButton_transfor_clicked() (kernel\qobject.cpp:3695)
[2025-05-31 18:36:39.729] [WARNING] QMetaObject::connectSlotsByName: No matching signal for on_pushButton_transforToMono_clicked() (kernel\qobject.cpp:3695)
[2025-05-31 18:36:39.784] [DEBUG] 1621 854 (..\..\..\mainwindow.cpp:72)
[2025-05-31 18:36:39.790] [INFO] 数据库成功连接! (..\..\..\mainwindow.cpp:116)
[2025-05-31 18:36:39.874] [DEBUG] QWidget(0x25ab416ecf0, name="widget") (..\..\..\mainwindow.cpp:461)
[2025-05-31 18:36:39.881] [DEBUG] QWidget(0x25ab416ecf0, name="widget") (..\..\..\mainwindow.cpp:461)
[2025-05-31 18:38:21.615] [DEBUG] 18:38:21 615 init ffmpeg lib ok  version: 4.2.1 (..\..\..\ffmpeg\ffmpeg.cpp:54)
[2025-05-31 18:38:21.789] [DEBUG] Application started. (..\..\..\mainwindow.cpp:18)
[2025-05-31 18:38:22.051] [WARNING] QMetaObject::connectSlotsByName: No matching signal for on_pushButton_transfor_clicked() (kernel\qobject.cpp:3695)
[2025-05-31 18:38:22.056] [WARNING] QMetaObject::connectSlotsByName: No matching signal for on_pushButton_transforToMono_clicked() (kernel\qobject.cpp:3695)
[2025-05-31 18:38:22.113] [DEBUG] 1621 854 (..\..\..\mainwindow.cpp:72)
[2025-05-31 18:38:22.118] [INFO] 数据库成功连接! (..\..\..\mainwindow.cpp:116)
[2025-05-31 18:38:22.202] [DEBUG] 2560 (..\..\..\mainwindow.cpp:461)
[2025-05-31 18:38:22.207] [DEBUG] 2560 (..\..\..\mainwindow.cpp:461)
[2025-05-31 18:51:09.332] [DEBUG] 18:51:09 331 init ffmpeg lib ok  version: 4.2.1 (..\..\..\ffmpeg\ffmpeg.cpp:54)
[2025-05-31 18:51:09.546] [DEBUG] Application started. (..\..\..\mainwindow.cpp:18)
[2025-05-31 18:51:09.799] [WARNING] QMetaObject::connectSlotsByName: No matching signal for on_pushButton_transfor_clicked() (kernel\qobject.cpp:3695)
[2025-05-31 18:51:09.800] [WARNING] QMetaObject::connectSlotsByName: No matching signal for on_pushButton_transforToMono_clicked() (kernel\qobject.cpp:3695)
[2025-05-31 18:51:09.856] [DEBUG] 1621 854 (..\..\..\mainwindow.cpp:72)
[2025-05-31 18:51:09.861] [INFO] 数据库成功连接! (..\..\..\mainwindow.cpp:116)
[2025-05-31 18:51:09.958] [DEBUG] 2560 (..\..\..\mainwindow.cpp:461)
[2025-05-31 18:51:09.965] [DEBUG] 2560 (..\..\..\mainwindow.cpp:461)
[2025-05-31 18:51:44.014] [DEBUG] 18:51:44 012 init ffmpeg lib ok  version: 4.2.1 (..\..\..\ffmpeg\ffmpeg.cpp:54)
[2025-05-31 18:51:44.191] [DEBUG] Application started. (..\..\..\mainwindow.cpp:18)
[2025-05-31 18:51:44.445] [WARNING] QMetaObject::connectSlotsByName: No matching signal for on_pushButton_transfor_clicked() (kernel\qobject.cpp:3695)
[2025-05-31 18:51:44.446] [WARNING] QMetaObject::connectSlotsByName: No matching signal for on_pushButton_transforToMono_clicked() (kernel\qobject.cpp:3695)
[2025-05-31 18:51:44.504] [DEBUG] 1621 854 (..\..\..\mainwindow.cpp:72)
[2025-05-31 18:51:44.509] [INFO] 数据库成功连接! (..\..\..\mainwindow.cpp:116)
[2025-05-31 18:51:44.603] [DEBUG] 2560 (..\..\..\mainwindow.cpp:461)
[2025-05-31 18:51:44.608] [DEBUG] 2560 (..\..\..\mainwindow.cpp:461)
[2025-05-31 18:52:01.330] [DEBUG] 18:52:01 329 init ffmpeg lib ok  version: 4.2.1 (..\..\..\ffmpeg\ffmpeg.cpp:54)
[2025-05-31 18:52:01.501] [DEBUG] Application started. (..\..\..\mainwindow.cpp:18)
[2025-05-31 18:52:01.751] [WARNING] QMetaObject::connectSlotsByName: No matching signal for on_pushButton_transfor_clicked() (kernel\qobject.cpp:3695)
[2025-05-31 18:52:01.752] [WARNING] QMetaObject::connectSlotsByName: No matching signal for on_pushButton_transforToMono_clicked() (kernel\qobject.cpp:3695)
[2025-05-31 18:52:01.808] [DEBUG] 1621 854 (..\..\..\mainwindow.cpp:72)
[2025-05-31 18:52:01.813] [INFO] 数据库成功连接! (..\..\..\mainwindow.cpp:116)
[2025-05-31 18:52:01.903] [DEBUG] 2560 (..\..\..\mainwindow.cpp:461)
[2025-05-31 18:52:01.903] [DEBUG] 2560 (..\..\..\mainwindow.cpp:461)
[2025-05-31 18:52:22.683] [DEBUG] 18:52:22 682 init ffmpeg lib ok  version: 4.2.1 (..\..\..\ffmpeg\ffmpeg.cpp:54)
[2025-05-31 18:52:22.855] [DEBUG] Application started. (..\..\..\mainwindow.cpp:18)
[2025-05-31 18:52:23.104] [WARNING] QMetaObject::connectSlotsByName: No matching signal for on_pushButton_transfor_clicked() (kernel\qobject.cpp:3695)
[2025-05-31 18:52:23.105] [WARNING] QMetaObject::connectSlotsByName: No matching signal for on_pushButton_transforToMono_clicked() (kernel\qobject.cpp:3695)
[2025-05-31 18:52:23.162] [DEBUG] 1621 854 (..\..\..\mainwindow.cpp:72)
[2025-05-31 18:52:23.167] [INFO] 数据库成功连接! (..\..\..\mainwindow.cpp:116)
[2025-05-31 18:52:23.258] [DEBUG] 2560 (..\..\..\mainwindow.cpp:461)
[2025-05-31 18:52:23.263] [DEBUG] 2560 (..\..\..\mainwindow.cpp:461)
[2025-05-31 18:52:33.022] [DEBUG] 18:52:33 021 init ffmpeg lib ok  version: 4.2.1 (..\..\..\ffmpeg\ffmpeg.cpp:54)
[2025-05-31 18:52:33.195] [DEBUG] Application started. (..\..\..\mainwindow.cpp:18)
[2025-05-31 18:52:33.472] [WARNING] QMetaObject::connectSlotsByName: No matching signal for on_pushButton_transfor_clicked() (kernel\qobject.cpp:3695)
[2025-05-31 18:52:33.473] [WARNING] QMetaObject::connectSlotsByName: No matching signal for on_pushButton_transforToMono_clicked() (kernel\qobject.cpp:3695)
[2025-05-31 18:52:33.529] [DEBUG] 1621 854 (..\..\..\mainwindow.cpp:72)
[2025-05-31 18:52:33.534] [INFO] 数据库成功连接! (..\..\..\mainwindow.cpp:116)
[2025-05-31 18:52:33.629] [DEBUG] 2560 (..\..\..\mainwindow.cpp:461)
[2025-05-31 18:52:33.634] [DEBUG] 2560 (..\..\..\mainwindow.cpp:461)
[2025-05-31 18:53:05.781] [DEBUG] 18:53:05 780 init ffmpeg lib ok  version: 4.2.1 (..\..\..\ffmpeg\ffmpeg.cpp:54)
[2025-05-31 18:53:05.956] [DEBUG] Application started. (..\..\..\mainwindow.cpp:18)
[2025-05-31 18:53:06.217] [WARNING] QMetaObject::connectSlotsByName: No matching signal for on_pushButton_transfor_clicked() (kernel\qobject.cpp:3695)
[2025-05-31 18:53:06.218] [WARNING] QMetaObject::connectSlotsByName: No matching signal for on_pushButton_transforToMono_clicked() (kernel\qobject.cpp:3695)
[2025-05-31 18:53:06.276] [DEBUG] 1621 854 (..\..\..\mainwindow.cpp:72)
[2025-05-31 18:53:06.280] [INFO] 数据库成功连接! (..\..\..\mainwindow.cpp:116)
[2025-05-31 18:53:06.374] [DEBUG] 2560 (..\..\..\mainwindow.cpp:461)
[2025-05-31 18:53:06.380] [DEBUG] 2560 (..\..\..\mainwindow.cpp:461)
[2025-05-31 18:53:26.742] [DEBUG] 18:53:26 742 init ffmpeg lib ok  version: 4.2.1 (..\..\..\ffmpeg\ffmpeg.cpp:54)
[2025-05-31 18:53:26.922] [DEBUG] Application started. (..\..\..\mainwindow.cpp:18)
[2025-05-31 18:53:27.182] [WARNING] QMetaObject::connectSlotsByName: No matching signal for on_pushButton_transfor_clicked() (kernel\qobject.cpp:3695)
[2025-05-31 18:53:27.183] [WARNING] QMetaObject::connectSlotsByName: No matching signal for on_pushButton_transforToMono_clicked() (kernel\qobject.cpp:3695)
[2025-05-31 18:53:27.240] [DEBUG] 1621 854 (..\..\..\mainwindow.cpp:72)
[2025-05-31 18:53:27.245] [INFO] 数据库成功连接! (..\..\..\mainwindow.cpp:116)
[2025-05-31 18:53:27.340] [DEBUG] 2560 (..\..\..\mainwindow.cpp:461)
[2025-05-31 18:53:27.345] [DEBUG] 2560 (..\..\..\mainwindow.cpp:461)
[2025-05-31 18:54:42.533] [DEBUG] 18:54:42 533 init ffmpeg lib ok  version: 4.2.1 (..\..\..\ffmpeg\ffmpeg.cpp:54)
[2025-05-31 18:54:42.705] [DEBUG] Application started. (..\..\..\mainwindow.cpp:18)
[2025-05-31 18:54:42.958] [WARNING] QMetaObject::connectSlotsByName: No matching signal for on_pushButton_transfor_clicked() (kernel\qobject.cpp:3695)
[2025-05-31 18:54:42.959] [WARNING] QMetaObject::connectSlotsByName: No matching signal for on_pushButton_transforToMono_clicked() (kernel\qobject.cpp:3695)
[2025-05-31 18:54:43.016] [DEBUG] 1621 854 (..\..\..\mainwindow.cpp:72)
[2025-05-31 18:54:43.021] [INFO] 数据库成功连接! (..\..\..\mainwindow.cpp:116)
[2025-05-31 18:54:43.114] [DEBUG] 2560 (..\..\..\mainwindow.cpp:461)
[2025-05-31 18:54:43.120] [DEBUG] 2560 (..\..\..\mainwindow.cpp:461)
[2025-05-31 18:55:17.934] [DEBUG] 18:55:17 933 init ffmpeg lib ok  version: 4.2.1 (..\..\..\ffmpeg\ffmpeg.cpp:54)
[2025-05-31 18:55:18.107] [DEBUG] Application started. (..\..\..\mainwindow.cpp:18)
[2025-05-31 18:55:18.361] [WARNING] QMetaObject::connectSlotsByName: No matching signal for on_pushButton_transfor_clicked() (kernel\qobject.cpp:3695)
[2025-05-31 18:55:18.362] [WARNING] QMetaObject::connectSlotsByName: No matching signal for on_pushButton_transforToMono_clicked() (kernel\qobject.cpp:3695)
[2025-05-31 18:55:18.422] [DEBUG] 1621 854 (..\..\..\mainwindow.cpp:72)
[2025-05-31 18:55:18.427] [INFO] 数据库成功连接! (..\..\..\mainwindow.cpp:116)
[2025-05-31 18:55:18.516] [DEBUG] 2560 (..\..\..\mainwindow.cpp:461)
[2025-05-31 18:55:18.522] [DEBUG] 2560 (..\..\..\mainwindow.cpp:461)
[2025-05-31 18:56:52.109] [DEBUG] 18:56:52 107 init ffmpeg lib ok  version: 4.2.1 (..\..\..\ffmpeg\ffmpeg.cpp:54)
[2025-05-31 18:56:52.276] [DEBUG] Application started. (..\..\..\mainwindow.cpp:18)
[2025-05-31 18:56:52.521] [WARNING] QMetaObject::connectSlotsByName: No matching signal for on_pushButton_transfor_clicked() (kernel\qobject.cpp:3695)
[2025-05-31 18:56:52.521] [WARNING] QMetaObject::connectSlotsByName: No matching signal for on_pushButton_transforToMono_clicked() (kernel\qobject.cpp:3695)
[2025-05-31 18:56:52.580] [DEBUG] 1621 854 (..\..\..\mainwindow.cpp:72)
[2025-05-31 18:56:52.584] [INFO] 数据库成功连接! (..\..\..\mainwindow.cpp:116)
[2025-05-31 18:56:52.681] [DEBUG] 2560 (..\..\..\mainwindow.cpp:461)
[2025-05-31 18:56:52.687] [DEBUG] 2560 (..\..\..\mainwindow.cpp:461)
[2025-05-31 18:57:41.805] [DEBUG] 18:57:41 804 init ffmpeg lib ok  version: 4.2.1 (..\..\..\ffmpeg\ffmpeg.cpp:54)
[2025-05-31 18:57:41.975] [DEBUG] Application started. (..\..\..\mainwindow.cpp:18)
[2025-05-31 18:57:42.224] [WARNING] QMetaObject::connectSlotsByName: No matching signal for on_pushButton_transfor_clicked() (kernel\qobject.cpp:3695)
[2025-05-31 18:57:42.225] [WARNING] QMetaObject::connectSlotsByName: No matching signal for on_pushButton_transforToMono_clicked() (kernel\qobject.cpp:3695)
[2025-05-31 18:57:42.283] [DEBUG] 1621 854 (..\..\..\mainwindow.cpp:72)
[2025-05-31 18:57:42.288] [INFO] 数据库成功连接! (..\..\..\mainwindow.cpp:116)
[2025-05-31 18:57:42.381] [DEBUG] 2560 (..\..\..\mainwindow.cpp:461)
[2025-05-31 18:57:42.387] [DEBUG] 2560 (..\..\..\mainwindow.cpp:461)
[2025-05-31 18:58:24.509] [DEBUG] 18:58:24 508 init ffmpeg lib ok  version: 4.2.1 (..\..\..\ffmpeg\ffmpeg.cpp:54)
[2025-05-31 18:58:24.678] [DEBUG] Application started. (..\..\..\mainwindow.cpp:18)
[2025-05-31 18:58:24.925] [WARNING] QMetaObject::connectSlotsByName: No matching signal for on_pushButton_transfor_clicked() (kernel\qobject.cpp:3695)
[2025-05-31 18:58:24.926] [WARNING] QMetaObject::connectSlotsByName: No matching signal for on_pushButton_transforToMono_clicked() (kernel\qobject.cpp:3695)
[2025-05-31 18:58:24.982] [DEBUG] 1621 854 (..\..\..\mainwindow.cpp:72)
[2025-05-31 18:58:24.987] [INFO] 数据库成功连接! (..\..\..\mainwindow.cpp:116)
[2025-05-31 18:58:25.081] [DEBUG] 2560 (..\..\..\mainwindow.cpp:461)
[2025-05-31 18:58:25.086] [DEBUG] "font-size: -1;" (..\..\..\mainwindow.cpp:474)
[2025-05-31 18:58:25.087] [DEBUG] 2560 (..\..\..\mainwindow.cpp:461)
[2025-05-31 18:58:25.092] [DEBUG] "font-size: -1;" (..\..\..\mainwindow.cpp:474)
[2025-05-31 18:59:03.020] [DEBUG] 18:59:03 019 init ffmpeg lib ok  version: 4.2.1 (..\..\..\ffmpeg\ffmpeg.cpp:54)
[2025-05-31 18:59:03.193] [DEBUG] Application started. (..\..\..\mainwindow.cpp:18)
[2025-05-31 18:59:03.439] [WARNING] QMetaObject::connectSlotsByName: No matching signal for on_pushButton_transfor_clicked() (kernel\qobject.cpp:3695)
[2025-05-31 18:59:03.440] [WARNING] QMetaObject::connectSlotsByName: No matching signal for on_pushButton_transforToMono_clicked() (kernel\qobject.cpp:3695)
[2025-05-31 18:59:03.496] [DEBUG] 1621 854 (..\..\..\mainwindow.cpp:72)
[2025-05-31 18:59:03.500] [INFO] 数据库成功连接! (..\..\..\mainwindow.cpp:116)
[2025-05-31 18:59:03.597] [DEBUG] 2560 (..\..\..\mainwindow.cpp:461)
[2025-05-31 18:59:03.603] [DEBUG] "font-size: -1px;" (..\..\..\mainwindow.cpp:474)
[2025-05-31 18:59:03.603] [DEBUG] 2560 (..\..\..\mainwindow.cpp:461)
[2025-05-31 18:59:03.610] [DEBUG] "font-size: -1px;" (..\..\..\mainwindow.cpp:474)
[2025-05-31 18:59:32.426] [DEBUG] 18:59:32 425 init ffmpeg lib ok  version: 4.2.1 (..\..\..\ffmpeg\ffmpeg.cpp:54)
[2025-05-31 18:59:32.597] [DEBUG] Application started. (..\..\..\mainwindow.cpp:18)
[2025-05-31 18:59:32.843] [WARNING] QMetaObject::connectSlotsByName: No matching signal for on_pushButton_transfor_clicked() (kernel\qobject.cpp:3695)
[2025-05-31 18:59:32.844] [WARNING] QMetaObject::connectSlotsByName: No matching signal for on_pushButton_transforToMono_clicked() (kernel\qobject.cpp:3695)
[2025-05-31 18:59:32.902] [DEBUG] 1621 854 (..\..\..\mainwindow.cpp:72)
[2025-05-31 18:59:32.906] [INFO] 数据库成功连接! (..\..\..\mainwindow.cpp:116)
[2025-05-31 18:59:33.002] [DEBUG] 2560 (..\..\..\mainwindow.cpp:461)
[2025-05-31 18:59:33.008] [DEBUG] "font-size: -1px;" (..\..\..\mainwindow.cpp:474)
[2025-05-31 18:59:33.008] [DEBUG] 2560 (..\..\..\mainwindow.cpp:461)
[2025-05-31 18:59:33.013] [DEBUG] "font-size: -1px;" (..\..\..\mainwindow.cpp:474)
[2025-05-31 19:02:17.315] [DEBUG] 19:02:17 315 init ffmpeg lib ok  version: 4.2.1 (..\..\..\ffmpeg\ffmpeg.cpp:54)
[2025-05-31 19:02:17.486] [DEBUG] Application started. (..\..\..\mainwindow.cpp:18)
[2025-05-31 19:02:17.733] [WARNING] QMetaObject::connectSlotsByName: No matching signal for on_pushButton_transfor_clicked() (kernel\qobject.cpp:3695)
[2025-05-31 19:02:17.734] [WARNING] QMetaObject::connectSlotsByName: No matching signal for on_pushButton_transforToMono_clicked() (kernel\qobject.cpp:3695)
[2025-05-31 19:02:17.791] [DEBUG] 1621 854 (..\..\..\mainwindow.cpp:72)
[2025-05-31 19:02:17.796] [INFO] 数据库成功连接! (..\..\..\mainwindow.cpp:116)
[2025-05-31 19:02:17.881] [DEBUG] 2560 (..\..\..\mainwindow.cpp:461)
[2025-05-31 19:02:17.892] [DEBUG] "font-size: 9px;" (..\..\..\mainwindow.cpp:474)
[2025-05-31 19:02:17.896] [DEBUG] 2560 (..\..\..\mainwindow.cpp:461)
[2025-05-31 19:02:17.901] [DEBUG] "font-size: 9px;" (..\..\..\mainwindow.cpp:474)
[2025-05-31 19:02:51.745] [DEBUG] 19:02:51 743 init ffmpeg lib ok  version: 4.2.1 (..\..\..\ffmpeg\ffmpeg.cpp:54)
[2025-05-31 19:02:51.899] [DEBUG] Application started. (..\..\..\mainwindow.cpp:18)
[2025-05-31 19:02:52.148] [WARNING] QMetaObject::connectSlotsByName: No matching signal for on_pushButton_transfor_clicked() (kernel\qobject.cpp:3695)
[2025-05-31 19:02:52.155] [WARNING] QMetaObject::connectSlotsByName: No matching signal for on_pushButton_transforToMono_clicked() (kernel\qobject.cpp:3695)
[2025-05-31 19:02:52.207] [DEBUG] 1621 854 (..\..\..\mainwindow.cpp:72)
[2025-05-31 19:02:52.216] [INFO] 数据库成功连接! (..\..\..\mainwindow.cpp:116)
[2025-05-31 19:02:52.310] [DEBUG] 2560 (..\..\..\mainwindow.cpp:461)
[2025-05-31 19:02:52.317] [DEBUG] "font-size: -1px;" (..\..\..\mainwindow.cpp:474)
[2025-05-31 19:02:52.317] [DEBUG] 2560 (..\..\..\mainwindow.cpp:461)
[2025-05-31 19:02:52.322] [DEBUG] "font-size: -1px;" (..\..\..\mainwindow.cpp:474)
[2025-05-31 19:04:33.778] [DEBUG] 19:04:33 778 init ffmpeg lib ok  version: 4.2.1 (..\..\..\ffmpeg\ffmpeg.cpp:54)
[2025-05-31 19:04:33.945] [DEBUG] Application started. (..\..\..\mainwindow.cpp:18)
[2025-05-31 19:04:34.198] [WARNING] QMetaObject::connectSlotsByName: No matching signal for on_pushButton_transfor_clicked() (kernel\qobject.cpp:3695)
[2025-05-31 19:04:34.200] [WARNING] QMetaObject::connectSlotsByName: No matching signal for on_pushButton_transforToMono_clicked() (kernel\qobject.cpp:3695)
[2025-05-31 19:04:34.256] [DEBUG] 1621 854 (..\..\..\mainwindow.cpp:72)
[2025-05-31 19:04:34.262] [INFO] 数据库成功连接! (..\..\..\mainwindow.cpp:116)
[2025-05-31 19:07:46.567] [DEBUG] 19:07:46 567 init ffmpeg lib ok  version: 4.2.1 (..\..\..\ffmpeg\ffmpeg.cpp:54)
[2025-05-31 19:07:46.742] [DEBUG] Application started. (..\..\..\mainwindow.cpp:18)
[2025-05-31 19:07:46.990] [WARNING] QMetaObject::connectSlotsByName: No matching signal for on_pushButton_transfor_clicked() (kernel\qobject.cpp:3695)
[2025-05-31 19:07:46.998] [WARNING] QMetaObject::connectSlotsByName: No matching signal for on_pushButton_transforToMono_clicked() (kernel\qobject.cpp:3695)
[2025-05-31 19:07:47.055] [DEBUG] 1621 854 (..\..\..\mainwindow.cpp:72)
[2025-05-31 19:07:47.061] [INFO] 数据库成功连接! (..\..\..\mainwindow.cpp:116)
[2025-05-31 19:08:27.350] [DEBUG] 19:08:27 350 init ffmpeg lib ok  version: 4.2.1 (..\..\..\ffmpeg\ffmpeg.cpp:54)
[2025-05-31 19:08:27.533] [DEBUG] Application started. (..\..\..\mainwindow.cpp:18)
[2025-05-31 19:08:27.782] [WARNING] QMetaObject::connectSlotsByName: No matching signal for on_pushButton_transfor_clicked() (kernel\qobject.cpp:3695)
[2025-05-31 19:08:27.783] [WARNING] QMetaObject::connectSlotsByName: No matching signal for on_pushButton_transforToMono_clicked() (kernel\qobject.cpp:3695)
[2025-05-31 19:08:27.840] [DEBUG] 1621 854 (..\..\..\mainwindow.cpp:72)
[2025-05-31 19:08:27.845] [INFO] 数据库成功连接! (..\..\..\mainwindow.cpp:116)
[2025-05-31 19:08:52.381] [DEBUG] 19:08:52 381 init ffmpeg lib ok  version: 4.2.1 (..\..\..\ffmpeg\ffmpeg.cpp:54)
[2025-05-31 19:08:52.550] [DEBUG] Application started. (..\..\..\mainwindow.cpp:18)
[2025-05-31 19:08:52.796] [WARNING] QMetaObject::connectSlotsByName: No matching signal for on_pushButton_transfor_clicked() (kernel\qobject.cpp:3695)
[2025-05-31 19:08:52.801] [WARNING] QMetaObject::connectSlotsByName: No matching signal for on_pushButton_transforToMono_clicked() (kernel\qobject.cpp:3695)
[2025-05-31 19:08:52.858] [DEBUG] 1621 854 (..\..\..\mainwindow.cpp:72)
[2025-05-31 19:08:52.862] [INFO] 数据库成功连接! (..\..\..\mainwindow.cpp:116)
[2025-05-31 19:09:39.376] [DEBUG] 19:09:39 376 init ffmpeg lib ok  version: 4.2.1 (..\..\..\ffmpeg\ffmpeg.cpp:54)
[2025-05-31 19:09:39.548] [DEBUG] Application started. (..\..\..\mainwindow.cpp:18)
[2025-05-31 19:09:39.784] [WARNING] QMetaObject::connectSlotsByName: No matching signal for on_pushButton_transfor_clicked() (kernel\qobject.cpp:3695)
[2025-05-31 19:09:39.799] [WARNING] QMetaObject::connectSlotsByName: No matching signal for on_pushButton_transforToMono_clicked() (kernel\qobject.cpp:3695)
[2025-05-31 19:09:39.856] [DEBUG] 1621 854 (..\..\..\mainwindow.cpp:72)
[2025-05-31 19:09:39.861] [INFO] 数据库成功连接! (..\..\..\mainwindow.cpp:116)
[2025-05-31 19:11:01.973] [DEBUG] 19:11:01 973 init ffmpeg lib ok  version: 4.2.1 (..\..\..\ffmpeg\ffmpeg.cpp:54)
[2025-05-31 19:11:02.128] [DEBUG] Application started. (..\..\..\mainwindow.cpp:18)
[2025-05-31 19:11:02.381] [WARNING] QMetaObject::connectSlotsByName: No matching signal for on_pushButton_transfor_clicked() (kernel\qobject.cpp:3695)
[2025-05-31 19:11:02.387] [WARNING] QMetaObject::connectSlotsByName: No matching signal for on_pushButton_transforToMono_clicked() (kernel\qobject.cpp:3695)
[2025-05-31 19:11:02.439] [DEBUG] 1621 854 (..\..\..\mainwindow.cpp:72)
[2025-05-31 19:11:02.448] [INFO] 数据库成功连接! (..\..\..\mainwindow.cpp:116)
[2025-05-31 19:11:02.548] [DEBUG] "font-size: 24px;" (..\..\..\mainwindow.cpp:478)
[2025-05-31 19:11:02.556] [DEBUG] "font-size: 24px;" (..\..\..\mainwindow.cpp:478)
[2025-05-31 19:11:27.827] [DEBUG] 19:11:27 827 init ffmpeg lib ok  version: 4.2.1 (..\..\..\ffmpeg\ffmpeg.cpp:54)
[2025-05-31 19:11:27.981] [DEBUG] Application started. (..\..\..\mainwindow.cpp:18)
[2025-05-31 19:11:28.244] [WARNING] QMetaObject::connectSlotsByName: No matching signal for on_pushButton_transfor_clicked() (kernel\qobject.cpp:3695)
[2025-05-31 19:11:28.245] [WARNING] QMetaObject::connectSlotsByName: No matching signal for on_pushButton_transforToMono_clicked() (kernel\qobject.cpp:3695)
[2025-05-31 19:11:28.301] [DEBUG] 1621 854 (..\..\..\mainwindow.cpp:72)
[2025-05-31 19:11:28.306] [INFO] 数据库成功连接! (..\..\..\mainwindow.cpp:116)
[2025-05-31 19:11:28.391] [DEBUG] "font-size: 9px;" (..\..\..\mainwindow.cpp:478)
[2025-05-31 19:11:28.402] [DEBUG] "font-size: 9px;" (..\..\..\mainwindow.cpp:478)
[2025-05-31 19:12:08.808] [DEBUG] 19:12:08 808 init ffmpeg lib ok  version: 4.2.1 (..\..\..\ffmpeg\ffmpeg.cpp:54)
[2025-05-31 19:12:08.976] [DEBUG] Application started. (..\..\..\mainwindow.cpp:18)
[2025-05-31 19:12:09.225] [WARNING] QMetaObject::connectSlotsByName: No matching signal for on_pushButton_transfor_clicked() (kernel\qobject.cpp:3695)
[2025-05-31 19:12:09.229] [WARNING] QMetaObject::connectSlotsByName: No matching signal for on_pushButton_transforToMono_clicked() (kernel\qobject.cpp:3695)
[2025-05-31 19:12:09.283] [DEBUG] 1621 854 (..\..\..\mainwindow.cpp:72)
[2025-05-31 19:12:09.293] [INFO] 数据库成功连接! (..\..\..\mainwindow.cpp:116)
[2025-05-31 19:12:09.383] [DEBUG] "font-size: 18px;" (..\..\..\mainwindow.cpp:478)
[2025-05-31 19:12:09.394] [DEBUG] "font-size: 18px;" (..\..\..\mainwindow.cpp:478)
[2025-05-31 19:12:23.968] [DEBUG] 19:12:23 964 init ffmpeg lib ok  version: 4.2.1 (..\..\..\ffmpeg\ffmpeg.cpp:54)
[2025-05-31 19:12:24.136] [DEBUG] Application started. (..\..\..\mainwindow.cpp:18)
[2025-05-31 19:12:24.385] [WARNING] QMetaObject::connectSlotsByName: No matching signal for on_pushButton_transfor_clicked() (kernel\qobject.cpp:3695)
[2025-05-31 19:12:24.396] [WARNING] QMetaObject::connectSlotsByName: No matching signal for on_pushButton_transforToMono_clicked() (kernel\qobject.cpp:3695)
[2025-05-31 19:12:24.439] [DEBUG] 1621 854 (..\..\..\mainwindow.cpp:72)
[2025-05-31 19:12:24.455] [INFO] 数据库成功连接! (..\..\..\mainwindow.cpp:116)
[2025-05-31 19:12:24.561] [DEBUG] "font-size: 18px;" (..\..\..\mainwindow.cpp:478)
[2025-05-31 19:12:24.569] [DEBUG] "font-size: 18px;" (..\..\..\mainwindow.cpp:478)
[2025-05-31 19:12:52.630] [DEBUG] 19:12:52 630 init ffmpeg lib ok  version: 4.2.1 (..\..\..\ffmpeg\ffmpeg.cpp:54)
[2025-05-31 19:12:52.799] [DEBUG] Application started. (..\..\..\mainwindow.cpp:18)
[2025-05-31 19:12:53.048] [WARNING] QMetaObject::connectSlotsByName: No matching signal for on_pushButton_transfor_clicked() (kernel\qobject.cpp:3695)
[2025-05-31 19:12:53.050] [WARNING] QMetaObject::connectSlotsByName: No matching signal for on_pushButton_transforToMono_clicked() (kernel\qobject.cpp:3695)
[2025-05-31 19:12:53.108] [DEBUG] 1621 854 (..\..\..\mainwindow.cpp:72)
[2025-05-31 19:12:53.114] [INFO] 数据库成功连接! (..\..\..\mainwindow.cpp:116)
[2025-05-31 19:12:53.221] [DEBUG] "font-size: 18px;" (..\..\..\mainwindow.cpp:478)
[2025-05-31 19:12:53.232] [DEBUG] "font-size: 18px;" (..\..\..\mainwindow.cpp:478)
[2025-05-31 19:17:14.555] [DEBUG] 19:17:14 555 init ffmpeg lib ok  version: 4.2.1 (..\..\..\ffmpeg\ffmpeg.cpp:54)
[2025-05-31 19:17:14.724] [DEBUG] Application started. (..\..\..\mainwindow.cpp:18)
[2025-05-31 19:17:14.972] [WARNING] QMetaObject::connectSlotsByName: No matching signal for on_pushButton_transfor_clicked() (kernel\qobject.cpp:3695)
[2025-05-31 19:17:14.976] [WARNING] QMetaObject::connectSlotsByName: No matching signal for on_pushButton_transforToMono_clicked() (kernel\qobject.cpp:3695)
[2025-05-31 19:17:15.031] [DEBUG] 1621 854 (..\..\..\mainwindow.cpp:72)
[2025-05-31 19:17:15.038] [INFO] 数据库成功连接! (..\..\..\mainwindow.cpp:116)
[2025-05-31 19:17:15.121] [DEBUG] "font-size: 18px;" (..\..\..\mainwindow.cpp:478)
[2025-05-31 19:17:15.137] [DEBUG] "font-size: 18px;" (..\..\..\mainwindow.cpp:478)
[2025-05-31 19:18:09.358] [DEBUG] 19:18:09 342 init ffmpeg lib ok  version: 4.2.1 (..\..\..\ffmpeg\ffmpeg.cpp:54)
[2025-05-31 19:18:09.510] [DEBUG] Application started. (..\..\..\mainwindow.cpp:18)
[2025-05-31 19:18:09.763] [WARNING] QMetaObject::connectSlotsByName: No matching signal for on_pushButton_transfor_clicked() (kernel\qobject.cpp:3695)
[2025-05-31 19:18:09.766] [WARNING] QMetaObject::connectSlotsByName: No matching signal for on_pushButton_transforToMono_clicked() (kernel\qobject.cpp:3695)
[2025-05-31 19:18:09.821] [DEBUG] 1621 854 (..\..\..\mainwindow.cpp:72)
[2025-05-31 19:18:09.828] [INFO] 数据库成功连接! (..\..\..\mainwindow.cpp:116)
[2025-05-31 19:18:09.926] [DEBUG] "font-size: 18px;" (..\..\..\mainwindow.cpp:478)
[2025-05-31 19:18:09.935] [DEBUG] "font-size: 18px;" (..\..\..\mainwindow.cpp:478)
[2025-05-31 19:20:02.080] [DEBUG] 19:20:02 080 init ffmpeg lib ok  version: 4.2.1 (..\..\..\ffmpeg\ffmpeg.cpp:54)
[2025-05-31 19:20:02.255] [DEBUG] Application started. (..\..\..\mainwindow.cpp:18)
[2025-05-31 19:20:02.503] [WARNING] QMetaObject::connectSlotsByName: No matching signal for on_pushButton_transfor_clicked() (kernel\qobject.cpp:3695)
[2025-05-31 19:20:02.509] [WARNING] QMetaObject::connectSlotsByName: No matching signal for on_pushButton_transforToMono_clicked() (kernel\qobject.cpp:3695)
[2025-05-31 19:20:02.562] [DEBUG] 1621 854 (..\..\..\mainwindow.cpp:72)
[2025-05-31 19:20:02.571] [INFO] 数据库成功连接! (..\..\..\mainwindow.cpp:116)
[2025-05-31 19:20:02.668] [DEBUG] "font-size: 18px;" (..\..\..\mainwindow.cpp:478)
[2025-05-31 19:20:02.677] [DEBUG] "font-size: 18px;" (..\..\..\mainwindow.cpp:478)
[2025-05-31 19:25:55.947] [DEBUG] 19:25:55 945 init ffmpeg lib ok  version: 4.2.1 (..\..\..\ffmpeg\ffmpeg.cpp:54)
[2025-05-31 19:25:56.124] [DEBUG] Application started. (..\..\..\mainwindow.cpp:18)
[2025-05-31 19:25:56.380] [WARNING] QMetaObject::connectSlotsByName: No matching signal for on_pushButton_transfor_clicked() (kernel\qobject.cpp:3695)
[2025-05-31 19:25:56.381] [WARNING] QMetaObject::connectSlotsByName: No matching signal for on_pushButton_transforToMono_clicked() (kernel\qobject.cpp:3695)
[2025-05-31 19:25:56.437] [DEBUG] 1621 854 (..\..\..\mainwindow.cpp:72)
[2025-05-31 19:25:56.442] [INFO] 数据库成功连接! (..\..\..\mainwindow.cpp:116)
[2025-05-31 19:25:56.543] [DEBUG] "font-size: 18px;" (..\..\..\mainwindow.cpp:478)
[2025-05-31 19:25:56.549] [DEBUG] "font-size: 18px;" (..\..\..\mainwindow.cpp:478)
[2025-05-31 19:32:53.716] [DEBUG] 19:32:53 712 init ffmpeg lib ok  version: 4.2.1 (..\..\..\ffmpeg\ffmpeg.cpp:54)
[2025-05-31 19:32:53.891] [DEBUG] Application started. (..\..\..\mainwindow.cpp:18)
[2025-05-31 19:32:54.142] [WARNING] QMetaObject::connectSlotsByName: No matching signal for on_pushButton_transfor_clicked() (kernel\qobject.cpp:3695)
[2025-05-31 19:32:54.143] [WARNING] QMetaObject::connectSlotsByName: No matching signal for on_pushButton_transforToMono_clicked() (kernel\qobject.cpp:3695)
[2025-05-31 19:32:54.199] [DEBUG] 1621 854 (..\..\..\mainwindow.cpp:72)
[2025-05-31 19:32:54.203] [INFO] 数据库成功连接! (..\..\..\mainwindow.cpp:116)
[2025-05-31 19:32:54.302] [DEBUG] "font-size: 18px;" (..\..\..\mainwindow.cpp:478)
[2025-05-31 19:32:54.308] [DEBUG] "font-size: 18px;" (..\..\..\mainwindow.cpp:478)
[2025-05-31 19:34:35.766] [DEBUG] 19:34:35 765 init ffmpeg lib ok  version: 4.2.1 (..\..\..\ffmpeg\ffmpeg.cpp:54)
[2025-05-31 19:34:35.936] [DEBUG] Application started. (..\..\..\mainwindow.cpp:18)
[2025-05-31 19:34:36.187] [WARNING] QMetaObject::connectSlotsByName: No matching signal for on_pushButton_transfor_clicked() (kernel\qobject.cpp:3695)
[2025-05-31 19:34:36.188] [WARNING] QMetaObject::connectSlotsByName: No matching signal for on_pushButton_transforToMono_clicked() (kernel\qobject.cpp:3695)
[2025-05-31 19:34:36.245] [DEBUG] 1621 854 (..\..\..\mainwindow.cpp:72)
[2025-05-31 19:34:36.249] [INFO] 数据库成功连接! (..\..\..\mainwindow.cpp:116)
[2025-05-31 19:34:36.346] [DEBUG] "font-size: 18px;" (..\..\..\mainwindow.cpp:478)
[2025-05-31 19:34:36.355] [DEBUG] "font-size: 18px;" (..\..\..\mainwindow.cpp:478)
[2025-05-31 19:35:38.592] [DEBUG] 19:35:38 591 init ffmpeg lib ok  version: 4.2.1 (..\..\..\ffmpeg\ffmpeg.cpp:54)
[2025-05-31 19:35:38.765] [DEBUG] Application started. (..\..\..\mainwindow.cpp:18)
[2025-05-31 19:35:39.014] [WARNING] QMetaObject::connectSlotsByName: No matching signal for on_pushButton_transfor_clicked() (kernel\qobject.cpp:3695)
[2025-05-31 19:35:39.015] [WARNING] QMetaObject::connectSlotsByName: No matching signal for on_pushButton_transforToMono_clicked() (kernel\qobject.cpp:3695)
[2025-05-31 19:35:39.072] [DEBUG] 1621 854 (..\..\..\mainwindow.cpp:72)
[2025-05-31 19:35:39.076] [INFO] 数据库成功连接! (..\..\..\mainwindow.cpp:116)
[2025-05-31 19:35:39.174] [DEBUG] "font-size: 18px;" (..\..\..\mainwindow.cpp:478)
[2025-05-31 19:35:39.181] [DEBUG] "font-size: 18px;" (..\..\..\mainwindow.cpp:478)
[2025-05-31 19:38:32.009] [DEBUG] 19:38:32 009 init ffmpeg lib ok  version: 4.2.1 (..\..\..\ffmpeg\ffmpeg.cpp:54)
[2025-05-31 19:38:32.182] [DEBUG] Application started. (..\..\..\mainwindow.cpp:18)
[2025-05-31 19:38:32.430] [WARNING] QMetaObject::connectSlotsByName: No matching signal for on_pushButton_transfor_clicked() (kernel\qobject.cpp:3695)
[2025-05-31 19:38:32.431] [WARNING] QMetaObject::connectSlotsByName: No matching signal for on_pushButton_transforToMono_clicked() (kernel\qobject.cpp:3695)
[2025-05-31 19:38:32.492] [DEBUG] 1621 854 (..\..\..\mainwindow.cpp:72)
[2025-05-31 19:38:32.497] [INFO] 数据库成功连接! (..\..\..\mainwindow.cpp:116)
[2025-05-31 19:38:32.597] [DEBUG] "font-size: 18px;" (..\..\..\mainwindow.cpp:478)
[2025-05-31 19:38:32.603] [DEBUG] "font-size: 18px;" (..\..\..\mainwindow.cpp:478)
[2025-05-31 19:38:41.052] [DEBUG] RTSP URL is: "rtsp://192.168.2.62" (..\..\..\mainwindow.cpp:428)
[2025-05-31 19:38:42.572] [DEBUG] RTSP URL is: "rtsp://" (..\..\..\mainwindow.cpp:668)
[2025-05-31 19:38:43.652] [DEBUG] RTSP URL is: "rtsp://192.168.2.61" (..\..\..\mainwindow.cpp:395)
[2025-05-31 19:38:44.265] [DEBUG] 19:38:44 265 open input error "rtsp://192.168.2.62" (..\..\..\ffmpeg\ffmpeg.cpp:88)
[2025-05-31 19:38:44.265] [DEBUG] 19:38:44 265 stop ffmpeg thread (..\..\..\ffmpeg\ffmpeg.cpp:286)
[2025-05-31 19:38:44.580] [DEBUG] RTSP URL is: "rtsp://192.168.2.61" (..\..\..\mainwindow.cpp:395)
[2025-05-31 19:38:45.820] [DEBUG] RTSP URL is: "rtsp://192.168.2.61" (..\..\..\mainwindow.cpp:395)
[2025-05-31 19:38:45.980] [DEBUG] 19:38:45 980 open input error "rtsp://" (..\..\..\ffmpeg\ffmpeg.cpp:88)
[2025-05-31 19:38:45.980] [DEBUG] 19:38:45 980 stop ffmpeg thread (..\..\..\ffmpeg\ffmpeg.cpp:286)
[2025-05-31 19:38:45.996] [DEBUG] RTSP URL is: "rtsp://192.168.2.61" (..\..\..\mainwindow.cpp:395)
[2025-05-31 19:38:46.508] [DEBUG] RTSP URL is: "rtsp://192.168.2.61" (..\..\..\mainwindow.cpp:395)
[2025-05-31 19:38:46.724] [DEBUG] RTSP URL is: "rtsp://192.168.2.61" (..\..\..\mainwindow.cpp:395)
[2025-05-31 19:38:46.866] [DEBUG] 19:38:46 866 open input error "rtsp://192.168.2.61" (..\..\..\ffmpeg\ffmpeg.cpp:88)
[2025-05-31 19:38:46.866] [DEBUG] 19:38:46 866 stop ffmpeg thread (..\..\..\ffmpeg\ffmpeg.cpp:286)
[2025-05-31 19:38:47.164] [DEBUG] RTSP URL is: "rtsp://192.168.2.61" (..\..\..\mainwindow.cpp:395)
[2025-05-31 19:38:47.620] [DEBUG] RTSP URL is: "rtsp://192.168.2.61" (..\..\..\mainwindow.cpp:395)
[2025-05-31 19:38:48.939] [DEBUG] RTSP URL is: "rtsp://192.168.2.62" (..\..\..\mainwindow.cpp:428)
[2025-05-31 19:38:49.820] [DEBUG] RTSP URL is: "rtsp://" (..\..\..\mainwindow.cpp:634)
[2025-05-31 19:38:50.396] [DEBUG] 19:38:50 396 open input error "rtsp://192.168.2.61" (..\..\..\ffmpeg\ffmpeg.cpp:88)
[2025-05-31 19:38:50.396] [DEBUG] 19:38:50 396 stop ffmpeg thread (..\..\..\ffmpeg\ffmpeg.cpp:286)
[2025-05-31 19:38:51.228] [DEBUG] RTSP URL is: "rtsp://" (..\..\..\mainwindow.cpp:702)
[2025-05-31 19:39:30.237] [DEBUG] 19:39:30 236 init ffmpeg lib ok  version: 4.2.1 (..\..\..\ffmpeg\ffmpeg.cpp:54)
[2025-05-31 19:39:30.407] [DEBUG] Application started. (..\..\..\mainwindow.cpp:18)
[2025-05-31 19:39:30.653] [WARNING] QMetaObject::connectSlotsByName: No matching signal for on_pushButton_transfor_clicked() (kernel\qobject.cpp:3695)
[2025-05-31 19:39:30.653] [WARNING] QMetaObject::connectSlotsByName: No matching signal for on_pushButton_transforToMono_clicked() (kernel\qobject.cpp:3695)
[2025-05-31 19:39:30.711] [DEBUG] 1621 854 (..\..\..\mainwindow.cpp:72)
[2025-05-31 19:39:30.716] [INFO] 数据库成功连接! (..\..\..\mainwindow.cpp:116)
[2025-05-31 19:39:30.813] [DEBUG] "font-size: 18px;" (..\..\..\mainwindow.cpp:478)
[2025-05-31 19:39:30.822] [DEBUG] "font-size: 18px;" (..\..\..\mainwindow.cpp:478)
[2025-05-31 19:39:58.876] [DEBUG] 19:39:58 875 init ffmpeg lib ok  version: 4.2.1 (..\..\..\ffmpeg\ffmpeg.cpp:54)
[2025-05-31 19:39:59.045] [DEBUG] Application started. (..\..\..\mainwindow.cpp:18)
[2025-05-31 19:39:59.291] [WARNING] QMetaObject::connectSlotsByName: No matching signal for on_pushButton_transfor_clicked() (kernel\qobject.cpp:3695)
[2025-05-31 19:39:59.292] [WARNING] QMetaObject::connectSlotsByName: No matching signal for on_pushButton_transforToMono_clicked() (kernel\qobject.cpp:3695)
[2025-05-31 19:39:59.347] [DEBUG] 1621 854 (..\..\..\mainwindow.cpp:72)
[2025-05-31 19:39:59.352] [INFO] 数据库成功连接! (..\..\..\mainwindow.cpp:116)
[2025-05-31 19:39:59.448] [DEBUG] "font-size: 18px;" (..\..\..\mainwindow.cpp:478)
[2025-05-31 19:39:59.455] [DEBUG] "font-size: 18px;" (..\..\..\mainwindow.cpp:478)
[2025-05-31 19:40:16.049] [DEBUG] 19:40:16 047 init ffmpeg lib ok  version: 4.2.1 (..\..\..\ffmpeg\ffmpeg.cpp:54)
[2025-05-31 19:40:16.221] [DEBUG] Application started. (..\..\..\mainwindow.cpp:18)
[2025-05-31 19:40:16.472] [WARNING] QMetaObject::connectSlotsByName: No matching signal for on_pushButton_transfor_clicked() (kernel\qobject.cpp:3695)
[2025-05-31 19:40:16.473] [WARNING] QMetaObject::connectSlotsByName: No matching signal for on_pushButton_transforToMono_clicked() (kernel\qobject.cpp:3695)
[2025-05-31 19:40:16.530] [DEBUG] 1621 854 (..\..\..\mainwindow.cpp:72)
[2025-05-31 19:40:16.534] [INFO] 数据库成功连接! (..\..\..\mainwindow.cpp:116)
[2025-05-31 19:40:16.629] [DEBUG] "font-size: 18px;" (..\..\..\mainwindow.cpp:478)
[2025-05-31 19:40:16.638] [DEBUG] "font-size: 18px;" (..\..\..\mainwindow.cpp:478)
[2025-05-31 19:41:18.337] [DEBUG] 19:41:18 336 init ffmpeg lib ok  version: 4.2.1 (..\..\..\ffmpeg\ffmpeg.cpp:54)
[2025-05-31 19:41:18.508] [DEBUG] Application started. (..\..\..\mainwindow.cpp:18)
[2025-05-31 19:41:18.754] [WARNING] QMetaObject::connectSlotsByName: No matching signal for on_pushButton_transfor_clicked() (kernel\qobject.cpp:3695)
[2025-05-31 19:41:18.755] [WARNING] QMetaObject::connectSlotsByName: No matching signal for on_pushButton_transforToMono_clicked() (kernel\qobject.cpp:3695)
[2025-05-31 19:41:18.811] [DEBUG] 1621 854 (..\..\..\mainwindow.cpp:72)
[2025-05-31 19:41:18.816] [INFO] 数据库成功连接! (..\..\..\mainwindow.cpp:116)
[2025-05-31 19:41:18.912] [DEBUG] "font-size: 18px;" (..\..\..\mainwindow.cpp:478)
[2025-05-31 19:41:18.918] [DEBUG] "font-size: 18px;" (..\..\..\mainwindow.cpp:478)
[2025-05-31 19:41:32.554] [DEBUG] 19:41:32 553 init ffmpeg lib ok  version: 4.2.1 (..\..\..\ffmpeg\ffmpeg.cpp:54)
[2025-05-31 19:41:32.734] [DEBUG] Application started. (..\..\..\mainwindow.cpp:18)
[2025-05-31 19:41:32.995] [WARNING] QMetaObject::connectSlotsByName: No matching signal for on_pushButton_transfor_clicked() (kernel\qobject.cpp:3695)
[2025-05-31 19:41:32.995] [WARNING] QMetaObject::connectSlotsByName: No matching signal for on_pushButton_transforToMono_clicked() (kernel\qobject.cpp:3695)
[2025-05-31 19:41:33.053] [DEBUG] 1621 854 (..\..\..\mainwindow.cpp:72)
[2025-05-31 19:41:33.058] [INFO] 数据库成功连接! (..\..\..\mainwindow.cpp:116)
[2025-05-31 19:41:33.158] [DEBUG] "font-size: 18px;" (..\..\..\mainwindow.cpp:478)
[2025-05-31 19:41:33.165] [DEBUG] "font-size: 18px;" (..\..\..\mainwindow.cpp:478)
[2025-05-31 19:41:37.252] [DEBUG] RTSP URL is: "rtsp://192.168.2.62" (..\..\..\mainwindow.cpp:428)
[2025-05-31 19:41:38.196] [DEBUG] RTSP URL is: "rtsp://192.168.2.62" (..\..\..\mainwindow.cpp:428)
[2025-05-31 19:43:57.971] [DEBUG] 19:43:57 970 init ffmpeg lib ok  version: 4.2.1 (..\..\..\ffmpeg\ffmpeg.cpp:54)
[2025-05-31 19:43:58.146] [DEBUG] Application started. (..\..\..\mainwindow.cpp:18)
[2025-05-31 19:43:58.392] [WARNING] QMetaObject::connectSlotsByName: No matching signal for on_pushButton_transfor_clicked() (kernel\qobject.cpp:3695)
[2025-05-31 19:43:58.393] [WARNING] QMetaObject::connectSlotsByName: No matching signal for on_pushButton_transforToMono_clicked() (kernel\qobject.cpp:3695)
[2025-05-31 19:43:58.450] [DEBUG] 1621 854 (..\..\..\mainwindow.cpp:72)
[2025-05-31 19:43:58.454] [INFO] 数据库成功连接! (..\..\..\mainwindow.cpp:116)
[2025-05-31 19:43:58.548] [DEBUG] 1630 (..\..\..\mainwindow.cpp:461)
[2025-05-31 19:43:58.553] [DEBUG] "font-size: 18px;" (..\..\..\mainwindow.cpp:478)
[2025-05-31 19:43:58.554] [DEBUG] 1630 (..\..\..\mainwindow.cpp:461)
[2025-05-31 19:43:58.559] [DEBUG] "font-size: 18px;" (..\..\..\mainwindow.cpp:478)
[2025-05-31 19:44:33.279] [DEBUG] 19:44:33 278 init ffmpeg lib ok  version: 4.2.1 (..\..\..\ffmpeg\ffmpeg.cpp:54)
[2025-05-31 19:44:33.449] [DEBUG] Application started. (..\..\..\mainwindow.cpp:18)
[2025-05-31 19:44:33.694] [WARNING] QMetaObject::connectSlotsByName: No matching signal for on_pushButton_transfor_clicked() (kernel\qobject.cpp:3695)
[2025-05-31 19:44:33.696] [WARNING] QMetaObject::connectSlotsByName: No matching signal for on_pushButton_transforToMono_clicked() (kernel\qobject.cpp:3695)
[2025-05-31 19:44:33.753] [DEBUG] 1621 854 (..\..\..\mainwindow.cpp:72)
[2025-05-31 19:44:33.757] [INFO] 数据库成功连接! (..\..\..\mainwindow.cpp:116)
[2025-05-31 19:44:33.849] [DEBUG] 640 (..\..\..\mainwindow.cpp:461)
[2025-05-31 19:44:33.855] [DEBUG] "font-size: 18px;" (..\..\..\mainwindow.cpp:478)
[2025-05-31 19:44:33.856] [DEBUG] 640 (..\..\..\mainwindow.cpp:461)
[2025-05-31 19:44:33.861] [DEBUG] "font-size: 18px;" (..\..\..\mainwindow.cpp:478)
[2025-05-31 19:44:58.174] [DEBUG] 19:44:58 172 init ffmpeg lib ok  version: 4.2.1 (..\..\..\ffmpeg\ffmpeg.cpp:54)
[2025-05-31 19:44:58.347] [DEBUG] Application started. (..\..\..\mainwindow.cpp:18)
[2025-05-31 19:44:58.597] [WARNING] QMetaObject::connectSlotsByName: No matching signal for on_pushButton_transfor_clicked() (kernel\qobject.cpp:3695)
[2025-05-31 19:44:58.598] [WARNING] QMetaObject::connectSlotsByName: No matching signal for on_pushButton_transforToMono_clicked() (kernel\qobject.cpp:3695)
[2025-05-31 19:44:58.655] [DEBUG] 1621 854 (..\..\..\mainwindow.cpp:72)
[2025-05-31 19:44:58.660] [INFO] 数据库成功连接! (..\..\..\mainwindow.cpp:116)
[2025-05-31 19:44:58.753] [DEBUG] 100 (..\..\..\mainwindow.cpp:461)
[2025-05-31 19:44:58.760] [DEBUG] "font-size: 18px;" (..\..\..\mainwindow.cpp:478)
[2025-05-31 19:44:58.760] [DEBUG] 100 (..\..\..\mainwindow.cpp:461)
[2025-05-31 19:44:58.766] [DEBUG] "font-size: 18px;" (..\..\..\mainwindow.cpp:478)
[2025-05-31 19:45:18.624] [DEBUG] 19:45:18 624 init ffmpeg lib ok  version: 4.2.1 (..\..\..\ffmpeg\ffmpeg.cpp:54)
[2025-05-31 19:45:18.797] [DEBUG] Application started. (..\..\..\mainwindow.cpp:18)
[2025-05-31 19:45:19.040] [WARNING] QMetaObject::connectSlotsByName: No matching signal for on_pushButton_transfor_clicked() (kernel\qobject.cpp:3695)
[2025-05-31 19:45:19.041] [WARNING] QMetaObject::connectSlotsByName: No matching signal for on_pushButton_transforToMono_clicked() (kernel\qobject.cpp:3695)
[2025-05-31 19:45:19.099] [DEBUG] 1621 854 (..\..\..\mainwindow.cpp:72)
[2025-05-31 19:45:19.104] [INFO] 数据库成功连接! (..\..\..\mainwindow.cpp:116)
[2025-05-31 19:45:19.194] [DEBUG] 100 (..\..\..\mainwindow.cpp:461)
[2025-05-31 19:45:19.201] [DEBUG] 100 (..\..\..\mainwindow.cpp:461)
[2025-05-31 19:46:18.326] [DEBUG] 19:46:18 326 init ffmpeg lib ok  version: 4.2.1 (..\..\..\ffmpeg\ffmpeg.cpp:54)
[2025-05-31 19:46:18.506] [DEBUG] Application started. (..\..\..\mainwindow.cpp:18)
[2025-05-31 19:46:18.765] [WARNING] QMetaObject::connectSlotsByName: No matching signal for on_pushButton_transfor_clicked() (kernel\qobject.cpp:3695)
[2025-05-31 19:46:18.765] [WARNING] QMetaObject::connectSlotsByName: No matching signal for on_pushButton_transforToMono_clicked() (kernel\qobject.cpp:3695)
[2025-05-31 19:46:18.816] [DEBUG] 1621 854 (..\..\..\mainwindow.cpp:72)
[2025-05-31 19:46:18.828] [INFO] 数据库成功连接! (..\..\..\mainwindow.cpp:116)
[2025-05-31 19:46:18.924] [DEBUG] 100 (..\..\..\mainwindow.cpp:461)
[2025-05-31 19:46:18.924] [WARNING] QFont::setPixelSize: Pixel size <= 0 (-2) (text\qfont.cpp:1005)
[2025-05-31 19:46:18.924] [WARNING] QFont::setPixelSize: Pixel size <= 0 (-2) (text\qfont.cpp:1005)
[2025-05-31 19:46:18.924] [WARNING] QFont::setPixelSize: Pixel size <= 0 (-2) (text\qfont.cpp:1005)
[2025-05-31 19:46:18.924] [WARNING] QFont::setPixelSize: Pixel size <= 0 (-2) (text\qfont.cpp:1005)
[2025-05-31 19:46:18.924] [WARNING] QFont::setPixelSize: Pixel size <= 0 (-2) (text\qfont.cpp:1005)
[2025-05-31 19:46:18.924] [WARNING] QFont::setPixelSize: Pixel size <= 0 (-2) (text\qfont.cpp:1005)
[2025-05-31 19:46:18.924] [WARNING] QFont::setPixelSize: Pixel size <= 0 (-2) (text\qfont.cpp:1005)
[2025-05-31 19:46:18.924] [WARNING] QFont::setPixelSize: Pixel size <= 0 (-2) (text\qfont.cpp:1005)
[2025-05-31 19:46:18.924] [WARNING] QFont::setPixelSize: Pixel size <= 0 (-2) (text\qfont.cpp:1005)
[2025-05-31 19:46:18.924] [WARNING] QFont::setPixelSize: Pixel size <= 0 (-2) (text\qfont.cpp:1005)
[2025-05-31 19:46:18.924] [WARNING] QFont::setPixelSize: Pixel size <= 0 (-2) (text\qfont.cpp:1005)
[2025-05-31 19:46:18.924] [WARNING] QFont::setPixelSize: Pixel size <= 0 (-2) (text\qfont.cpp:1005)
[2025-05-31 19:46:18.924] [WARNING] QFont::setPixelSize: Pixel size <= 0 (-2) (text\qfont.cpp:1005)
[2025-05-31 19:46:18.924] [WARNING] QFont::setPixelSize: Pixel size <= 0 (-2) (text\qfont.cpp:1005)
[2025-05-31 19:46:18.924] [WARNING] QFont::setPixelSize: Pixel size <= 0 (-2) (text\qfont.cpp:1005)
[2025-05-31 19:46:18.924] [WARNING] QFont::setPixelSize: Pixel size <= 0 (-2) (text\qfont.cpp:1005)
[2025-05-31 19:46:18.924] [WARNING] QFont::setPixelSize: Pixel size <= 0 (-2) (text\qfont.cpp:1005)
[2025-05-31 19:46:18.924] [WARNING] QFont::setPixelSize: Pixel size <= 0 (-2) (text\qfont.cpp:1005)
[2025-05-31 19:49:57.454] [DEBUG] 19:49:57 454 init ffmpeg lib ok  version: 4.2.1 (..\..\..\ffmpeg\ffmpeg.cpp:54)
[2025-05-31 19:49:57.624] [DEBUG] Application started. (..\..\..\mainwindow.cpp:18)
[2025-05-31 19:49:57.873] [WARNING] QMetaObject::connectSlotsByName: No matching signal for on_pushButton_transfor_clicked() (kernel\qobject.cpp:3695)
[2025-05-31 19:49:57.877] [WARNING] QMetaObject::connectSlotsByName: No matching signal for on_pushButton_transforToMono_clicked() (kernel\qobject.cpp:3695)
[2025-05-31 19:49:57.931] [DEBUG] 1621 854 (..\..\..\mainwindow.cpp:72)
[2025-05-31 19:49:57.940] [INFO] 数据库成功连接! (..\..\..\mainwindow.cpp:116)
[2025-05-31 20:02:45.725] [DEBUG] 20:02:45 725 init ffmpeg lib ok  version: 4.2.1 (..\..\..\ffmpeg\ffmpeg.cpp:54)
[2025-05-31 20:02:45.900] [DEBUG] Application started. (..\..\..\mainwindow.cpp:18)
[2025-05-31 20:02:46.160] [WARNING] QMetaObject::connectSlotsByName: No matching signal for on_pushButton_transfor_clicked() (kernel\qobject.cpp:3695)
[2025-05-31 20:02:46.160] [WARNING] QMetaObject::connectSlotsByName: No matching signal for on_pushButton_transforToMono_clicked() (kernel\qobject.cpp:3695)
[2025-05-31 20:02:46.218] [DEBUG] 1621 854 (..\..\..\mainwindow.cpp:72)
[2025-05-31 20:02:46.223] [INFO] 数据库成功连接! (..\..\..\mainwindow.cpp:116)
[2025-05-31 20:05:50.921] [DEBUG] 20:05:50 921 init ffmpeg lib ok  version: 4.2.1 (..\..\..\ffmpeg\ffmpeg.cpp:54)
[2025-05-31 20:05:51.093] [DEBUG] Application started. (..\..\..\mainwindow.cpp:18)
[2025-05-31 20:05:51.340] [WARNING] QMetaObject::connectSlotsByName: No matching signal for on_pushButton_transfor_clicked() (kernel\qobject.cpp:3695)
[2025-05-31 20:05:51.345] [WARNING] QMetaObject::connectSlotsByName: No matching signal for on_pushButton_transforToMono_clicked() (kernel\qobject.cpp:3695)
[2025-05-31 20:05:51.398] [DEBUG] 1621 854 (..\..\..\mainwindow.cpp:72)
[2025-05-31 20:05:51.408] [INFO] 数据库成功连接! (..\..\..\mainwindow.cpp:116)
[2025-05-31 20:05:58.124] [DEBUG] RTSP URL is: "rtsp://192.168.2.66" (..\..\..\mainwindow.cpp:395)
[2025-05-31 20:05:59.082] [DEBUG] 20:05:59 082 "视频流信息 -> 索引: 0  解码: hevc  格式: rtsp  时长: -9223372036854 秒  分辨率: 640*480" (..\..\..\ffmpeg\ffmpeg.cpp:148)
[2025-05-31 20:06:04.099] [DEBUG] RTSP URL is: "rtsp://192.168.2.66" (..\..\..\mainwindow.cpp:395)
[2025-05-31 20:06:04.105] [DEBUG] 20:06:04 105 stop ffmpeg thread (..\..\..\ffmpeg\ffmpeg.cpp:286)
[2025-05-31 20:07:10.110] [DEBUG] 20:07:10 110 init ffmpeg lib ok  version: 4.2.1 (..\..\..\ffmpeg\ffmpeg.cpp:54)
[2025-05-31 20:07:10.279] [DEBUG] Application started. (..\..\..\mainwindow.cpp:18)
[2025-05-31 20:07:10.544] [WARNING] QMetaObject::connectSlotsByName: No matching signal for on_pushButton_transfor_clicked() (kernel\qobject.cpp:3695)
[2025-05-31 20:07:10.552] [WARNING] QMetaObject::connectSlotsByName: No matching signal for on_pushButton_transforToMono_clicked() (kernel\qobject.cpp:3695)
[2025-05-31 20:07:10.604] [DEBUG] 1621 854 (..\..\..\mainwindow.cpp:72)
[2025-05-31 20:07:10.615] [INFO] 数据库成功连接! (..\..\..\mainwindow.cpp:116)
[2025-05-31 20:07:26.523] [DEBUG] RTSP URL is: "rtsp://192.168.2.68" (..\..\..\mainwindow.cpp:395)
[2025-05-31 20:07:27.514] [DEBUG] 20:07:27 514 "视频流信息 -> 索引: 0  解码: hevc  格式: rtsp  时长: -9223372036854 秒  分辨率: 640*480" (..\..\..\ffmpeg\ffmpeg.cpp:148)
[2025-05-31 20:07:41.475] [DEBUG] RTSP URL is: "rtsp://192.168.2.68" (..\..\..\mainwindow.cpp:395)
[2025-05-31 20:07:44.124] [DEBUG] 20:07:44 124 stop ffmpeg thread (..\..\..\ffmpeg\ffmpeg.cpp:286)
[2025-05-31 20:07:55.596] [DEBUG] RTSP URL is: "rtsp://192.168.2.65" (..\..\..\mainwindow.cpp:395)
[2025-05-31 20:07:59.024] [DEBUG] 20:07:59 024 open input error "rtsp://192.168.2.65" (..\..\..\ffmpeg\ffmpeg.cpp:88)
[2025-05-31 20:07:59.024] [DEBUG] 20:07:59 024 stop ffmpeg thread (..\..\..\ffmpeg\ffmpeg.cpp:286)
[2025-05-31 20:08:03.891] [DEBUG] RTSP URL is: "rtsp://192.168.2.65" (..\..\..\mainwindow.cpp:395)
[2025-05-31 20:08:07.566] [DEBUG] RTSP URL is: "rtsp://192.168.2.65" (..\..\..\mainwindow.cpp:395)
[2025-05-31 20:08:10.612] [DEBUG] RTSP URL is: "rtsp://192.168.2.65" (..\..\..\mainwindow.cpp:395)
[2025-05-31 20:08:10.985] [DEBUG] 20:08:10 985 open input error "rtsp://192.168.2.65" (..\..\..\ffmpeg\ffmpeg.cpp:88)
[2025-05-31 20:08:10.985] [DEBUG] 20:08:10 985 stop ffmpeg thread (..\..\..\ffmpeg\ffmpeg.cpp:286)
[2025-05-31 20:11:56.997] [DEBUG] 20:11:56 997 init ffmpeg lib ok  version: 4.2.1 (..\..\..\ffmpeg\ffmpeg.cpp:54)
[2025-05-31 20:11:57.188] [DEBUG] Application started. (..\..\..\mainwindow.cpp:18)
[2025-05-31 20:11:57.436] [WARNING] QMetaObject::connectSlotsByName: No matching signal for on_pushButton_transfor_clicked() (kernel\qobject.cpp:3695)
[2025-05-31 20:11:57.441] [WARNING] QMetaObject::connectSlotsByName: No matching signal for on_pushButton_transforToMono_clicked() (kernel\qobject.cpp:3695)
[2025-05-31 20:11:57.499] [DEBUG] 1621 854 (..\..\..\mainwindow.cpp:72)
[2025-05-31 20:11:57.503] [INFO] 数据库成功连接! (..\..\..\mainwindow.cpp:116)
[2025-05-31 20:13:04.072] [DEBUG] 20:13:04 071 init ffmpeg lib ok  version: 4.2.1 (..\..\..\ffmpeg\ffmpeg.cpp:54)
[2025-05-31 20:13:04.247] [DEBUG] Application started. (..\..\..\mainwindow.cpp:18)
[2025-05-31 20:13:04.496] [WARNING] QMetaObject::connectSlotsByName: No matching signal for on_pushButton_transfor_clicked() (kernel\qobject.cpp:3695)
[2025-05-31 20:13:04.508] [WARNING] QMetaObject::connectSlotsByName: No matching signal for on_pushButton_transforToMono_clicked() (kernel\qobject.cpp:3695)
[2025-05-31 20:13:04.566] [DEBUG] 1621 854 (..\..\..\mainwindow.cpp:72)
[2025-05-31 20:13:04.570] [INFO] 数据库成功连接! (..\..\..\mainwindow.cpp:116)
[2025-05-31 20:13:11.708] [DEBUG] RTSP URL is: "rtsp://192.168.2.65" (..\..\..\mainwindow.cpp:428)
[2025-05-31 20:13:12.640] [DEBUG] 20:13:12 640 "视频流信息 -> 索引: 0  解码: hevc  格式: rtsp  时长: -9223372036854 秒  分辨率: 640*480" (..\..\..\ffmpeg\ffmpeg.cpp:148)
[2025-05-31 20:15:18.616] [DEBUG] 20:15:18 615 init ffmpeg lib ok  version: 4.2.1 (..\..\..\ffmpeg\ffmpeg.cpp:54)
[2025-05-31 20:15:18.818] [DEBUG] Application started. (..\..\..\mainwindow.cpp:18)
[2025-05-31 20:15:19.092] [WARNING] QMetaObject::connectSlotsByName: No matching signal for on_pushButton_transfor_clicked() (kernel\qobject.cpp:3695)
[2025-05-31 20:15:19.094] [WARNING] QMetaObject::connectSlotsByName: No matching signal for on_pushButton_transforToMono_clicked() (kernel\qobject.cpp:3695)
[2025-05-31 20:15:19.151] [DEBUG] 1621 854 (..\..\..\mainwindow.cpp:72)
[2025-05-31 20:15:19.156] [INFO] 数据库成功连接! (..\..\..\mainwindow.cpp:116)
[2025-05-31 20:15:23.622] [DEBUG] RTSP URL is: "rtsp://192.168.2.67" (..\..\..\mainwindow.cpp:428)
[2025-05-31 20:15:24.574] [DEBUG] 20:15:24 574 "视频流信息 -> 索引: 0  解码: hevc  格式: rtsp  时长: -9223372036854 秒  分辨率: 640*480" (..\..\..\ffmpeg\ffmpeg.cpp:148)
[2025-05-31 20:26:38.974] [DEBUG] 20:26:38 974 init ffmpeg lib ok  version: 4.2.1 (..\..\..\ffmpeg\ffmpeg.cpp:54)
[2025-05-31 20:26:39.167] [DEBUG] Application started. (..\..\..\mainwindow.cpp:18)
[2025-05-31 20:26:39.430] [WARNING] QMetaObject::connectSlotsByName: No matching signal for on_pushButton_transfor_clicked() (kernel\qobject.cpp:3695)
[2025-05-31 20:26:39.442] [WARNING] QMetaObject::connectSlotsByName: No matching signal for on_pushButton_transforToMono_clicked() (kernel\qobject.cpp:3695)
[2025-05-31 20:26:39.500] [DEBUG] 1621 854 (..\..\..\mainwindow.cpp:72)
[2025-05-31 20:26:39.505] [INFO] 数据库成功连接! (..\..\..\mainwindow.cpp:116)
[2025-05-31 20:30:47.657] [DEBUG] 20:30:47 657 init ffmpeg lib ok  version: 4.2.1 (..\..\..\ffmpeg\ffmpeg.cpp:54)
[2025-05-31 20:30:47.832] [DEBUG] Application started. (..\..\..\mainwindow.cpp:18)
[2025-05-31 20:30:48.080] [WARNING] QMetaObject::connectSlotsByName: No matching signal for on_pushButton_transfor_clicked() (kernel\qobject.cpp:3695)
[2025-05-31 20:30:48.084] [WARNING] QMetaObject::connectSlotsByName: No matching signal for on_pushButton_transforToMono_clicked() (kernel\qobject.cpp:3695)
[2025-05-31 20:30:48.138] [DEBUG] 1621 854 (..\..\..\mainwindow.cpp:72)
[2025-05-31 20:30:48.144] [INFO] 数据库成功连接! (..\..\..\mainwindow.cpp:116)
[2025-05-31 20:31:25.149] [DEBUG] 20:31:25 134 init ffmpeg lib ok  version: 4.2.1 (..\..\..\ffmpeg\ffmpeg.cpp:54)
[2025-05-31 20:31:25.308] [DEBUG] Application started. (..\..\..\mainwindow.cpp:18)
[2025-05-31 20:31:25.563] [WARNING] QMetaObject::connectSlotsByName: No matching signal for on_pushButton_transfor_clicked() (kernel\qobject.cpp:3695)
[2025-05-31 20:31:25.566] [WARNING] QMetaObject::connectSlotsByName: No matching signal for on_pushButton_transforToMono_clicked() (kernel\qobject.cpp:3695)
[2025-05-31 20:31:25.621] [DEBUG] 1621 854 (..\..\..\mainwindow.cpp:72)
[2025-05-31 20:31:25.626] [INFO] 数据库成功连接! (..\..\..\mainwindow.cpp:116)
[2025-05-31 20:32:12.236] [DEBUG] 20:32:12 236 init ffmpeg lib ok  version: 4.2.1 (..\..\..\ffmpeg\ffmpeg.cpp:54)
[2025-05-31 20:32:12.405] [DEBUG] Application started. (..\..\..\mainwindow.cpp:18)
[2025-05-31 20:32:12.672] [WARNING] QMetaObject::connectSlotsByName: No matching signal for on_pushButton_transfor_clicked() (kernel\qobject.cpp:3695)
[2025-05-31 20:32:12.675] [WARNING] QMetaObject::connectSlotsByName: No matching signal for on_pushButton_transforToMono_clicked() (kernel\qobject.cpp:3695)
[2025-05-31 20:32:12.731] [DEBUG] 1621 854 (..\..\..\mainwindow.cpp:72)
[2025-05-31 20:32:12.738] [INFO] 数据库成功连接! (..\..\..\mainwindow.cpp:116)
[2025-05-31 20:32:59.632] [DEBUG] 20:32:59 632 init ffmpeg lib ok  version: 4.2.1 (..\..\..\ffmpeg\ffmpeg.cpp:54)
[2025-05-31 20:32:59.800] [DEBUG] Application started. (..\..\..\mainwindow.cpp:18)
[2025-05-31 20:33:00.049] [WARNING] QMetaObject::connectSlotsByName: No matching signal for on_pushButton_transfor_clicked() (kernel\qobject.cpp:3695)
[2025-05-31 20:33:00.054] [WARNING] QMetaObject::connectSlotsByName: No matching signal for on_pushButton_transforToMono_clicked() (kernel\qobject.cpp:3695)
[2025-05-31 20:33:00.107] [DEBUG] 1621 854 (..\..\..\mainwindow.cpp:72)
[2025-05-31 20:33:00.114] [INFO] 数据库成功连接! (..\..\..\mainwindow.cpp:116)
[2025-05-31 20:36:28.621] [DEBUG] 20:36:28 605 init ffmpeg lib ok  version: 4.2.1 (..\..\..\ffmpeg\ffmpeg.cpp:54)
[2025-05-31 20:36:28.789] [DEBUG] Application started. (..\..\..\mainwindow.cpp:18)
[2025-05-31 20:36:29.041] [WARNING] QMetaObject::connectSlotsByName: No matching signal for on_pushButton_transfor_clicked() (kernel\qobject.cpp:3695)
[2025-05-31 20:36:29.043] [WARNING] QMetaObject::connectSlotsByName: No matching signal for on_pushButton_transforToMono_clicked() (kernel\qobject.cpp:3695)
[2025-05-31 20:36:29.084] [DEBUG] 1621 854 (..\..\..\mainwindow.cpp:72)
[2025-05-31 20:36:29.100] [INFO] 数据库成功连接! (..\..\..\mainwindow.cpp:116)
[2025-05-31 20:38:23.902] [DEBUG] 20:38:23 902 init ffmpeg lib ok  version: 4.2.1 (..\..\..\ffmpeg\ffmpeg.cpp:54)
[2025-05-31 20:38:24.071] [DEBUG] Application started. (..\..\..\mainwindow.cpp:18)
[2025-05-31 20:38:24.305] [WARNING] QMetaObject::connectSlotsByName: No matching signal for on_pushButton_transfor_clicked() (kernel\qobject.cpp:3695)
[2025-05-31 20:38:24.318] [WARNING] QMetaObject::connectSlotsByName: No matching signal for on_pushButton_transforToMono_clicked() (kernel\qobject.cpp:3695)
[2025-05-31 20:38:24.361] [DEBUG] 1621 854 (..\..\..\mainwindow.cpp:72)
[2025-05-31 20:38:24.375] [INFO] 数据库成功连接! (..\..\..\mainwindow.cpp:116)
[2025-05-31 20:40:10.373] [DEBUG] 20:40:10 373 init ffmpeg lib ok  version: 4.2.1 (..\..\..\ffmpeg\ffmpeg.cpp:54)
[2025-05-31 20:40:10.545] [DEBUG] Application started. (..\..\..\mainwindow.cpp:18)
[2025-05-31 20:40:10.792] [WARNING] QMetaObject::connectSlotsByName: No matching signal for on_pushButton_transfor_clicked() (kernel\qobject.cpp:3695)
[2025-05-31 20:40:10.800] [WARNING] QMetaObject::connectSlotsByName: No matching signal for on_pushButton_transforToMono_clicked() (kernel\qobject.cpp:3695)
[2025-05-31 20:40:10.857] [DEBUG] 1621 854 (..\..\..\mainwindow.cpp:72)
[2025-05-31 20:40:10.862] [INFO] 数据库成功连接! (..\..\..\mainwindow.cpp:116)
[2025-05-31 20:50:40.644] [DEBUG] 20:50:40 628 init ffmpeg lib ok  version: 4.2.1 (..\..\..\ffmpeg\ffmpeg.cpp:54)
[2025-05-31 20:50:40.820] [DEBUG] Application started. (..\..\..\mainwindow.cpp:18)
[2025-05-31 20:50:41.073] [WARNING] QMetaObject::connectSlotsByName: No matching signal for on_pushButton_transfor_clicked() (kernel\qobject.cpp:3695)
[2025-05-31 20:50:41.073] [WARNING] QMetaObject::connectSlotsByName: No matching signal for on_pushButton_transforToMono_clicked() (kernel\qobject.cpp:3695)
[2025-05-31 20:50:41.121] [DEBUG] 1621 854 (..\..\..\mainwindow.cpp:72)
[2025-05-31 20:50:41.137] [INFO] 数据库成功连接! (..\..\..\mainwindow.cpp:116)
[2025-05-31 21:45:13.038] [DEBUG] 21:45:13 038 init ffmpeg lib ok  version: 4.2.1 (..\..\..\ffmpeg\ffmpeg.cpp:54)
[2025-05-31 21:45:13.335] [DEBUG] Application started. (..\..\..\mainwindow.cpp:18)
[2025-05-31 21:45:13.887] [WARNING] QMetaObject::connectSlotsByName: No matching signal for on_pushButton_transfor_clicked() (kernel\qobject.cpp:3695)
[2025-05-31 21:45:13.890] [WARNING] QMetaObject::connectSlotsByName: No matching signal for on_pushButton_transforToMono_clicked() (kernel\qobject.cpp:3695)
[2025-05-31 21:45:13.944] [DEBUG] 1621 854 (..\..\..\mainwindow.cpp:72)
[2025-05-31 21:45:13.951] [INFO] 数据库成功连接! (..\..\..\mainwindow.cpp:116)
[2025-05-31 21:45:19.852] [DEBUG] RTSP URL is: "rtsp://192.168.2.67" (..\..\..\mainwindow.cpp:429)
[2025-05-31 21:45:20.825] [DEBUG] 21:45:20 825 "视频流信息 -> 索引: 0  解码: hevc  格式: rtsp  时长: -9223372036854 秒  分辨率: 640*480" (..\..\..\ffmpeg\ffmpeg.cpp:148)
[2025-05-31 21:45:27.814] [DEBUG] RTSP URL is: "rtsp://192.168.2.67" (..\..\..\mainwindow.cpp:429)
[2025-05-31 21:45:27.840] [DEBUG] 21:45:27 840 stop ffmpeg thread (..\..\..\ffmpeg\ffmpeg.cpp:286)
[2025-05-31 22:13:33.986] [DEBUG] 22:13:33 986 init ffmpeg lib ok  version: 4.2.1 (..\..\..\ffmpeg\ffmpeg.cpp:54)
[2025-05-31 22:13:34.171] [DEBUG] Application started. (..\..\..\mainwindow.cpp:18)
[2025-05-31 22:13:34.426] [WARNING] QMetaObject::connectSlotsByName: No matching signal for on_pushButton_transfor_clicked() (kernel\qobject.cpp:3695)
[2025-05-31 22:13:34.433] [WARNING] QMetaObject::connectSlotsByName: No matching signal for on_pushButton_transforToMono_clicked() (kernel\qobject.cpp:3695)
[2025-05-31 22:13:34.484] [DEBUG] 1621 854 (..\..\..\mainwindow.cpp:72)
[2025-05-31 22:13:34.493] [INFO] 数据库成功连接! (..\..\..\mainwindow.cpp:116)
[2025-05-31 22:14:09.079] [DEBUG] 22:14:09 079 init ffmpeg lib ok  version: 4.2.1 (..\..\..\ffmpeg\ffmpeg.cpp:54)
[2025-05-31 22:14:09.263] [DEBUG] Application started. (..\..\..\mainwindow.cpp:18)
[2025-05-31 22:14:09.511] [WARNING] QMetaObject::connectSlotsByName: No matching signal for on_pushButton_transfor_clicked() (kernel\qobject.cpp:3695)
[2025-05-31 22:14:09.517] [WARNING] QMetaObject::connectSlotsByName: No matching signal for on_pushButton_transforToMono_clicked() (kernel\qobject.cpp:3695)
[2025-05-31 22:14:09.574] [DEBUG] 1621 854 (..\..\..\mainwindow.cpp:72)
[2025-05-31 22:14:09.579] [INFO] 数据库成功连接! (..\..\..\mainwindow.cpp:116)
[2025-05-31 22:14:16.572] [DEBUG] RTSP URL is: "rtsp://192.168.2.65" (..\..\..\mainwindow.cpp:371)
[2025-05-31 22:14:18.956] [DEBUG] RTSP URL is: "rtsp://192.168.2.65" (..\..\..\mainwindow.cpp:371)
[2025-05-31 22:14:19.996] [DEBUG] 22:14:19 996 open input error "rtsp://192.168.2.65" (..\..\..\ffmpeg\ffmpeg.cpp:88)
[2025-05-31 22:14:19.996] [DEBUG] 22:14:19 996 stop ffmpeg thread (..\..\..\ffmpeg\ffmpeg.cpp:286)
[2025-05-31 22:30:03.266] [DEBUG] 22:30:03 266 init ffmpeg lib ok  version: 4.2.1 (..\..\..\ffmpeg\ffmpeg.cpp:54)
[2025-05-31 22:30:03.452] [DEBUG] Application started. (..\..\..\mainwindow.cpp:18)
[2025-05-31 22:30:03.701] [WARNING] QMetaObject::connectSlotsByName: No matching signal for on_pushButton_transfor_clicked() (kernel\qobject.cpp:3695)
[2025-05-31 22:30:03.702] [WARNING] QMetaObject::connectSlotsByName: No matching signal for on_pushButton_transforToMono_clicked() (kernel\qobject.cpp:3695)
[2025-05-31 22:30:03.762] [DEBUG] 1621 854 (..\..\..\mainwindow.cpp:72)
[2025-05-31 22:30:03.766] [INFO] 数据库成功连接! (..\..\..\mainwindow.cpp:116)
[2025-05-31 22:30:20.947] [DEBUG] RTSP URL is: "rtsp://192.168.2.107:8554/stream" (..\..\..\mainwindow.cpp:430)
[2025-05-31 22:30:21.906] [DEBUG] 22:30:21 906 "视频流信息 -> 索引: 0  解码: h264  格式: rtsp  时长: -9223372036854 秒  分辨率: 640*480" (..\..\..\ffmpeg\ffmpeg.cpp:148)
[2025-05-31 22:30:32.083] [DEBUG] RTSP URL is: "rtsp://192.168.2.107:8554/stream" (..\..\..\mainwindow.cpp:430)
[2025-05-31 22:30:32.094] [DEBUG] 22:30:32 094 stop ffmpeg thread (..\..\..\ffmpeg\ffmpeg.cpp:286)
[2025-05-31 22:31:22.619] [DEBUG] RTSP URL is: "rtsp://192.168.2.107:8554/stream" (..\..\..\mainwindow.cpp:430)
[2025-05-31 22:31:24.608] [DEBUG] 22:31:24 608 "视频流信息 -> 索引: 0  解码: h264  格式: rtsp  时长: -9223372036854 秒  分辨率: 640*480" (..\..\..\ffmpeg\ffmpeg.cpp:148)
[2025-05-31 22:31:42.747] [DEBUG] RTSP URL is: "rtsp://192.168.2.107:8554/stream" (..\..\..\mainwindow.cpp:430)
[2025-05-31 22:31:42.765] [DEBUG] 22:31:42 765 stop ffmpeg thread (..\..\..\ffmpeg\ffmpeg.cpp:286)
[2025-05-31 22:31:47.666] [DEBUG] RTSP URL is: "rtsp://192.168.2.107:8554/stream" (..\..\..\mainwindow.cpp:430)
[2025-05-31 22:31:48.640] [DEBUG] 22:31:48 640 "视频流信息 -> 索引: 0  解码: h264  格式: rtsp  时长: -9223372036854 秒  分辨率: 640*480" (..\..\..\ffmpeg\ffmpeg.cpp:148)
[2025-05-31 22:31:59.797] [DEBUG] RTSP URL is: "rtsp://192.168.2.107:8554/stream" (..\..\..\mainwindow.cpp:430)
[2025-05-31 22:31:59.812] [DEBUG] 22:31:59 812 stop ffmpeg thread (..\..\..\ffmpeg\ffmpeg.cpp:286)
[2025-05-31 22:33:26.650] [DEBUG] 22:33:26 648 init ffmpeg lib ok  version: 4.2.1 (..\..\..\ffmpeg\ffmpeg.cpp:54)
[2025-05-31 22:33:26.851] [DEBUG] Application started. (..\..\..\mainwindow.cpp:18)
[2025-05-31 22:33:27.098] [WARNING] QMetaObject::connectSlotsByName: No matching signal for on_pushButton_transfor_clicked() (kernel\qobject.cpp:3695)
[2025-05-31 22:33:27.110] [WARNING] QMetaObject::connectSlotsByName: No matching signal for on_pushButton_transforToMono_clicked() (kernel\qobject.cpp:3695)
[2025-05-31 22:33:27.153] [DEBUG] 1621 854 (..\..\..\mainwindow.cpp:72)
[2025-05-31 22:33:27.166] [INFO] 数据库成功连接! (..\..\..\mainwindow.cpp:116)
[2025-05-31 22:34:43.282] [DEBUG] RTSP URL is: "rtsp://192.168.2.107:7890/stream" (..\..\..\mainwindow.cpp:430)
[2025-05-31 22:34:46.718] [DEBUG] 22:34:46 718 open input error "rtsp://192.168.2.107:7890/stream" (..\..\..\ffmpeg\ffmpeg.cpp:88)
[2025-05-31 22:34:46.718] [DEBUG] 22:34:46 718 stop ffmpeg thread (..\..\..\ffmpeg\ffmpeg.cpp:286)
[2025-05-31 22:34:51.250] [DEBUG] RTSP URL is: "rtsp://192.168.2.107:7890/stream" (..\..\..\mainwindow.cpp:430)
[2025-05-31 22:34:56.738] [DEBUG] RTSP URL is: "rtsp://192.168.2.107:8554/stream" (..\..\..\mainwindow.cpp:430)
[2025-05-31 22:34:57.767] [DEBUG] 22:34:57 767 "视频流信息 -> 索引: 0  解码: h264  格式: rtsp  时长: -9223372036854 秒  分辨率: 640*480" (..\..\..\ffmpeg\ffmpeg.cpp:148)
[2025-05-31 22:36:05.844] [DEBUG] RTSP URL is: "rtsp://192.168.2.107:8554/stream" (..\..\..\mainwindow.cpp:430)
[2025-05-31 22:36:05.886] [DEBUG] 22:36:05 886 stop ffmpeg thread (..\..\..\ffmpeg\ffmpeg.cpp:286)
[2025-05-31 22:38:54.579] [DEBUG] RTSP URL is: "rtsp://192.168.2.107:8554/stream" (..\..\..\mainwindow.cpp:430)
[2025-05-31 22:38:57.970] [DEBUG] 22:38:57 970 open input error "rtsp://192.168.2.107:8554/stream" (..\..\..\ffmpeg\ffmpeg.cpp:88)
[2025-05-31 22:38:57.970] [DEBUG] 22:38:57 970 stop ffmpeg thread (..\..\..\ffmpeg\ffmpeg.cpp:286)
[2025-05-31 22:38:59.779] [DEBUG] RTSP URL is: "rtsp://192.168.2.107:8554/stream" (..\..\..\mainwindow.cpp:430)
[2025-05-31 22:39:15.656] [DEBUG] RTSP URL is: "rtsp://192.168.2.107:8554/stream" (..\..\..\mainwindow.cpp:430)
[2025-05-31 22:39:17.346] [DEBUG] RTSP URL is: "rtsp://192.168.2.107:8554/stream" (..\..\..\mainwindow.cpp:430)
[2025-05-31 22:39:19.063] [DEBUG] 22:39:19 063 open input error "rtsp://192.168.2.107:8554/stream" (..\..\..\ffmpeg\ffmpeg.cpp:88)
[2025-05-31 22:39:19.063] [DEBUG] 22:39:19 063 stop ffmpeg thread (..\..\..\ffmpeg\ffmpeg.cpp:286)
[2025-05-31 22:40:02.387] [DEBUG] RTSP URL is: "rtsp://192.168.2.107:8554/stream" (..\..\..\mainwindow.cpp:430)
[2025-05-31 22:40:05.490] [DEBUG] RTSP URL is: "rtsp://192.168.2.107:8554/stream" (..\..\..\mainwindow.cpp:430)
[2025-05-31 22:40:05.780] [DEBUG] 22:40:05 780 open input error "rtsp://192.168.2.107:8554/stream" (..\..\..\ffmpeg\ffmpeg.cpp:88)
[2025-05-31 22:40:05.780] [DEBUG] 22:40:05 780 stop ffmpeg thread (..\..\..\ffmpeg\ffmpeg.cpp:286)
[2025-05-31 22:40:07.579] [DEBUG] RTSP URL is: "rtsp://192.168.2.107:8554/stream" (..\..\..\mainwindow.cpp:430)
[2025-05-31 22:40:10.491] [DEBUG] RTSP URL is: "rtsp://192.168.2.107:8554/stream" (..\..\..\mainwindow.cpp:430)
[2025-05-31 22:40:10.969] [DEBUG] 22:40:10 969 open input error "rtsp://192.168.2.107:8554/stream" (..\..\..\ffmpeg\ffmpeg.cpp:88)
[2025-05-31 22:40:10.969] [DEBUG] 22:40:10 969 stop ffmpeg thread (..\..\..\ffmpeg\ffmpeg.cpp:286)
[2025-05-31 22:40:12.953] [DEBUG] RTSP URL is: "rtsp://192.168.2.107:8554/stream" (..\..\..\mainwindow.cpp:430)
[2025-05-31 22:40:13.750] [DEBUG] RTSP URL is: "rtsp://192.168.2.107:8554/stream" (..\..\..\mainwindow.cpp:430)
[2025-05-31 22:40:16.360] [DEBUG] 22:40:16 360 open input error "rtsp://192.168.2.107:8554/stream" (..\..\..\ffmpeg\ffmpeg.cpp:88)
[2025-05-31 22:40:16.360] [DEBUG] 22:40:16 360 stop ffmpeg thread (..\..\..\ffmpeg\ffmpeg.cpp:286)
[2025-05-31 22:40:40.453] [DEBUG] RTSP URL is: "rtsp://192.168.2.107:8554/stream" (..\..\..\mainwindow.cpp:430)
[2025-05-31 22:40:41.452] [DEBUG] 22:40:41 452 "视频流信息 -> 索引: 0  解码: h264  格式: rtsp  时长: -9223372036854 秒  分辨率: 640*480" (..\..\..\ffmpeg\ffmpeg.cpp:148)
[2025-05-31 22:40:59.641] [DEBUG] RTSP URL is: "rtsp://192.168.2.107:8554/stream" (..\..\..\mainwindow.cpp:430)
[2025-05-31 22:40:59.684] [DEBUG] 22:40:59 684 stop ffmpeg thread (..\..\..\ffmpeg\ffmpeg.cpp:286)
[2025-05-31 22:43:27.099] [DEBUG] RTSP URL is: "rtsp://192.168.2.107:8554/stream" (..\..\..\mainwindow.cpp:430)
[2025-05-31 22:43:28.094] [DEBUG] 22:43:28 094 "视频流信息 -> 索引: 0  解码: h264  格式: rtsp  时长: -9223372036854 秒  分辨率: 640*480" (..\..\..\ffmpeg\ffmpeg.cpp:148)
[2025-05-31 22:45:01.179] [DEBUG] RTSP URL is: "rtsp://192.168.2.107:8554/stream" (..\..\..\mainwindow.cpp:430)
[2025-05-31 22:45:01.188] [DEBUG] 22:45:01 188 stop ffmpeg thread (..\..\..\ffmpeg\ffmpeg.cpp:286)
[2025-05-31 22:52:45.258] [DEBUG] 22:52:45 256 init ffmpeg lib ok  version: 4.2.1 (..\..\..\ffmpeg\ffmpeg.cpp:54)
[2025-05-31 22:52:45.446] [DEBUG] Application started. (..\..\..\mainwindow.cpp:18)
[2025-05-31 22:52:45.707] [WARNING] QMetaObject::connectSlotsByName: No matching signal for on_pushButton_transfor_clicked() (kernel\qobject.cpp:3695)
[2025-05-31 22:52:45.707] [WARNING] QMetaObject::connectSlotsByName: No matching signal for on_pushButton_transforToMono_clicked() (kernel\qobject.cpp:3695)
[2025-05-31 22:52:45.766] [DEBUG] 1621 854 (..\..\..\mainwindow.cpp:74)
[2025-05-31 22:52:45.771] [INFO] 数据库成功连接! (..\..\..\mainwindow.cpp:118)
[2025-05-31 22:57:38.503] [DEBUG] 22:57:38 499 init ffmpeg lib ok  version: 4.2.1 (..\..\..\ffmpeg\ffmpeg.cpp:54)
[2025-05-31 22:57:38.673] [DEBUG] Application started. (..\..\..\mainwindow.cpp:18)
[2025-05-31 22:57:38.921] [WARNING] QMetaObject::connectSlotsByName: No matching signal for on_pushButton_transfor_clicked() (kernel\qobject.cpp:3695)
[2025-05-31 22:57:38.925] [WARNING] QMetaObject::connectSlotsByName: No matching signal for on_pushButton_transforToMono_clicked() (kernel\qobject.cpp:3695)
[2025-05-31 22:57:38.982] [DEBUG] 1621 854 (..\..\..\mainwindow.cpp:73)
[2025-05-31 22:57:38.988] [INFO] 数据库成功连接! (..\..\..\mainwindow.cpp:117)
[2025-05-31 22:57:43.688] [DEBUG] RTSP URL is: "rtsp://192.168.2.66" (..\..\..\mainwindow.cpp:433)
[2025-05-31 22:57:44.683] [DEBUG] 22:57:44 683 "视频流信息 -> 索引: 0  解码: hevc  格式: rtsp  时长: -9223372036854 秒  分辨率: 640*480" (..\..\..\ffmpeg\ffmpeg.cpp:148)
[2025-05-31 22:57:51.934] [DEBUG] RTSP URL is: "rtsp://192.168.2.66" (..\..\..\mainwindow.cpp:433)
[2025-05-31 22:57:51.964] [DEBUG] 22:57:51 964 stop ffmpeg thread (..\..\..\ffmpeg\ffmpeg.cpp:286)
[2025-05-31 22:57:52.878] [DEBUG] RTSP URL is: "rtsp://192.168.2.66" (..\..\..\mainwindow.cpp:433)
[2025-05-31 22:57:54.972] [DEBUG] RTSP URL is: "rtsp://192.168.2.66" (..\..\..\mainwindow.cpp:433)
[2025-05-31 22:57:56.340] [DEBUG] 22:57:56 340 open input error "rtsp://192.168.2.66" (..\..\..\ffmpeg\ffmpeg.cpp:88)
[2025-05-31 22:57:56.340] [DEBUG] 22:57:56 340 stop ffmpeg thread (..\..\..\ffmpeg\ffmpeg.cpp:286)
[2025-05-31 22:58:09.054] [DEBUG] RTSP URL is: "rtsp://192.168.2.65" (..\..\..\mainwindow.cpp:433)
[2025-05-31 22:58:12.511] [DEBUG] 22:58:12 511 open input error "rtsp://192.168.2.65" (..\..\..\ffmpeg\ffmpeg.cpp:88)
[2025-05-31 22:58:12.511] [DEBUG] 22:58:12 511 stop ffmpeg thread (..\..\..\ffmpeg\ffmpeg.cpp:286)
[2025-05-31 22:58:14.027] [DEBUG] RTSP URL is: "rtsp://192.168.2.65" (..\..\..\mainwindow.cpp:433)
[2025-05-31 22:58:15.646] [DEBUG] RTSP URL is: "rtsp://192.168.2.65" (..\..\..\mainwindow.cpp:433)
[2025-05-31 22:58:19.090] [DEBUG] 22:58:19 090 open input error "rtsp://192.168.2.65" (..\..\..\ffmpeg\ffmpeg.cpp:88)
[2025-05-31 22:58:19.090] [DEBUG] 22:58:19 090 stop ffmpeg thread (..\..\..\ffmpeg\ffmpeg.cpp:286)
[2025-05-31 22:58:58.453] [DEBUG] RTSP URL is: "rtsp://192.168.2.68" (..\..\..\mainwindow.cpp:433)
[2025-05-31 22:59:00.287] [DEBUG] RTSP URL is: "rtsp://192.168.2.68" (..\..\..\mainwindow.cpp:433)
[2025-05-31 22:59:03.705] [DEBUG] 22:59:03 705 open input error "rtsp://192.168.2.68" (..\..\..\ffmpeg\ffmpeg.cpp:88)
[2025-05-31 22:59:03.705] [DEBUG] 22:59:03 705 stop ffmpeg thread (..\..\..\ffmpeg\ffmpeg.cpp:286)
[2025-05-31 23:00:00.050] [DEBUG] RTSP URL is: "rtsp://192.168.2.67" (..\..\..\mainwindow.cpp:433)
[2025-05-31 23:00:00.475] [DEBUG] RTSP URL is: "rtsp://192.168.2.67" (..\..\..\mainwindow.cpp:433)
[2025-05-31 23:00:01.672] [DEBUG] 23:00:01 672 "视频流信息 -> 索引: 0  解码: hevc  格式: rtsp  时长: -9223372036854 秒  分辨率: 640*480" (..\..\..\ffmpeg\ffmpeg.cpp:148)
[2025-05-31 23:00:08.203] [DEBUG] RTSP URL is: "rtsp://192.168.2.67" (..\..\..\mainwindow.cpp:433)
[2025-05-31 23:00:09.693] [DEBUG] 23:00:09 693 stop ffmpeg thread (..\..\..\ffmpeg\ffmpeg.cpp:286)
[2025-05-31 23:03:20.464] [DEBUG] 23:03:20 464 init ffmpeg lib ok  version: 4.2.1 (..\..\..\ffmpeg\ffmpeg.cpp:54)
[2025-05-31 23:03:20.639] [DEBUG] Application started. (..\..\..\mainwindow.cpp:18)
[2025-05-31 23:03:20.913] [WARNING] QMetaObject::connectSlotsByName: No matching signal for on_pushButton_transfor_clicked() (kernel\qobject.cpp:3695)
[2025-05-31 23:03:20.913] [WARNING] QMetaObject::connectSlotsByName: No matching signal for on_pushButton_transforToMono_clicked() (kernel\qobject.cpp:3695)
[2025-05-31 23:03:20.956] [DEBUG] 1621 854 (..\..\..\mainwindow.cpp:73)
[2025-05-31 23:03:20.972] [INFO] 数据库成功连接! (..\..\..\mainwindow.cpp:117)
[2025-05-31 23:03:24.814] [DEBUG] RTSP URL is: "rtsp://192.168.2.68" (..\..\..\mainwindow.cpp:433)
[2025-05-31 23:03:25.756] [DEBUG] 23:03:25 756 "视频流信息 -> 索引: 0  解码: hevc  格式: rtsp  时长: -9223372036854 秒  分辨率: 640*480" (..\..\..\ffmpeg\ffmpeg.cpp:148)
[2025-05-31 23:03:28.010] [DEBUG] RTSP URL is: "rtsp://192.168.2.68" (..\..\..\mainwindow.cpp:433)
[2025-05-31 23:03:28.032] [DEBUG] 23:03:28 032 stop ffmpeg thread (..\..\..\ffmpeg\ffmpeg.cpp:286)
[2025-05-31 23:04:30.578] [DEBUG] RTSP URL is: "rtsp://192.168.2.65" (..\..\..\mainwindow.cpp:433)
[2025-05-31 23:04:31.580] [DEBUG] 23:04:31 580 "视频流信息 -> 索引: 0  解码: hevc  格式: rtsp  时长: -9223372036854 秒  分辨率: 640*480" (..\..\..\ffmpeg\ffmpeg.cpp:148)
[2025-05-31 23:04:38.228] [DEBUG] RTSP URL is: "rtsp://192.168.2.65" (..\..\..\mainwindow.cpp:433)
[2025-05-31 23:04:38.257] [DEBUG] 23:04:38 257 stop ffmpeg thread (..\..\..\ffmpeg\ffmpeg.cpp:286)
[2025-05-31 23:16:33.357] [DEBUG] 23:16:33 357 init ffmpeg lib ok  version: 4.2.1 (..\..\..\ffmpeg\ffmpeg.cpp:54)
[2025-05-31 23:16:33.747] [DEBUG] Application started. (..\..\..\mainwindow.cpp:18)
[2025-05-31 23:16:34.700] [WARNING] QMetaObject::connectSlotsByName: No matching signal for on_pushButton_transfor_clicked() (kernel\qobject.cpp:3695)
[2025-05-31 23:16:34.701] [WARNING] QMetaObject::connectSlotsByName: No matching signal for on_pushButton_transforToMono_clicked() (kernel\qobject.cpp:3695)
[2025-05-31 23:16:34.758] [DEBUG] 1621 854 (..\..\..\mainwindow.cpp:73)
[2025-05-31 23:16:34.766] [INFO] 数据库成功连接! (..\..\..\mainwindow.cpp:117)
[2025-05-31 23:16:41.704] [DEBUG] RTSP URL is: "rtsp://192.168.2.67" (..\..\..\mainwindow.cpp:433)
[2025-05-31 23:16:45.150] [DEBUG] 23:16:45 150 open input error "rtsp://192.168.2.67" (..\..\..\ffmpeg\ffmpeg.cpp:88)
[2025-05-31 23:16:45.150] [DEBUG] 23:16:45 150 stop ffmpeg thread (..\..\..\ffmpeg\ffmpeg.cpp:286)
[2025-05-31 23:16:47.110] [DEBUG] RTSP URL is: "rtsp://192.168.2.67" (..\..\..\mainwindow.cpp:433)
[2025-05-31 23:55:45.250] [DEBUG] 23:55:45 250 init ffmpeg lib ok  version: 4.2.1 (..\..\ffmpeg\ffmpeg.cpp:54)
[2025-05-31 23:55:45.419] [DEBUG] Application started. (..\..\mainwindow.cpp:18)
[2025-05-31 23:55:45.683] [WARNING] QMetaObject::connectSlotsByName: No matching signal for on_pushButton_transfor_clicked() (kernel\qobject.cpp:3695)
[2025-05-31 23:55:45.687] [WARNING] QMetaObject::connectSlotsByName: No matching signal for on_pushButton_transforToMono_clicked() (kernel\qobject.cpp:3695)
[2025-05-31 23:55:45.740] [DEBUG] 1621 854 (..\..\mainwindow.cpp:72)
[2025-05-31 23:55:46.717] [WARNING] 数据库连接失败！请检查数据库服务并重启系统！ (..\..\mainwindow.cpp:122)
[2025-05-31 23:56:05.548] [DEBUG] 23:56:05 548 init ffmpeg lib ok  version: 4.2.1 (..\..\ffmpeg\ffmpeg.cpp:54)
[2025-05-31 23:56:05.717] [DEBUG] Application started. (..\..\mainwindow.cpp:18)
[2025-05-31 23:56:05.981] [WARNING] QMetaObject::connectSlotsByName: No matching signal for on_pushButton_transfor_clicked() (kernel\qobject.cpp:3695)
[2025-05-31 23:56:05.982] [WARNING] QMetaObject::connectSlotsByName: No matching signal for on_pushButton_transforToMono_clicked() (kernel\qobject.cpp:3695)
[2025-05-31 23:56:06.038] [DEBUG] 1621 854 (..\..\mainwindow.cpp:72)
[2025-05-31 23:56:06.927] [WARNING] 数据库连接失败！请检查数据库服务并重启系统！ (..\..\mainwindow.cpp:122)
